[0.060s] DEBUG:colcon:Command line arguments: ['/usr/bin/colcon', 'build']
[0.060s] DEBUG:colcon:Parsed command line arguments: Namespace(log_base=None, log_level=None, verb_name='build', build_base='build', install_base='install', merge_install=False, symlink_install=False, test_result_base=None, continue_on_error=False, executor='parallel', parallel_workers=16, event_handlers=None, ignore_user_meta=False, metas=['./colcon.meta'], base_paths=['.'], packages_ignore=None, packages_ignore_regex=None, paths=None, packages_up_to=None, packages_up_to_regex=None, packages_above=None, packages_above_and_dependencies=None, packages_above_depth=None, packages_select_by_dep=None, packages_skip_by_dep=None, packages_skip_up_to=None, packages_select_build_failed=False, packages_skip_build_finished=False, packages_select_test_failures=False, packages_skip_test_passed=False, packages_select=None, packages_skip=None, packages_select_regex=None, packages_skip_regex=None, packages_start=None, packages_end=None, allow_overriding=[], cmake_args=None, cmake_target=None, cmake_target_skip_unavailable=False, cmake_clean_cache=False, cmake_clean_first=False, cmake_force_configure=False, ament_cmake_args=None, catkin_cmake_args=None, catkin_skip_building_tests=False, verb_parser=<colcon_defaults.argument_parser.defaults.DefaultArgumentsDecorator object at 0x7ab223c97970>, verb_extension=<colcon_core.verb.build.BuildVerb object at 0x7ab223e64d60>, main=<bound method BuildVerb.main of <colcon_core.verb.build.BuildVerb object at 0x7ab223e64d60>>)
[0.144s] Level 1:colcon.colcon_core.package_discovery:discover_packages(colcon_meta) check parameters
[0.145s] Level 1:colcon.colcon_core.package_discovery:discover_packages(recursive) check parameters
[0.145s] Level 1:colcon.colcon_core.package_discovery:discover_packages(ignore) check parameters
[0.145s] Level 1:colcon.colcon_core.package_discovery:discover_packages(path) check parameters
[0.145s] Level 1:colcon.colcon_core.package_discovery:discover_packages(colcon_meta) discover
[0.145s] Level 1:colcon.colcon_core.package_discovery:discover_packages(recursive) discover
[0.145s] INFO:colcon.colcon_core.package_discovery:Crawling recursively for packages in '/home/wufy/learn_ros2/learn_ros2/chap_topic'
[0.145s] Level 1:colcon.colcon_core.package_identification:_identify(.) by extensions ['ignore', 'ignore_ament_install']
[0.145s] Level 1:colcon.colcon_core.package_identification:_identify(.) by extension 'ignore'
[0.145s] Level 1:colcon.colcon_core.package_identification:_identify(.) by extension 'ignore_ament_install'
[0.145s] Level 1:colcon.colcon_core.package_identification:_identify(.) by extensions ['colcon_pkg']
[0.145s] Level 1:colcon.colcon_core.package_identification:_identify(.) by extension 'colcon_pkg'
[0.145s] Level 1:colcon.colcon_core.package_identification:_identify(.) by extensions ['colcon_meta']
[0.145s] Level 1:colcon.colcon_core.package_identification:_identify(.) by extension 'colcon_meta'
[0.145s] Level 1:colcon.colcon_core.package_identification:_identify(.) by extensions ['ros']
[0.145s] Level 1:colcon.colcon_core.package_identification:_identify(.) by extension 'ros'
[0.153s] Level 1:colcon.colcon_core.package_identification:_identify(.) by extensions ['cmake', 'python']
[0.153s] Level 1:colcon.colcon_core.package_identification:_identify(.) by extension 'cmake'
[0.153s] Level 1:colcon.colcon_core.package_identification:_identify(.) by extension 'python'
[0.153s] Level 1:colcon.colcon_core.package_identification:_identify(.) by extensions ['python_setup_py']
[0.153s] Level 1:colcon.colcon_core.package_identification:_identify(.) by extension 'python_setup_py'
[0.153s] Level 1:colcon.colcon_core.package_identification:_identify(build) by extensions ['ignore', 'ignore_ament_install']
[0.153s] Level 1:colcon.colcon_core.package_identification:_identify(build) by extension 'ignore'
[0.153s] Level 1:colcon.colcon_core.package_identification:_identify(build) ignored
[0.153s] Level 1:colcon.colcon_core.package_identification:_identify(install) by extensions ['ignore', 'ignore_ament_install']
[0.153s] Level 1:colcon.colcon_core.package_identification:_identify(install) by extension 'ignore'
[0.153s] Level 1:colcon.colcon_core.package_identification:_identify(install) ignored
[0.153s] Level 1:colcon.colcon_core.package_identification:_identify(log) by extensions ['ignore', 'ignore_ament_install']
[0.153s] Level 1:colcon.colcon_core.package_identification:_identify(log) by extension 'ignore'
[0.153s] Level 1:colcon.colcon_core.package_identification:_identify(log) ignored
[0.153s] Level 1:colcon.colcon_core.package_identification:_identify(src) by extensions ['ignore', 'ignore_ament_install']
[0.153s] Level 1:colcon.colcon_core.package_identification:_identify(src) by extension 'ignore'
[0.153s] Level 1:colcon.colcon_core.package_identification:_identify(src) by extension 'ignore_ament_install'
[0.153s] Level 1:colcon.colcon_core.package_identification:_identify(src) by extensions ['colcon_pkg']
[0.153s] Level 1:colcon.colcon_core.package_identification:_identify(src) by extension 'colcon_pkg'
[0.153s] Level 1:colcon.colcon_core.package_identification:_identify(src) by extensions ['colcon_meta']
[0.153s] Level 1:colcon.colcon_core.package_identification:_identify(src) by extension 'colcon_meta'
[0.153s] Level 1:colcon.colcon_core.package_identification:_identify(src) by extensions ['ros']
[0.153s] Level 1:colcon.colcon_core.package_identification:_identify(src) by extension 'ros'
[0.153s] Level 1:colcon.colcon_core.package_identification:_identify(src) by extensions ['cmake', 'python']
[0.153s] Level 1:colcon.colcon_core.package_identification:_identify(src) by extension 'cmake'
[0.153s] Level 1:colcon.colcon_core.package_identification:_identify(src) by extension 'python'
[0.153s] Level 1:colcon.colcon_core.package_identification:_identify(src) by extensions ['python_setup_py']
[0.153s] Level 1:colcon.colcon_core.package_identification:_identify(src) by extension 'python_setup_py'
[0.153s] Level 1:colcon.colcon_core.package_identification:_identify(src/demo_cpp_topic) by extensions ['ignore', 'ignore_ament_install']
[0.154s] Level 1:colcon.colcon_core.package_identification:_identify(src/demo_cpp_topic) by extension 'ignore'
[0.154s] Level 1:colcon.colcon_core.package_identification:_identify(src/demo_cpp_topic) by extension 'ignore_ament_install'
[0.154s] Level 1:colcon.colcon_core.package_identification:_identify(src/demo_cpp_topic) by extensions ['colcon_pkg']
[0.154s] Level 1:colcon.colcon_core.package_identification:_identify(src/demo_cpp_topic) by extension 'colcon_pkg'
[0.154s] Level 1:colcon.colcon_core.package_identification:_identify(src/demo_cpp_topic) by extensions ['colcon_meta']
[0.154s] Level 1:colcon.colcon_core.package_identification:_identify(src/demo_cpp_topic) by extension 'colcon_meta'
[0.154s] Level 1:colcon.colcon_core.package_identification:_identify(src/demo_cpp_topic) by extensions ['ros']
[0.154s] Level 1:colcon.colcon_core.package_identification:_identify(src/demo_cpp_topic) by extension 'ros'
[0.155s] DEBUG:colcon.colcon_core.package_identification:Package 'src/demo_cpp_topic' with type 'ros.ament_cmake' and name 'demo_cpp_topic'
[0.155s] Level 1:colcon.colcon_core.package_identification:_identify(src/demo_python_topic) by extensions ['ignore', 'ignore_ament_install']
[0.155s] Level 1:colcon.colcon_core.package_identification:_identify(src/demo_python_topic) by extension 'ignore'
[0.155s] Level 1:colcon.colcon_core.package_identification:_identify(src/demo_python_topic) by extension 'ignore_ament_install'
[0.155s] Level 1:colcon.colcon_core.package_identification:_identify(src/demo_python_topic) by extensions ['colcon_pkg']
[0.155s] Level 1:colcon.colcon_core.package_identification:_identify(src/demo_python_topic) by extension 'colcon_pkg'
[0.155s] Level 1:colcon.colcon_core.package_identification:_identify(src/demo_python_topic) by extensions ['colcon_meta']
[0.155s] Level 1:colcon.colcon_core.package_identification:_identify(src/demo_python_topic) by extension 'colcon_meta'
[0.155s] Level 1:colcon.colcon_core.package_identification:_identify(src/demo_python_topic) by extensions ['ros']
[0.155s] Level 1:colcon.colcon_core.package_identification:_identify(src/demo_python_topic) by extension 'ros'
[0.156s] DEBUG:colcon.colcon_core.package_identification:Package 'src/demo_python_topic' with type 'ros.ament_python' and name 'demo_python_topic'
[0.156s] Level 1:colcon.colcon_core.package_identification:_identify(src/status_display) by extensions ['ignore', 'ignore_ament_install']
[0.156s] Level 1:colcon.colcon_core.package_identification:_identify(src/status_display) by extension 'ignore'
[0.156s] Level 1:colcon.colcon_core.package_identification:_identify(src/status_display) by extension 'ignore_ament_install'
[0.156s] Level 1:colcon.colcon_core.package_identification:_identify(src/status_display) by extensions ['colcon_pkg']
[0.156s] Level 1:colcon.colcon_core.package_identification:_identify(src/status_display) by extension 'colcon_pkg'
[0.156s] Level 1:colcon.colcon_core.package_identification:_identify(src/status_display) by extensions ['colcon_meta']
[0.156s] Level 1:colcon.colcon_core.package_identification:_identify(src/status_display) by extension 'colcon_meta'
[0.156s] Level 1:colcon.colcon_core.package_identification:_identify(src/status_display) by extensions ['ros']
[0.156s] Level 1:colcon.colcon_core.package_identification:_identify(src/status_display) by extension 'ros'
[0.157s] DEBUG:colcon.colcon_core.package_identification:Package 'src/status_display' with type 'ros.ament_cmake' and name 'status_display'
[0.157s] Level 1:colcon.colcon_core.package_identification:_identify(src/status_interfaces) by extensions ['ignore', 'ignore_ament_install']
[0.157s] Level 1:colcon.colcon_core.package_identification:_identify(src/status_interfaces) by extension 'ignore'
[0.157s] Level 1:colcon.colcon_core.package_identification:_identify(src/status_interfaces) by extension 'ignore_ament_install'
[0.157s] Level 1:colcon.colcon_core.package_identification:_identify(src/status_interfaces) by extensions ['colcon_pkg']
[0.157s] Level 1:colcon.colcon_core.package_identification:_identify(src/status_interfaces) by extension 'colcon_pkg'
[0.157s] Level 1:colcon.colcon_core.package_identification:_identify(src/status_interfaces) by extensions ['colcon_meta']
[0.157s] Level 1:colcon.colcon_core.package_identification:_identify(src/status_interfaces) by extension 'colcon_meta'
[0.157s] Level 1:colcon.colcon_core.package_identification:_identify(src/status_interfaces) by extensions ['ros']
[0.157s] Level 1:colcon.colcon_core.package_identification:_identify(src/status_interfaces) by extension 'ros'
[0.158s] DEBUG:colcon.colcon_core.package_identification:Package 'src/status_interfaces' with type 'ros.ament_cmake' and name 'status_interfaces'
[0.158s] Level 1:colcon.colcon_core.package_identification:_identify(src/status_pulisher) by extensions ['ignore', 'ignore_ament_install']
[0.158s] Level 1:colcon.colcon_core.package_identification:_identify(src/status_pulisher) by extension 'ignore'
[0.158s] Level 1:colcon.colcon_core.package_identification:_identify(src/status_pulisher) by extension 'ignore_ament_install'
[0.158s] Level 1:colcon.colcon_core.package_identification:_identify(src/status_pulisher) by extensions ['colcon_pkg']
[0.158s] Level 1:colcon.colcon_core.package_identification:_identify(src/status_pulisher) by extension 'colcon_pkg'
[0.158s] Level 1:colcon.colcon_core.package_identification:_identify(src/status_pulisher) by extensions ['colcon_meta']
[0.158s] Level 1:colcon.colcon_core.package_identification:_identify(src/status_pulisher) by extension 'colcon_meta'
[0.158s] Level 1:colcon.colcon_core.package_identification:_identify(src/status_pulisher) by extensions ['ros']
[0.158s] Level 1:colcon.colcon_core.package_identification:_identify(src/status_pulisher) by extension 'ros'
[0.158s] DEBUG:colcon.colcon_core.package_identification:Package 'src/status_pulisher' with type 'ros.ament_python' and name 'status_pulisher'
[0.158s] Level 1:colcon.colcon_core.package_discovery:discover_packages(recursive) using defaults
[0.158s] Level 1:colcon.colcon_core.package_discovery:discover_packages(ignore) discover
[0.158s] Level 1:colcon.colcon_core.package_discovery:discover_packages(ignore) using defaults
[0.158s] Level 1:colcon.colcon_core.package_discovery:discover_packages(path) discover
[0.158s] Level 1:colcon.colcon_core.package_discovery:discover_packages(path) using defaults
[0.170s] Level 1:colcon.colcon_core.package_discovery:discover_packages(prefix_path) check parameters
[0.170s] Level 1:colcon.colcon_core.package_discovery:discover_packages(prefix_path) discover
[0.171s] DEBUG:colcon.colcon_installed_package_information.package_discovery:Found 5 installed packages in /home/wufy/learn_ros2/learn_ros2/chap_topic/install
[0.172s] DEBUG:colcon.colcon_installed_package_information.package_discovery:Found 271 installed packages in /opt/ros/humble
[0.174s] Level 1:colcon.colcon_core.package_discovery:discover_packages(prefix_path) using defaults
[0.199s] Level 5:colcon.colcon_core.verb:set package 'demo_cpp_topic' build argument 'cmake_args' from command line to 'None'
[0.200s] Level 5:colcon.colcon_core.verb:set package 'demo_cpp_topic' build argument 'cmake_target' from command line to 'None'
[0.200s] Level 5:colcon.colcon_core.verb:set package 'demo_cpp_topic' build argument 'cmake_target_skip_unavailable' from command line to 'False'
[0.200s] Level 5:colcon.colcon_core.verb:set package 'demo_cpp_topic' build argument 'cmake_clean_cache' from command line to 'False'
[0.200s] Level 5:colcon.colcon_core.verb:set package 'demo_cpp_topic' build argument 'cmake_clean_first' from command line to 'False'
[0.200s] Level 5:colcon.colcon_core.verb:set package 'demo_cpp_topic' build argument 'cmake_force_configure' from command line to 'False'
[0.200s] Level 5:colcon.colcon_core.verb:set package 'demo_cpp_topic' build argument 'ament_cmake_args' from command line to 'None'
[0.200s] Level 5:colcon.colcon_core.verb:set package 'demo_cpp_topic' build argument 'catkin_cmake_args' from command line to 'None'
[0.200s] Level 5:colcon.colcon_core.verb:set package 'demo_cpp_topic' build argument 'catkin_skip_building_tests' from command line to 'False'
[0.200s] DEBUG:colcon.colcon_core.verb:Building package 'demo_cpp_topic' with the following arguments: {'ament_cmake_args': None, 'build_base': '/home/wufy/learn_ros2/learn_ros2/chap_topic/build/demo_cpp_topic', 'catkin_cmake_args': None, 'catkin_skip_building_tests': False, 'cmake_args': None, 'cmake_clean_cache': False, 'cmake_clean_first': False, 'cmake_force_configure': False, 'cmake_target': None, 'cmake_target_skip_unavailable': False, 'install_base': '/home/wufy/learn_ros2/learn_ros2/chap_topic/install/demo_cpp_topic', 'merge_install': False, 'path': '/home/wufy/learn_ros2/learn_ros2/chap_topic/src/demo_cpp_topic', 'symlink_install': False, 'test_result_base': None}
[0.200s] Level 5:colcon.colcon_core.verb:set package 'demo_python_topic' build argument 'cmake_args' from command line to 'None'
[0.200s] Level 5:colcon.colcon_core.verb:set package 'demo_python_topic' build argument 'cmake_target' from command line to 'None'
[0.200s] Level 5:colcon.colcon_core.verb:set package 'demo_python_topic' build argument 'cmake_target_skip_unavailable' from command line to 'False'
[0.200s] Level 5:colcon.colcon_core.verb:set package 'demo_python_topic' build argument 'cmake_clean_cache' from command line to 'False'
[0.200s] Level 5:colcon.colcon_core.verb:set package 'demo_python_topic' build argument 'cmake_clean_first' from command line to 'False'
[0.200s] Level 5:colcon.colcon_core.verb:set package 'demo_python_topic' build argument 'cmake_force_configure' from command line to 'False'
[0.200s] Level 5:colcon.colcon_core.verb:set package 'demo_python_topic' build argument 'ament_cmake_args' from command line to 'None'
[0.200s] Level 5:colcon.colcon_core.verb:set package 'demo_python_topic' build argument 'catkin_cmake_args' from command line to 'None'
[0.200s] Level 5:colcon.colcon_core.verb:set package 'demo_python_topic' build argument 'catkin_skip_building_tests' from command line to 'False'
[0.200s] DEBUG:colcon.colcon_core.verb:Building package 'demo_python_topic' with the following arguments: {'ament_cmake_args': None, 'build_base': '/home/wufy/learn_ros2/learn_ros2/chap_topic/build/demo_python_topic', 'catkin_cmake_args': None, 'catkin_skip_building_tests': False, 'cmake_args': None, 'cmake_clean_cache': False, 'cmake_clean_first': False, 'cmake_force_configure': False, 'cmake_target': None, 'cmake_target_skip_unavailable': False, 'install_base': '/home/wufy/learn_ros2/learn_ros2/chap_topic/install/demo_python_topic', 'merge_install': False, 'path': '/home/wufy/learn_ros2/learn_ros2/chap_topic/src/demo_python_topic', 'symlink_install': False, 'test_result_base': None}
[0.200s] Level 5:colcon.colcon_core.verb:set package 'status_interfaces' build argument 'cmake_args' from command line to 'None'
[0.200s] Level 5:colcon.colcon_core.verb:set package 'status_interfaces' build argument 'cmake_target' from command line to 'None'
[0.200s] Level 5:colcon.colcon_core.verb:set package 'status_interfaces' build argument 'cmake_target_skip_unavailable' from command line to 'False'
[0.200s] Level 5:colcon.colcon_core.verb:set package 'status_interfaces' build argument 'cmake_clean_cache' from command line to 'False'
[0.200s] Level 5:colcon.colcon_core.verb:set package 'status_interfaces' build argument 'cmake_clean_first' from command line to 'False'
[0.200s] Level 5:colcon.colcon_core.verb:set package 'status_interfaces' build argument 'cmake_force_configure' from command line to 'False'
[0.200s] Level 5:colcon.colcon_core.verb:set package 'status_interfaces' build argument 'ament_cmake_args' from command line to 'None'
[0.200s] Level 5:colcon.colcon_core.verb:set package 'status_interfaces' build argument 'catkin_cmake_args' from command line to 'None'
[0.200s] Level 5:colcon.colcon_core.verb:set package 'status_interfaces' build argument 'catkin_skip_building_tests' from command line to 'False'
[0.200s] DEBUG:colcon.colcon_core.verb:Building package 'status_interfaces' with the following arguments: {'ament_cmake_args': None, 'build_base': '/home/wufy/learn_ros2/learn_ros2/chap_topic/build/status_interfaces', 'catkin_cmake_args': None, 'catkin_skip_building_tests': False, 'cmake_args': None, 'cmake_clean_cache': False, 'cmake_clean_first': False, 'cmake_force_configure': False, 'cmake_target': None, 'cmake_target_skip_unavailable': False, 'install_base': '/home/wufy/learn_ros2/learn_ros2/chap_topic/install/status_interfaces', 'merge_install': False, 'path': '/home/wufy/learn_ros2/learn_ros2/chap_topic/src/status_interfaces', 'symlink_install': False, 'test_result_base': None}
[0.200s] Level 5:colcon.colcon_core.verb:set package 'status_pulisher' build argument 'cmake_args' from command line to 'None'
[0.200s] Level 5:colcon.colcon_core.verb:set package 'status_pulisher' build argument 'cmake_target' from command line to 'None'
[0.200s] Level 5:colcon.colcon_core.verb:set package 'status_pulisher' build argument 'cmake_target_skip_unavailable' from command line to 'False'
[0.200s] Level 5:colcon.colcon_core.verb:set package 'status_pulisher' build argument 'cmake_clean_cache' from command line to 'False'
[0.200s] Level 5:colcon.colcon_core.verb:set package 'status_pulisher' build argument 'cmake_clean_first' from command line to 'False'
[0.200s] Level 5:colcon.colcon_core.verb:set package 'status_pulisher' build argument 'cmake_force_configure' from command line to 'False'
[0.200s] Level 5:colcon.colcon_core.verb:set package 'status_pulisher' build argument 'ament_cmake_args' from command line to 'None'
[0.200s] Level 5:colcon.colcon_core.verb:set package 'status_pulisher' build argument 'catkin_cmake_args' from command line to 'None'
[0.200s] Level 5:colcon.colcon_core.verb:set package 'status_pulisher' build argument 'catkin_skip_building_tests' from command line to 'False'
[0.200s] DEBUG:colcon.colcon_core.verb:Building package 'status_pulisher' with the following arguments: {'ament_cmake_args': None, 'build_base': '/home/wufy/learn_ros2/learn_ros2/chap_topic/build/status_pulisher', 'catkin_cmake_args': None, 'catkin_skip_building_tests': False, 'cmake_args': None, 'cmake_clean_cache': False, 'cmake_clean_first': False, 'cmake_force_configure': False, 'cmake_target': None, 'cmake_target_skip_unavailable': False, 'install_base': '/home/wufy/learn_ros2/learn_ros2/chap_topic/install/status_pulisher', 'merge_install': False, 'path': '/home/wufy/learn_ros2/learn_ros2/chap_topic/src/status_pulisher', 'symlink_install': False, 'test_result_base': None}
[0.201s] Level 5:colcon.colcon_core.verb:set package 'status_display' build argument 'cmake_args' from command line to 'None'
[0.201s] Level 5:colcon.colcon_core.verb:set package 'status_display' build argument 'cmake_target' from command line to 'None'
[0.201s] Level 5:colcon.colcon_core.verb:set package 'status_display' build argument 'cmake_target_skip_unavailable' from command line to 'False'
[0.201s] Level 5:colcon.colcon_core.verb:set package 'status_display' build argument 'cmake_clean_cache' from command line to 'False'
[0.201s] Level 5:colcon.colcon_core.verb:set package 'status_display' build argument 'cmake_clean_first' from command line to 'False'
[0.201s] Level 5:colcon.colcon_core.verb:set package 'status_display' build argument 'cmake_force_configure' from command line to 'False'
[0.201s] Level 5:colcon.colcon_core.verb:set package 'status_display' build argument 'ament_cmake_args' from command line to 'None'
[0.201s] Level 5:colcon.colcon_core.verb:set package 'status_display' build argument 'catkin_cmake_args' from command line to 'None'
[0.201s] Level 5:colcon.colcon_core.verb:set package 'status_display' build argument 'catkin_skip_building_tests' from command line to 'False'
[0.201s] DEBUG:colcon.colcon_core.verb:Building package 'status_display' with the following arguments: {'ament_cmake_args': None, 'build_base': '/home/wufy/learn_ros2/learn_ros2/chap_topic/build/status_display', 'catkin_cmake_args': None, 'catkin_skip_building_tests': False, 'cmake_args': None, 'cmake_clean_cache': False, 'cmake_clean_first': False, 'cmake_force_configure': False, 'cmake_target': None, 'cmake_target_skip_unavailable': False, 'install_base': '/home/wufy/learn_ros2/learn_ros2/chap_topic/install/status_display', 'merge_install': False, 'path': '/home/wufy/learn_ros2/learn_ros2/chap_topic/src/status_display', 'symlink_install': False, 'test_result_base': None}
[0.201s] INFO:colcon.colcon_core.executor:Executing jobs using 'parallel' executor
[0.202s] DEBUG:colcon.colcon_parallel_executor.executor.parallel:run_until_complete
[0.202s] INFO:colcon.colcon_ros.task.ament_cmake.build:Building ROS package in '/home/wufy/learn_ros2/learn_ros2/chap_topic/src/status_interfaces' with build type 'ament_cmake'
[0.202s] INFO:colcon.colcon_cmake.task.cmake.build:Building CMake package in '/home/wufy/learn_ros2/learn_ros2/chap_topic/src/status_interfaces'
[0.203s] INFO:colcon.colcon_core.plugin_system:Skipping extension 'colcon_core.shell.bat': Not used on non-Windows systems
[0.203s] INFO:colcon.colcon_core.shell:Skip shell extension 'powershell' for command environment: Not usable outside of PowerShell
[0.203s] DEBUG:colcon.colcon_core.shell:Skip shell extension 'dsv' for command environment
[0.206s] INFO:colcon.colcon_ros.task.ament_cmake.build:Building ROS package in '/home/wufy/learn_ros2/learn_ros2/chap_topic/src/demo_cpp_topic' with build type 'ament_cmake'
[0.206s] INFO:colcon.colcon_cmake.task.cmake.build:Building CMake package in '/home/wufy/learn_ros2/learn_ros2/chap_topic/src/demo_cpp_topic'
[0.206s] INFO:colcon.colcon_core.shell:Skip shell extension 'powershell' for command environment: Not usable outside of PowerShell
[0.206s] DEBUG:colcon.colcon_core.shell:Skip shell extension 'dsv' for command environment
[0.208s] INFO:colcon.colcon_ros.task.ament_python.build:Building ROS package in '/home/wufy/learn_ros2/learn_ros2/chap_topic/src/demo_python_topic' with build type 'ament_python'
[0.208s] Level 1:colcon.colcon_core.shell:create_environment_hook('demo_python_topic', 'ament_prefix_path')
[0.208s] INFO:colcon.colcon_core.shell:Creating environment hook '/home/wufy/learn_ros2/learn_ros2/chap_topic/install/demo_python_topic/share/demo_python_topic/hook/ament_prefix_path.ps1'
[0.208s] INFO:colcon.colcon_core.shell:Creating environment descriptor '/home/wufy/learn_ros2/learn_ros2/chap_topic/install/demo_python_topic/share/demo_python_topic/hook/ament_prefix_path.dsv'
[0.209s] INFO:colcon.colcon_core.shell:Creating environment hook '/home/wufy/learn_ros2/learn_ros2/chap_topic/install/demo_python_topic/share/demo_python_topic/hook/ament_prefix_path.sh'
[0.209s] INFO:colcon.colcon_core.shell:Skip shell extension 'powershell' for command environment: Not usable outside of PowerShell
[0.209s] DEBUG:colcon.colcon_core.shell:Skip shell extension 'dsv' for command environment
[0.212s] INFO:colcon.colcon_ros.task.ament_python.build:Building ROS package in '/home/wufy/learn_ros2/learn_ros2/chap_topic/src/status_pulisher' with build type 'ament_python'
[0.212s] Level 1:colcon.colcon_core.shell:create_environment_hook('status_pulisher', 'ament_prefix_path')
[0.212s] INFO:colcon.colcon_core.shell:Creating environment hook '/home/wufy/learn_ros2/learn_ros2/chap_topic/install/status_pulisher/share/status_pulisher/hook/ament_prefix_path.ps1'
[0.212s] INFO:colcon.colcon_core.shell:Creating environment descriptor '/home/wufy/learn_ros2/learn_ros2/chap_topic/install/status_pulisher/share/status_pulisher/hook/ament_prefix_path.dsv'
[0.212s] INFO:colcon.colcon_core.shell:Creating environment hook '/home/wufy/learn_ros2/learn_ros2/chap_topic/install/status_pulisher/share/status_pulisher/hook/ament_prefix_path.sh'
[0.213s] INFO:colcon.colcon_core.shell:Skip shell extension 'powershell' for command environment: Not usable outside of PowerShell
[0.213s] DEBUG:colcon.colcon_core.shell:Skip shell extension 'dsv' for command environment
[0.218s] DEBUG:colcon.colcon_core.event_handler.log_command:Invoking command in '/home/wufy/learn_ros2/learn_ros2/chap_topic/build/status_interfaces': CMAKE_PREFIX_PATH=${CMAKE_PREFIX_PATH}:/home/wufy/learn_ros2/learn_ros2/chap_topic/install/status_pulisher:/home/wufy/learn_ros2/learn_ros2/chap_topic/install/demo_python_topic:/opt/ros/humble /usr/bin/cmake --build /home/wufy/learn_ros2/learn_ros2/chap_topic/build/status_interfaces -- -j16 -l16
[0.220s] DEBUG:colcon.colcon_core.event_handler.log_command:Invoking command in '/home/wufy/learn_ros2/learn_ros2/chap_topic/build/demo_cpp_topic': CMAKE_PREFIX_PATH=${CMAKE_PREFIX_PATH}:/home/wufy/learn_ros2/learn_ros2/chap_topic/install/status_pulisher:/home/wufy/learn_ros2/learn_ros2/chap_topic/install/demo_python_topic:/opt/ros/humble /usr/bin/cmake --build /home/wufy/learn_ros2/learn_ros2/chap_topic/build/demo_cpp_topic -- -j16 -l16
[0.376s] INFO:colcon.colcon_core.task.python.build:Building Python package in '/home/wufy/learn_ros2/learn_ros2/chap_topic/src/demo_python_topic'
[0.377s] INFO:colcon.colcon_core.shell:Skip shell extension 'powershell' for command environment: Not usable outside of PowerShell
[0.377s] DEBUG:colcon.colcon_core.shell:Skip shell extension 'dsv' for command environment
[0.511s] INFO:colcon.colcon_core.task.python.build:Building Python package in '/home/wufy/learn_ros2/learn_ros2/chap_topic/src/status_pulisher'
[0.512s] INFO:colcon.colcon_core.shell:Skip shell extension 'powershell' for command environment: Not usable outside of PowerShell
[0.512s] DEBUG:colcon.colcon_core.shell:Skip shell extension 'dsv' for command environment
[0.515s] DEBUG:colcon.colcon_core.event_handler.log_command:Invoked command in '/home/wufy/learn_ros2/learn_ros2/chap_topic/build/demo_cpp_topic' returned '0': CMAKE_PREFIX_PATH=${CMAKE_PREFIX_PATH}:/home/wufy/learn_ros2/learn_ros2/chap_topic/install/status_pulisher:/home/wufy/learn_ros2/learn_ros2/chap_topic/install/demo_python_topic:/opt/ros/humble /usr/bin/cmake --build /home/wufy/learn_ros2/learn_ros2/chap_topic/build/demo_cpp_topic -- -j16 -l16
[0.523s] DEBUG:colcon.colcon_core.event_handler.log_command:Invoking command in '/home/wufy/learn_ros2/learn_ros2/chap_topic/build/demo_cpp_topic': CMAKE_PREFIX_PATH=${CMAKE_PREFIX_PATH}:/home/wufy/learn_ros2/learn_ros2/chap_topic/install/status_pulisher:/home/wufy/learn_ros2/learn_ros2/chap_topic/install/demo_python_topic:/opt/ros/humble /usr/bin/cmake --install /home/wufy/learn_ros2/learn_ros2/chap_topic/build/demo_cpp_topic
[0.527s] DEBUG:colcon.colcon_core.event_handler.log_command:Invoked command in '/home/wufy/learn_ros2/learn_ros2/chap_topic/build/status_interfaces' returned '0': CMAKE_PREFIX_PATH=${CMAKE_PREFIX_PATH}:/home/wufy/learn_ros2/learn_ros2/chap_topic/install/status_pulisher:/home/wufy/learn_ros2/learn_ros2/chap_topic/install/demo_python_topic:/opt/ros/humble /usr/bin/cmake --build /home/wufy/learn_ros2/learn_ros2/chap_topic/build/status_interfaces -- -j16 -l16
[0.528s] DEBUG:colcon.colcon_core.event_handler.log_command:Invoking command in '/home/wufy/learn_ros2/learn_ros2/chap_topic/build/status_interfaces': CMAKE_PREFIX_PATH=${CMAKE_PREFIX_PATH}:/home/wufy/learn_ros2/learn_ros2/chap_topic/install/status_pulisher:/home/wufy/learn_ros2/learn_ros2/chap_topic/install/demo_python_topic:/opt/ros/humble /usr/bin/cmake --install /home/wufy/learn_ros2/learn_ros2/chap_topic/build/status_interfaces
[0.531s] Level 1:colcon.colcon_core.environment:create_environment_scripts_only(demo_cpp_topic)
[0.531s] DEBUG:colcon.colcon_core.event_handler.log_command:Invoked command in '/home/wufy/learn_ros2/learn_ros2/chap_topic/build/demo_cpp_topic' returned '0': CMAKE_PREFIX_PATH=${CMAKE_PREFIX_PATH}:/home/wufy/learn_ros2/learn_ros2/chap_topic/install/status_pulisher:/home/wufy/learn_ros2/learn_ros2/chap_topic/install/demo_python_topic:/opt/ros/humble /usr/bin/cmake --install /home/wufy/learn_ros2/learn_ros2/chap_topic/build/demo_cpp_topic
[0.532s] Level 1:colcon.colcon_core.environment:checking '/home/wufy/learn_ros2/learn_ros2/chap_topic/install/demo_cpp_topic' for CMake module files
[0.533s] Level 1:colcon.colcon_core.environment:checking '/home/wufy/learn_ros2/learn_ros2/chap_topic/install/demo_cpp_topic' for CMake config files
[0.533s] Level 1:colcon.colcon_core.shell:create_environment_hook('demo_cpp_topic', 'cmake_prefix_path')
[0.533s] INFO:colcon.colcon_core.shell:Creating environment hook '/home/wufy/learn_ros2/learn_ros2/chap_topic/install/demo_cpp_topic/share/demo_cpp_topic/hook/cmake_prefix_path.ps1'
[0.533s] INFO:colcon.colcon_core.shell:Creating environment descriptor '/home/wufy/learn_ros2/learn_ros2/chap_topic/install/demo_cpp_topic/share/demo_cpp_topic/hook/cmake_prefix_path.dsv'
[0.534s] INFO:colcon.colcon_core.shell:Creating environment hook '/home/wufy/learn_ros2/learn_ros2/chap_topic/install/demo_cpp_topic/share/demo_cpp_topic/hook/cmake_prefix_path.sh'
[0.534s] Level 1:colcon.colcon_core.environment:checking '/home/wufy/learn_ros2/learn_ros2/chap_topic/install/demo_cpp_topic/lib'
[0.535s] Level 1:colcon.colcon_core.environment:checking '/home/wufy/learn_ros2/learn_ros2/chap_topic/install/demo_cpp_topic/bin'
[0.535s] Level 1:colcon.colcon_core.environment:checking '/home/wufy/learn_ros2/learn_ros2/chap_topic/install/demo_cpp_topic/lib/pkgconfig/demo_cpp_topic.pc'
[0.535s] Level 1:colcon.colcon_core.environment:checking '/home/wufy/learn_ros2/learn_ros2/chap_topic/install/demo_cpp_topic/lib/python3.10/site-packages'
[0.535s] Level 1:colcon.colcon_core.environment:checking '/home/wufy/learn_ros2/learn_ros2/chap_topic/install/demo_cpp_topic/bin'
[0.535s] INFO:colcon.colcon_core.shell:Creating package script '/home/wufy/learn_ros2/learn_ros2/chap_topic/install/demo_cpp_topic/share/demo_cpp_topic/package.ps1'
[0.536s] INFO:colcon.colcon_core.shell:Creating package descriptor '/home/wufy/learn_ros2/learn_ros2/chap_topic/install/demo_cpp_topic/share/demo_cpp_topic/package.dsv'
[0.538s] INFO:colcon.colcon_core.shell:Creating package script '/home/wufy/learn_ros2/learn_ros2/chap_topic/install/demo_cpp_topic/share/demo_cpp_topic/package.sh'
[0.539s] INFO:colcon.colcon_core.shell:Creating package script '/home/wufy/learn_ros2/learn_ros2/chap_topic/install/demo_cpp_topic/share/demo_cpp_topic/package.bash'
[0.540s] INFO:colcon.colcon_core.shell:Creating package script '/home/wufy/learn_ros2/learn_ros2/chap_topic/install/demo_cpp_topic/share/demo_cpp_topic/package.zsh'
[0.541s] Level 1:colcon.colcon_core.environment:create_file_with_runtime_dependencies(/home/wufy/learn_ros2/learn_ros2/chap_topic/install/demo_cpp_topic/share/colcon-core/packages/demo_cpp_topic)
[0.541s] Level 1:colcon.colcon_core.environment:create_environment_scripts_only(demo_cpp_topic)
[0.541s] Level 1:colcon.colcon_core.environment:checking '/home/wufy/learn_ros2/learn_ros2/chap_topic/install/demo_cpp_topic' for CMake module files
[0.542s] Level 1:colcon.colcon_core.environment:checking '/home/wufy/learn_ros2/learn_ros2/chap_topic/install/demo_cpp_topic' for CMake config files
[0.542s] Level 1:colcon.colcon_core.shell:create_environment_hook('demo_cpp_topic', 'cmake_prefix_path')
[0.542s] INFO:colcon.colcon_core.shell:Creating environment hook '/home/wufy/learn_ros2/learn_ros2/chap_topic/install/demo_cpp_topic/share/demo_cpp_topic/hook/cmake_prefix_path.ps1'
[0.542s] INFO:colcon.colcon_core.shell:Creating environment descriptor '/home/wufy/learn_ros2/learn_ros2/chap_topic/install/demo_cpp_topic/share/demo_cpp_topic/hook/cmake_prefix_path.dsv'
[0.542s] INFO:colcon.colcon_core.shell:Creating environment hook '/home/wufy/learn_ros2/learn_ros2/chap_topic/install/demo_cpp_topic/share/demo_cpp_topic/hook/cmake_prefix_path.sh'
[0.543s] Level 1:colcon.colcon_core.environment:checking '/home/wufy/learn_ros2/learn_ros2/chap_topic/install/demo_cpp_topic/lib'
[0.543s] Level 1:colcon.colcon_core.environment:checking '/home/wufy/learn_ros2/learn_ros2/chap_topic/install/demo_cpp_topic/bin'
[0.543s] Level 1:colcon.colcon_core.environment:checking '/home/wufy/learn_ros2/learn_ros2/chap_topic/install/demo_cpp_topic/lib/pkgconfig/demo_cpp_topic.pc'
[0.543s] Level 1:colcon.colcon_core.environment:checking '/home/wufy/learn_ros2/learn_ros2/chap_topic/install/demo_cpp_topic/lib/python3.10/site-packages'
[0.543s] Level 1:colcon.colcon_core.environment:checking '/home/wufy/learn_ros2/learn_ros2/chap_topic/install/demo_cpp_topic/bin'
[0.543s] INFO:colcon.colcon_core.shell:Creating package script '/home/wufy/learn_ros2/learn_ros2/chap_topic/install/demo_cpp_topic/share/demo_cpp_topic/package.ps1'
[0.543s] INFO:colcon.colcon_core.shell:Creating package descriptor '/home/wufy/learn_ros2/learn_ros2/chap_topic/install/demo_cpp_topic/share/demo_cpp_topic/package.dsv'
[0.544s] INFO:colcon.colcon_core.shell:Creating package script '/home/wufy/learn_ros2/learn_ros2/chap_topic/install/demo_cpp_topic/share/demo_cpp_topic/package.sh'
[0.544s] INFO:colcon.colcon_core.shell:Creating package script '/home/wufy/learn_ros2/learn_ros2/chap_topic/install/demo_cpp_topic/share/demo_cpp_topic/package.bash'
[0.544s] INFO:colcon.colcon_core.shell:Creating package script '/home/wufy/learn_ros2/learn_ros2/chap_topic/install/demo_cpp_topic/share/demo_cpp_topic/package.zsh'
[0.544s] Level 1:colcon.colcon_core.environment:create_file_with_runtime_dependencies(/home/wufy/learn_ros2/learn_ros2/chap_topic/install/demo_cpp_topic/share/colcon-core/packages/demo_cpp_topic)
[0.564s] Level 1:colcon.colcon_core.environment:create_environment_scripts_only(status_interfaces)
[0.564s] Level 1:colcon.colcon_core.environment:checking '/home/wufy/learn_ros2/learn_ros2/chap_topic/install/status_interfaces' for CMake module files
[0.565s] DEBUG:colcon.colcon_core.event_handler.log_command:Invoked command in '/home/wufy/learn_ros2/learn_ros2/chap_topic/build/status_interfaces' returned '0': CMAKE_PREFIX_PATH=${CMAKE_PREFIX_PATH}:/home/wufy/learn_ros2/learn_ros2/chap_topic/install/status_pulisher:/home/wufy/learn_ros2/learn_ros2/chap_topic/install/demo_python_topic:/opt/ros/humble /usr/bin/cmake --install /home/wufy/learn_ros2/learn_ros2/chap_topic/build/status_interfaces
[0.565s] Level 1:colcon.colcon_core.environment:checking '/home/wufy/learn_ros2/learn_ros2/chap_topic/install/status_interfaces' for CMake config files
[0.565s] Level 1:colcon.colcon_core.shell:create_environment_hook('status_interfaces', 'cmake_prefix_path')
[0.566s] INFO:colcon.colcon_core.shell:Creating environment hook '/home/wufy/learn_ros2/learn_ros2/chap_topic/install/status_interfaces/share/status_interfaces/hook/cmake_prefix_path.ps1'
[0.566s] INFO:colcon.colcon_core.shell:Creating environment descriptor '/home/wufy/learn_ros2/learn_ros2/chap_topic/install/status_interfaces/share/status_interfaces/hook/cmake_prefix_path.dsv'
[0.566s] INFO:colcon.colcon_core.shell:Creating environment hook '/home/wufy/learn_ros2/learn_ros2/chap_topic/install/status_interfaces/share/status_interfaces/hook/cmake_prefix_path.sh'
[0.567s] Level 1:colcon.colcon_core.environment:checking '/home/wufy/learn_ros2/learn_ros2/chap_topic/install/status_interfaces/lib'
[0.567s] Level 1:colcon.colcon_core.shell:create_environment_hook('status_interfaces', 'ld_library_path_lib')
[0.567s] INFO:colcon.colcon_core.shell:Creating environment hook '/home/wufy/learn_ros2/learn_ros2/chap_topic/install/status_interfaces/share/status_interfaces/hook/ld_library_path_lib.ps1'
[0.567s] INFO:colcon.colcon_core.shell:Creating environment descriptor '/home/wufy/learn_ros2/learn_ros2/chap_topic/install/status_interfaces/share/status_interfaces/hook/ld_library_path_lib.dsv'
[0.567s] INFO:colcon.colcon_core.shell:Creating environment hook '/home/wufy/learn_ros2/learn_ros2/chap_topic/install/status_interfaces/share/status_interfaces/hook/ld_library_path_lib.sh'
[0.568s] Level 1:colcon.colcon_core.environment:checking '/home/wufy/learn_ros2/learn_ros2/chap_topic/install/status_interfaces/bin'
[0.568s] Level 1:colcon.colcon_core.environment:checking '/home/wufy/learn_ros2/learn_ros2/chap_topic/install/status_interfaces/lib/pkgconfig/status_interfaces.pc'
[0.568s] Level 1:colcon.colcon_core.environment:checking '/home/wufy/learn_ros2/learn_ros2/chap_topic/install/status_interfaces/lib/python3.10/site-packages'
[0.568s] Level 1:colcon.colcon_core.environment:checking '/home/wufy/learn_ros2/learn_ros2/chap_topic/install/status_interfaces/bin'
[0.568s] INFO:colcon.colcon_core.shell:Creating package script '/home/wufy/learn_ros2/learn_ros2/chap_topic/install/status_interfaces/share/status_interfaces/package.ps1'
[0.568s] INFO:colcon.colcon_core.shell:Creating package descriptor '/home/wufy/learn_ros2/learn_ros2/chap_topic/install/status_interfaces/share/status_interfaces/package.dsv'
[0.569s] INFO:colcon.colcon_core.shell:Creating package script '/home/wufy/learn_ros2/learn_ros2/chap_topic/install/status_interfaces/share/status_interfaces/package.sh'
[0.569s] INFO:colcon.colcon_core.shell:Creating package script '/home/wufy/learn_ros2/learn_ros2/chap_topic/install/status_interfaces/share/status_interfaces/package.bash'
[0.569s] INFO:colcon.colcon_core.shell:Creating package script '/home/wufy/learn_ros2/learn_ros2/chap_topic/install/status_interfaces/share/status_interfaces/package.zsh'
[0.570s] Level 1:colcon.colcon_core.environment:create_file_with_runtime_dependencies(/home/wufy/learn_ros2/learn_ros2/chap_topic/install/status_interfaces/share/colcon-core/packages/status_interfaces)
[0.570s] Level 1:colcon.colcon_core.environment:create_environment_scripts_only(status_interfaces)
[0.570s] Level 1:colcon.colcon_core.environment:checking '/home/wufy/learn_ros2/learn_ros2/chap_topic/install/status_interfaces' for CMake module files
[0.571s] Level 1:colcon.colcon_core.environment:checking '/home/wufy/learn_ros2/learn_ros2/chap_topic/install/status_interfaces' for CMake config files
[0.571s] Level 1:colcon.colcon_core.shell:create_environment_hook('status_interfaces', 'cmake_prefix_path')
[0.571s] INFO:colcon.colcon_core.shell:Creating environment hook '/home/wufy/learn_ros2/learn_ros2/chap_topic/install/status_interfaces/share/status_interfaces/hook/cmake_prefix_path.ps1'
[0.571s] INFO:colcon.colcon_core.shell:Creating environment descriptor '/home/wufy/learn_ros2/learn_ros2/chap_topic/install/status_interfaces/share/status_interfaces/hook/cmake_prefix_path.dsv'
[0.572s] INFO:colcon.colcon_core.shell:Creating environment hook '/home/wufy/learn_ros2/learn_ros2/chap_topic/install/status_interfaces/share/status_interfaces/hook/cmake_prefix_path.sh'
[0.572s] Level 1:colcon.colcon_core.environment:checking '/home/wufy/learn_ros2/learn_ros2/chap_topic/install/status_interfaces/lib'
[0.572s] Level 1:colcon.colcon_core.shell:create_environment_hook('status_interfaces', 'ld_library_path_lib')
[0.572s] INFO:colcon.colcon_core.shell:Creating environment hook '/home/wufy/learn_ros2/learn_ros2/chap_topic/install/status_interfaces/share/status_interfaces/hook/ld_library_path_lib.ps1'
[0.573s] INFO:colcon.colcon_core.shell:Creating environment descriptor '/home/wufy/learn_ros2/learn_ros2/chap_topic/install/status_interfaces/share/status_interfaces/hook/ld_library_path_lib.dsv'
[0.573s] INFO:colcon.colcon_core.shell:Creating environment hook '/home/wufy/learn_ros2/learn_ros2/chap_topic/install/status_interfaces/share/status_interfaces/hook/ld_library_path_lib.sh'
[0.573s] Level 1:colcon.colcon_core.environment:checking '/home/wufy/learn_ros2/learn_ros2/chap_topic/install/status_interfaces/bin'
[0.573s] Level 1:colcon.colcon_core.environment:checking '/home/wufy/learn_ros2/learn_ros2/chap_topic/install/status_interfaces/lib/pkgconfig/status_interfaces.pc'
[0.574s] Level 1:colcon.colcon_core.environment:checking '/home/wufy/learn_ros2/learn_ros2/chap_topic/install/status_interfaces/lib/python3.10/site-packages'
[0.574s] Level 1:colcon.colcon_core.environment:checking '/home/wufy/learn_ros2/learn_ros2/chap_topic/install/status_interfaces/bin'
[0.574s] INFO:colcon.colcon_core.shell:Creating package script '/home/wufy/learn_ros2/learn_ros2/chap_topic/install/status_interfaces/share/status_interfaces/package.ps1'
[0.575s] INFO:colcon.colcon_core.shell:Creating package descriptor '/home/wufy/learn_ros2/learn_ros2/chap_topic/install/status_interfaces/share/status_interfaces/package.dsv'
[0.575s] INFO:colcon.colcon_core.shell:Creating package script '/home/wufy/learn_ros2/learn_ros2/chap_topic/install/status_interfaces/share/status_interfaces/package.sh'
[0.576s] INFO:colcon.colcon_core.shell:Creating package script '/home/wufy/learn_ros2/learn_ros2/chap_topic/install/status_interfaces/share/status_interfaces/package.bash'
[0.576s] INFO:colcon.colcon_core.shell:Creating package script '/home/wufy/learn_ros2/learn_ros2/chap_topic/install/status_interfaces/share/status_interfaces/package.zsh'
[0.577s] Level 1:colcon.colcon_core.environment:create_file_with_runtime_dependencies(/home/wufy/learn_ros2/learn_ros2/chap_topic/install/status_interfaces/share/colcon-core/packages/status_interfaces)
[0.577s] INFO:colcon.colcon_ros.task.ament_cmake.build:Building ROS package in '/home/wufy/learn_ros2/learn_ros2/chap_topic/src/status_display' with build type 'ament_cmake'
[0.577s] INFO:colcon.colcon_cmake.task.cmake.build:Building CMake package in '/home/wufy/learn_ros2/learn_ros2/chap_topic/src/status_display'
[0.577s] INFO:colcon.colcon_core.shell:Skip shell extension 'powershell' for command environment: Not usable outside of PowerShell
[0.577s] DEBUG:colcon.colcon_core.shell:Skip shell extension 'dsv' for command environment
[0.586s] DEBUG:colcon.colcon_core.event_handler.log_command:Invoking command in '/home/wufy/learn_ros2/learn_ros2/chap_topic/build/status_display': CMAKE_PREFIX_PATH=/home/wufy/learn_ros2/learn_ros2/chap_topic/install/status_interfaces:/home/wufy/learn_ros2/learn_ros2/chap_topic/install/status_display:/home/wufy/learn_ros2/learn_ros2/chap_topic/install/demo_cpp_topic:/home/wufy/learn_ros2/learn_ros2/chap_topic/install/status_pulisher:/home/wufy/learn_ros2/learn_ros2/chap_topic/install/demo_python_topic:/opt/ros/humble /usr/bin/cmake --build /home/wufy/learn_ros2/learn_ros2/chap_topic/build/status_display -- -j16 -l16
[0.706s] DEBUG:colcon.colcon_core.event_handler.log_command:Invoking command in '/home/wufy/learn_ros2/learn_ros2/chap_topic/src/status_pulisher': PYTHONPATH=/home/wufy/learn_ros2/learn_ros2/chap_topic/build/status_pulisher/prefix_override:/usr/lib/python3/dist-packages/colcon_core/task/python/colcon_distutils_commands:/home/wufy/learn_ros2/learn_ros2/chap_topic/install/status_pulisher/lib/python3.10/site-packages:${PYTHONPATH} /usr/bin/python3 -W ignore:setup.py install is deprecated -W ignore:easy_install command is deprecated setup.py egg_info --egg-base ../../build/status_pulisher build --build-base /home/wufy/learn_ros2/learn_ros2/chap_topic/build/status_pulisher/build install --record /home/wufy/learn_ros2/learn_ros2/chap_topic/build/status_pulisher/install.log --single-version-externally-managed install_data
[0.716s] DEBUG:colcon.colcon_core.event_handler.log_command:Invoking command in '/home/wufy/learn_ros2/learn_ros2/chap_topic/src/demo_python_topic': PYTHONPATH=/home/wufy/learn_ros2/learn_ros2/chap_topic/build/demo_python_topic/prefix_override:/usr/lib/python3/dist-packages/colcon_core/task/python/colcon_distutils_commands:/home/wufy/learn_ros2/learn_ros2/chap_topic/install/demo_python_topic/lib/python3.10/site-packages:${PYTHONPATH} /usr/bin/python3 -W ignore:setup.py install is deprecated -W ignore:easy_install command is deprecated setup.py egg_info --egg-base ../../build/demo_python_topic build --build-base /home/wufy/learn_ros2/learn_ros2/chap_topic/build/demo_python_topic/build install --record /home/wufy/learn_ros2/learn_ros2/chap_topic/build/demo_python_topic/install.log --single-version-externally-managed install_data
[0.868s] Level 1:colcon.colcon_core.environment:checking '/home/wufy/learn_ros2/learn_ros2/chap_topic/install/status_pulisher' for CMake module files
[0.869s] DEBUG:colcon.colcon_core.event_handler.log_command:Invoked command in '/home/wufy/learn_ros2/learn_ros2/chap_topic/src/status_pulisher' returned '0': PYTHONPATH=/home/wufy/learn_ros2/learn_ros2/chap_topic/build/status_pulisher/prefix_override:/usr/lib/python3/dist-packages/colcon_core/task/python/colcon_distutils_commands:/home/wufy/learn_ros2/learn_ros2/chap_topic/install/status_pulisher/lib/python3.10/site-packages:${PYTHONPATH} /usr/bin/python3 -W ignore:setup.py install is deprecated -W ignore:easy_install command is deprecated setup.py egg_info --egg-base ../../build/status_pulisher build --build-base /home/wufy/learn_ros2/learn_ros2/chap_topic/build/status_pulisher/build install --record /home/wufy/learn_ros2/learn_ros2/chap_topic/build/status_pulisher/install.log --single-version-externally-managed install_data
[0.869s] Level 1:colcon.colcon_core.environment:checking '/home/wufy/learn_ros2/learn_ros2/chap_topic/install/status_pulisher' for CMake config files
[0.870s] Level 1:colcon.colcon_core.environment:checking '/home/wufy/learn_ros2/learn_ros2/chap_topic/install/status_pulisher/lib'
[0.870s] Level 1:colcon.colcon_core.environment:checking '/home/wufy/learn_ros2/learn_ros2/chap_topic/install/status_pulisher/bin'
[0.870s] Level 1:colcon.colcon_core.environment:checking '/home/wufy/learn_ros2/learn_ros2/chap_topic/install/status_pulisher/lib/pkgconfig/status_pulisher.pc'
[0.870s] Level 1:colcon.colcon_core.environment:checking '/home/wufy/learn_ros2/learn_ros2/chap_topic/install/status_pulisher/lib/python3.10/site-packages'
[0.870s] Level 1:colcon.colcon_core.shell:create_environment_hook('status_pulisher', 'pythonpath')
[0.871s] INFO:colcon.colcon_core.shell:Creating environment hook '/home/wufy/learn_ros2/learn_ros2/chap_topic/install/status_pulisher/share/status_pulisher/hook/pythonpath.ps1'
[0.871s] INFO:colcon.colcon_core.shell:Creating environment descriptor '/home/wufy/learn_ros2/learn_ros2/chap_topic/install/status_pulisher/share/status_pulisher/hook/pythonpath.dsv'
[0.871s] INFO:colcon.colcon_core.shell:Creating environment hook '/home/wufy/learn_ros2/learn_ros2/chap_topic/install/status_pulisher/share/status_pulisher/hook/pythonpath.sh'
[0.872s] Level 1:colcon.colcon_core.environment:checking '/home/wufy/learn_ros2/learn_ros2/chap_topic/install/status_pulisher/bin'
[0.872s] Level 1:colcon.colcon_core.environment:create_environment_scripts_only(status_pulisher)
[0.872s] INFO:colcon.colcon_core.shell:Creating package script '/home/wufy/learn_ros2/learn_ros2/chap_topic/install/status_pulisher/share/status_pulisher/package.ps1'
[0.873s] INFO:colcon.colcon_core.shell:Creating package descriptor '/home/wufy/learn_ros2/learn_ros2/chap_topic/install/status_pulisher/share/status_pulisher/package.dsv'
[0.873s] INFO:colcon.colcon_core.shell:Creating package script '/home/wufy/learn_ros2/learn_ros2/chap_topic/install/status_pulisher/share/status_pulisher/package.sh'
[0.873s] INFO:colcon.colcon_core.shell:Creating package script '/home/wufy/learn_ros2/learn_ros2/chap_topic/install/status_pulisher/share/status_pulisher/package.bash'
[0.873s] INFO:colcon.colcon_core.shell:Creating package script '/home/wufy/learn_ros2/learn_ros2/chap_topic/install/status_pulisher/share/status_pulisher/package.zsh'
[0.874s] Level 1:colcon.colcon_core.environment:create_file_with_runtime_dependencies(/home/wufy/learn_ros2/learn_ros2/chap_topic/install/status_pulisher/share/colcon-core/packages/status_pulisher)
[0.884s] Level 1:colcon.colcon_core.environment:checking '/home/wufy/learn_ros2/learn_ros2/chap_topic/install/demo_python_topic' for CMake module files
[0.885s] DEBUG:colcon.colcon_core.event_handler.log_command:Invoked command in '/home/wufy/learn_ros2/learn_ros2/chap_topic/src/demo_python_topic' returned '0': PYTHONPATH=/home/wufy/learn_ros2/learn_ros2/chap_topic/build/demo_python_topic/prefix_override:/usr/lib/python3/dist-packages/colcon_core/task/python/colcon_distutils_commands:/home/wufy/learn_ros2/learn_ros2/chap_topic/install/demo_python_topic/lib/python3.10/site-packages:${PYTHONPATH} /usr/bin/python3 -W ignore:setup.py install is deprecated -W ignore:easy_install command is deprecated setup.py egg_info --egg-base ../../build/demo_python_topic build --build-base /home/wufy/learn_ros2/learn_ros2/chap_topic/build/demo_python_topic/build install --record /home/wufy/learn_ros2/learn_ros2/chap_topic/build/demo_python_topic/install.log --single-version-externally-managed install_data
[0.885s] Level 1:colcon.colcon_core.environment:checking '/home/wufy/learn_ros2/learn_ros2/chap_topic/install/demo_python_topic' for CMake config files
[0.885s] Level 1:colcon.colcon_core.environment:checking '/home/wufy/learn_ros2/learn_ros2/chap_topic/install/demo_python_topic/lib'
[0.885s] Level 1:colcon.colcon_core.environment:checking '/home/wufy/learn_ros2/learn_ros2/chap_topic/install/demo_python_topic/bin'
[0.885s] Level 1:colcon.colcon_core.environment:checking '/home/wufy/learn_ros2/learn_ros2/chap_topic/install/demo_python_topic/lib/pkgconfig/demo_python_topic.pc'
[0.886s] Level 1:colcon.colcon_core.environment:checking '/home/wufy/learn_ros2/learn_ros2/chap_topic/install/demo_python_topic/lib/python3.10/site-packages'
[0.886s] Level 1:colcon.colcon_core.shell:create_environment_hook('demo_python_topic', 'pythonpath')
[0.886s] INFO:colcon.colcon_core.shell:Creating environment hook '/home/wufy/learn_ros2/learn_ros2/chap_topic/install/demo_python_topic/share/demo_python_topic/hook/pythonpath.ps1'
[0.886s] INFO:colcon.colcon_core.shell:Creating environment descriptor '/home/wufy/learn_ros2/learn_ros2/chap_topic/install/demo_python_topic/share/demo_python_topic/hook/pythonpath.dsv'
[0.886s] INFO:colcon.colcon_core.shell:Creating environment hook '/home/wufy/learn_ros2/learn_ros2/chap_topic/install/demo_python_topic/share/demo_python_topic/hook/pythonpath.sh'
[0.887s] Level 1:colcon.colcon_core.environment:checking '/home/wufy/learn_ros2/learn_ros2/chap_topic/install/demo_python_topic/bin'
[0.887s] Level 1:colcon.colcon_core.environment:create_environment_scripts_only(demo_python_topic)
[0.887s] INFO:colcon.colcon_core.shell:Creating package script '/home/wufy/learn_ros2/learn_ros2/chap_topic/install/demo_python_topic/share/demo_python_topic/package.ps1'
[0.887s] INFO:colcon.colcon_core.shell:Creating package descriptor '/home/wufy/learn_ros2/learn_ros2/chap_topic/install/demo_python_topic/share/demo_python_topic/package.dsv'
[0.887s] INFO:colcon.colcon_core.shell:Creating package script '/home/wufy/learn_ros2/learn_ros2/chap_topic/install/demo_python_topic/share/demo_python_topic/package.sh'
[0.887s] INFO:colcon.colcon_core.shell:Creating package script '/home/wufy/learn_ros2/learn_ros2/chap_topic/install/demo_python_topic/share/demo_python_topic/package.bash'
[0.888s] INFO:colcon.colcon_core.shell:Creating package script '/home/wufy/learn_ros2/learn_ros2/chap_topic/install/demo_python_topic/share/demo_python_topic/package.zsh'
[0.888s] Level 1:colcon.colcon_core.environment:create_file_with_runtime_dependencies(/home/wufy/learn_ros2/learn_ros2/chap_topic/install/demo_python_topic/share/colcon-core/packages/demo_python_topic)
[7.022s] DEBUG:colcon.colcon_core.event_handler.log_command:Invoked command in '/home/wufy/learn_ros2/learn_ros2/chap_topic/build/status_display' returned '0': CMAKE_PREFIX_PATH=/home/wufy/learn_ros2/learn_ros2/chap_topic/install/status_interfaces:/home/wufy/learn_ros2/learn_ros2/chap_topic/install/status_display:/home/wufy/learn_ros2/learn_ros2/chap_topic/install/demo_cpp_topic:/home/wufy/learn_ros2/learn_ros2/chap_topic/install/status_pulisher:/home/wufy/learn_ros2/learn_ros2/chap_topic/install/demo_python_topic:/opt/ros/humble /usr/bin/cmake --build /home/wufy/learn_ros2/learn_ros2/chap_topic/build/status_display -- -j16 -l16
[7.023s] DEBUG:colcon.colcon_core.event_handler.log_command:Invoking command in '/home/wufy/learn_ros2/learn_ros2/chap_topic/build/status_display': CMAKE_PREFIX_PATH=/home/wufy/learn_ros2/learn_ros2/chap_topic/install/status_interfaces:/home/wufy/learn_ros2/learn_ros2/chap_topic/install/status_display:/home/wufy/learn_ros2/learn_ros2/chap_topic/install/demo_cpp_topic:/home/wufy/learn_ros2/learn_ros2/chap_topic/install/status_pulisher:/home/wufy/learn_ros2/learn_ros2/chap_topic/install/demo_python_topic:/opt/ros/humble /usr/bin/cmake --install /home/wufy/learn_ros2/learn_ros2/chap_topic/build/status_display
[7.035s] Level 1:colcon.colcon_core.environment:create_environment_scripts_only(status_display)
[7.036s] Level 1:colcon.colcon_core.environment:checking '/home/wufy/learn_ros2/learn_ros2/chap_topic/install/status_display' for CMake module files
[7.036s] DEBUG:colcon.colcon_core.event_handler.log_command:Invoked command in '/home/wufy/learn_ros2/learn_ros2/chap_topic/build/status_display' returned '0': CMAKE_PREFIX_PATH=/home/wufy/learn_ros2/learn_ros2/chap_topic/install/status_interfaces:/home/wufy/learn_ros2/learn_ros2/chap_topic/install/status_display:/home/wufy/learn_ros2/learn_ros2/chap_topic/install/demo_cpp_topic:/home/wufy/learn_ros2/learn_ros2/chap_topic/install/status_pulisher:/home/wufy/learn_ros2/learn_ros2/chap_topic/install/demo_python_topic:/opt/ros/humble /usr/bin/cmake --install /home/wufy/learn_ros2/learn_ros2/chap_topic/build/status_display
[7.036s] Level 1:colcon.colcon_core.environment:checking '/home/wufy/learn_ros2/learn_ros2/chap_topic/install/status_display' for CMake config files
[7.036s] Level 1:colcon.colcon_core.shell:create_environment_hook('status_display', 'cmake_prefix_path')
[7.036s] INFO:colcon.colcon_core.shell:Creating environment hook '/home/wufy/learn_ros2/learn_ros2/chap_topic/install/status_display/share/status_display/hook/cmake_prefix_path.ps1'
[7.037s] INFO:colcon.colcon_core.shell:Creating environment descriptor '/home/wufy/learn_ros2/learn_ros2/chap_topic/install/status_display/share/status_display/hook/cmake_prefix_path.dsv'
[7.037s] INFO:colcon.colcon_core.shell:Creating environment hook '/home/wufy/learn_ros2/learn_ros2/chap_topic/install/status_display/share/status_display/hook/cmake_prefix_path.sh'
[7.037s] Level 1:colcon.colcon_core.environment:checking '/home/wufy/learn_ros2/learn_ros2/chap_topic/install/status_display/lib'
[7.037s] Level 1:colcon.colcon_core.environment:checking '/home/wufy/learn_ros2/learn_ros2/chap_topic/install/status_display/bin'
[7.037s] Level 1:colcon.colcon_core.environment:checking '/home/wufy/learn_ros2/learn_ros2/chap_topic/install/status_display/lib/pkgconfig/status_display.pc'
[7.037s] Level 1:colcon.colcon_core.environment:checking '/home/wufy/learn_ros2/learn_ros2/chap_topic/install/status_display/lib/python3.10/site-packages'
[7.038s] Level 1:colcon.colcon_core.environment:checking '/home/wufy/learn_ros2/learn_ros2/chap_topic/install/status_display/bin'
[7.038s] INFO:colcon.colcon_core.shell:Creating package script '/home/wufy/learn_ros2/learn_ros2/chap_topic/install/status_display/share/status_display/package.ps1'
[7.038s] INFO:colcon.colcon_core.shell:Creating package descriptor '/home/wufy/learn_ros2/learn_ros2/chap_topic/install/status_display/share/status_display/package.dsv'
[7.038s] INFO:colcon.colcon_core.shell:Creating package script '/home/wufy/learn_ros2/learn_ros2/chap_topic/install/status_display/share/status_display/package.sh'
[7.038s] INFO:colcon.colcon_core.shell:Creating package script '/home/wufy/learn_ros2/learn_ros2/chap_topic/install/status_display/share/status_display/package.bash'
[7.039s] INFO:colcon.colcon_core.shell:Creating package script '/home/wufy/learn_ros2/learn_ros2/chap_topic/install/status_display/share/status_display/package.zsh'
[7.039s] Level 1:colcon.colcon_core.environment:create_file_with_runtime_dependencies(/home/wufy/learn_ros2/learn_ros2/chap_topic/install/status_display/share/colcon-core/packages/status_display)
[7.039s] Level 1:colcon.colcon_core.environment:create_environment_scripts_only(status_display)
[7.039s] Level 1:colcon.colcon_core.environment:checking '/home/wufy/learn_ros2/learn_ros2/chap_topic/install/status_display' for CMake module files
[7.040s] Level 1:colcon.colcon_core.environment:checking '/home/wufy/learn_ros2/learn_ros2/chap_topic/install/status_display' for CMake config files
[7.040s] Level 1:colcon.colcon_core.shell:create_environment_hook('status_display', 'cmake_prefix_path')
[7.040s] INFO:colcon.colcon_core.shell:Creating environment hook '/home/wufy/learn_ros2/learn_ros2/chap_topic/install/status_display/share/status_display/hook/cmake_prefix_path.ps1'
[7.040s] INFO:colcon.colcon_core.shell:Creating environment descriptor '/home/wufy/learn_ros2/learn_ros2/chap_topic/install/status_display/share/status_display/hook/cmake_prefix_path.dsv'
[7.040s] INFO:colcon.colcon_core.shell:Creating environment hook '/home/wufy/learn_ros2/learn_ros2/chap_topic/install/status_display/share/status_display/hook/cmake_prefix_path.sh'
[7.040s] Level 1:colcon.colcon_core.environment:checking '/home/wufy/learn_ros2/learn_ros2/chap_topic/install/status_display/lib'
[7.041s] Level 1:colcon.colcon_core.environment:checking '/home/wufy/learn_ros2/learn_ros2/chap_topic/install/status_display/bin'
[7.041s] Level 1:colcon.colcon_core.environment:checking '/home/wufy/learn_ros2/learn_ros2/chap_topic/install/status_display/lib/pkgconfig/status_display.pc'
[7.041s] Level 1:colcon.colcon_core.environment:checking '/home/wufy/learn_ros2/learn_ros2/chap_topic/install/status_display/lib/python3.10/site-packages'
[7.041s] Level 1:colcon.colcon_core.environment:checking '/home/wufy/learn_ros2/learn_ros2/chap_topic/install/status_display/bin'
[7.041s] INFO:colcon.colcon_core.shell:Creating package script '/home/wufy/learn_ros2/learn_ros2/chap_topic/install/status_display/share/status_display/package.ps1'
[7.041s] INFO:colcon.colcon_core.shell:Creating package descriptor '/home/wufy/learn_ros2/learn_ros2/chap_topic/install/status_display/share/status_display/package.dsv'
[7.042s] INFO:colcon.colcon_core.shell:Creating package script '/home/wufy/learn_ros2/learn_ros2/chap_topic/install/status_display/share/status_display/package.sh'
[7.042s] INFO:colcon.colcon_core.shell:Creating package script '/home/wufy/learn_ros2/learn_ros2/chap_topic/install/status_display/share/status_display/package.bash'
[7.042s] INFO:colcon.colcon_core.shell:Creating package script '/home/wufy/learn_ros2/learn_ros2/chap_topic/install/status_display/share/status_display/package.zsh'
[7.042s] Level 1:colcon.colcon_core.environment:create_file_with_runtime_dependencies(/home/wufy/learn_ros2/learn_ros2/chap_topic/install/status_display/share/colcon-core/packages/status_display)
[7.043s] DEBUG:colcon.colcon_parallel_executor.executor.parallel:closing loop
[7.043s] DEBUG:colcon.colcon_parallel_executor.executor.parallel:loop closed
[7.043s] DEBUG:colcon.colcon_parallel_executor.executor.parallel:run_until_complete finished with '0'
[7.043s] DEBUG:colcon.colcon_core.event_reactor:joining thread
[7.046s] INFO:colcon.colcon_core.plugin_system:Skipping extension 'colcon_notification.desktop_notification.terminal_notifier': Not used on non-Darwin systems
[7.046s] INFO:colcon.colcon_core.plugin_system:Skipping extension 'colcon_notification.desktop_notification.win32': Not used on non-Windows systems
[7.046s] INFO:colcon.colcon_notification.desktop_notification:Sending desktop notification using 'notify2'
[7.054s] DEBUG:colcon.colcon_core.event_reactor:joined thread
[7.054s] INFO:colcon.colcon_core.shell:Creating prefix script '/home/wufy/learn_ros2/learn_ros2/chap_topic/install/local_setup.ps1'
[7.055s] INFO:colcon.colcon_core.shell:Creating prefix util module '/home/wufy/learn_ros2/learn_ros2/chap_topic/install/_local_setup_util_ps1.py'
[7.056s] INFO:colcon.colcon_core.shell:Creating prefix chain script '/home/wufy/learn_ros2/learn_ros2/chap_topic/install/setup.ps1'
[7.057s] INFO:colcon.colcon_core.shell:Creating prefix script '/home/wufy/learn_ros2/learn_ros2/chap_topic/install/local_setup.sh'
[7.057s] INFO:colcon.colcon_core.shell:Creating prefix util module '/home/wufy/learn_ros2/learn_ros2/chap_topic/install/_local_setup_util_sh.py'
[7.058s] INFO:colcon.colcon_core.shell:Creating prefix chain script '/home/wufy/learn_ros2/learn_ros2/chap_topic/install/setup.sh'
[7.058s] INFO:colcon.colcon_core.shell:Creating prefix script '/home/wufy/learn_ros2/learn_ros2/chap_topic/install/local_setup.bash'
[7.059s] INFO:colcon.colcon_core.shell:Creating prefix chain script '/home/wufy/learn_ros2/learn_ros2/chap_topic/install/setup.bash'
[7.059s] INFO:colcon.colcon_core.shell:Creating prefix script '/home/wufy/learn_ros2/learn_ros2/chap_topic/install/local_setup.zsh'
[7.059s] INFO:colcon.colcon_core.shell:Creating prefix chain script '/home/wufy/learn_ros2/learn_ros2/chap_topic/install/setup.zsh'
