[0.081s] [34mcolcon[0m [1;30mDEBUG[0m [32mCommand line arguments: ['/usr/bin/colcon', 'build', '--packages-select', 'demo_cpp_pkg'][0m
[0.081s] [34mcolcon[0m [1;30mDEBUG[0m [32mParsed command line arguments: Namespace(log_base=None, log_level=None, verb_name='build', build_base='build', install_base='install', merge_install=False, symlink_install=False, test_result_base=None, continue_on_error=False, executor='parallel', parallel_workers=16, event_handlers=None, ignore_user_meta=False, metas=['./colcon.meta'], base_paths=['.'], packages_ignore=None, packages_ignore_regex=None, paths=None, packages_up_to=None, packages_up_to_regex=None, packages_above=None, packages_above_and_dependencies=None, packages_above_depth=None, packages_select_by_dep=None, packages_skip_by_dep=None, packages_skip_up_to=None, packages_select_build_failed=False, packages_skip_build_finished=False, packages_select_test_failures=False, packages_skip_test_passed=False, packages_select=['demo_cpp_pkg'], packages_skip=None, packages_select_regex=None, packages_skip_regex=None, packages_start=None, packages_end=None, allow_overriding=[], cmake_args=None, cmake_target=None, cmake_target_skip_unavailable=False, cmake_clean_cache=False, cmake_clean_first=False, cmake_force_configure=False, ament_cmake_args=None, catkin_cmake_args=None, catkin_skip_building_tests=False, mixin_files=None, mixin=None, verb_parser=<colcon_mixin.mixin.mixin_argument.MixinArgumentDecorator object at 0x7a54b5d07340>, verb_extension=<colcon_core.verb.build.BuildVerb object at 0x7a54b5d06620>, main=<bound method BuildVerb.main of <colcon_core.verb.build.BuildVerb object at 0x7a54b5d06620>>, mixin_verb=('build',))[0m
[0.188s] [34mcolcon.colcon_core.package_discovery[0m [1;30mLevel 1[0m discover_packages(colcon_meta) check parameters
[0.189s] [34mcolcon.colcon_core.package_discovery[0m [1;30mLevel 1[0m discover_packages(recursive) check parameters
[0.189s] [34mcolcon.colcon_core.package_discovery[0m [1;30mLevel 1[0m discover_packages(ignore) check parameters
[0.189s] [34mcolcon.colcon_core.package_discovery[0m [1;30mLevel 1[0m discover_packages(path) check parameters
[0.189s] [34mcolcon.colcon_core.package_discovery[0m [1;30mLevel 1[0m discover_packages(colcon_meta) discover
[0.189s] [34mcolcon.colcon_core.package_discovery[0m [1;30mLevel 1[0m discover_packages(recursive) discover
[0.189s] [34mcolcon.colcon_core.package_discovery[0m [1;30mINFO[0m Crawling recursively for packages in '/home/wufy/learn_ros2/chap_node'
[0.189s] [34mcolcon.colcon_core.package_identification[0m [1;30mLevel 1[0m _identify(.) by extensions ['ignore', 'ignore_ament_install']
[0.189s] [34mcolcon.colcon_core.package_identification[0m [1;30mLevel 1[0m _identify(.) by extension 'ignore'
[0.189s] [34mcolcon.colcon_core.package_identification[0m [1;30mLevel 1[0m _identify(.) by extension 'ignore_ament_install'
[0.189s] [34mcolcon.colcon_core.package_identification[0m [1;30mLevel 1[0m _identify(.) by extensions ['colcon_pkg']
[0.189s] [34mcolcon.colcon_core.package_identification[0m [1;30mLevel 1[0m _identify(.) by extension 'colcon_pkg'
[0.189s] [34mcolcon.colcon_core.package_identification[0m [1;30mLevel 1[0m _identify(.) by extensions ['colcon_meta']
[0.189s] [34mcolcon.colcon_core.package_identification[0m [1;30mLevel 1[0m _identify(.) by extension 'colcon_meta'
[0.189s] [34mcolcon.colcon_core.package_identification[0m [1;30mLevel 1[0m _identify(.) by extensions ['ros']
[0.189s] [34mcolcon.colcon_core.package_identification[0m [1;30mLevel 1[0m _identify(.) by extension 'ros'
[0.209s] [34mcolcon.colcon_core.package_identification[0m [1;30mLevel 1[0m _identify(.) by extensions ['cmake', 'python']
[0.209s] [34mcolcon.colcon_core.package_identification[0m [1;30mLevel 1[0m _identify(.) by extension 'cmake'
[0.209s] [34mcolcon.colcon_core.package_identification[0m [1;30mLevel 1[0m _identify(.) by extension 'python'
[0.209s] [34mcolcon.colcon_core.package_identification[0m [1;30mLevel 1[0m _identify(.) by extensions ['python_setup_py']
[0.209s] [34mcolcon.colcon_core.package_identification[0m [1;30mLevel 1[0m _identify(.) by extension 'python_setup_py'
[0.209s] [34mcolcon.colcon_core.package_identification[0m [1;30mLevel 1[0m _identify(build) by extensions ['ignore', 'ignore_ament_install']
[0.209s] [34mcolcon.colcon_core.package_identification[0m [1;30mLevel 1[0m _identify(build) by extension 'ignore'
[0.209s] [34mcolcon.colcon_core.package_identification[0m [1;30mLevel 1[0m _identify(build) ignored
[0.209s] [34mcolcon.colcon_core.package_identification[0m [1;30mLevel 1[0m _identify(install) by extensions ['ignore', 'ignore_ament_install']
[0.209s] [34mcolcon.colcon_core.package_identification[0m [1;30mLevel 1[0m _identify(install) by extension 'ignore'
[0.209s] [34mcolcon.colcon_core.package_identification[0m [1;30mLevel 1[0m _identify(install) ignored
[0.209s] [34mcolcon.colcon_core.package_identification[0m [1;30mLevel 1[0m _identify(log) by extensions ['ignore', 'ignore_ament_install']
[0.209s] [34mcolcon.colcon_core.package_identification[0m [1;30mLevel 1[0m _identify(log) by extension 'ignore'
[0.209s] [34mcolcon.colcon_core.package_identification[0m [1;30mLevel 1[0m _identify(log) ignored
[0.209s] [34mcolcon.colcon_core.package_identification[0m [1;30mLevel 1[0m _identify(src) by extensions ['ignore', 'ignore_ament_install']
[0.209s] [34mcolcon.colcon_core.package_identification[0m [1;30mLevel 1[0m _identify(src) by extension 'ignore'
[0.209s] [34mcolcon.colcon_core.package_identification[0m [1;30mLevel 1[0m _identify(src) by extension 'ignore_ament_install'
[0.209s] [34mcolcon.colcon_core.package_identification[0m [1;30mLevel 1[0m _identify(src) by extensions ['colcon_pkg']
[0.209s] [34mcolcon.colcon_core.package_identification[0m [1;30mLevel 1[0m _identify(src) by extension 'colcon_pkg'
[0.209s] [34mcolcon.colcon_core.package_identification[0m [1;30mLevel 1[0m _identify(src) by extensions ['colcon_meta']
[0.209s] [34mcolcon.colcon_core.package_identification[0m [1;30mLevel 1[0m _identify(src) by extension 'colcon_meta'
[0.209s] [34mcolcon.colcon_core.package_identification[0m [1;30mLevel 1[0m _identify(src) by extensions ['ros']
[0.209s] [34mcolcon.colcon_core.package_identification[0m [1;30mLevel 1[0m _identify(src) by extension 'ros'
[0.209s] [34mcolcon.colcon_core.package_identification[0m [1;30mLevel 1[0m _identify(src) by extensions ['cmake', 'python']
[0.209s] [34mcolcon.colcon_core.package_identification[0m [1;30mLevel 1[0m _identify(src) by extension 'cmake'
[0.209s] [34mcolcon.colcon_core.package_identification[0m [1;30mLevel 1[0m _identify(src) by extension 'python'
[0.209s] [34mcolcon.colcon_core.package_identification[0m [1;30mLevel 1[0m _identify(src) by extensions ['python_setup_py']
[0.210s] [34mcolcon.colcon_core.package_identification[0m [1;30mLevel 1[0m _identify(src) by extension 'python_setup_py'
[0.210s] [34mcolcon.colcon_core.package_identification[0m [1;30mLevel 1[0m _identify(src/demo_cpp_pkg) by extensions ['ignore', 'ignore_ament_install']
[0.210s] [34mcolcon.colcon_core.package_identification[0m [1;30mLevel 1[0m _identify(src/demo_cpp_pkg) by extension 'ignore'
[0.210s] [34mcolcon.colcon_core.package_identification[0m [1;30mLevel 1[0m _identify(src/demo_cpp_pkg) by extension 'ignore_ament_install'
[0.210s] [34mcolcon.colcon_core.package_identification[0m [1;30mLevel 1[0m _identify(src/demo_cpp_pkg) by extensions ['colcon_pkg']
[0.210s] [34mcolcon.colcon_core.package_identification[0m [1;30mLevel 1[0m _identify(src/demo_cpp_pkg) by extension 'colcon_pkg'
[0.210s] [34mcolcon.colcon_core.package_identification[0m [1;30mLevel 1[0m _identify(src/demo_cpp_pkg) by extensions ['colcon_meta']
[0.210s] [34mcolcon.colcon_core.package_identification[0m [1;30mLevel 1[0m _identify(src/demo_cpp_pkg) by extension 'colcon_meta'
[0.210s] [34mcolcon.colcon_core.package_identification[0m [1;30mLevel 1[0m _identify(src/demo_cpp_pkg) by extensions ['ros']
[0.210s] [34mcolcon.colcon_core.package_identification[0m [1;30mLevel 1[0m _identify(src/demo_cpp_pkg) by extension 'ros'
[0.211s] [34mcolcon.colcon_core.package_identification[0m [1;30mDEBUG[0m [32mPackage 'src/demo_cpp_pkg' with type 'ros.ament_cmake' and name 'demo_cpp_pkg'[0m
[0.211s] [34mcolcon.colcon_core.package_identification[0m [1;30mLevel 1[0m _identify(src/demo_python_pkg) by extensions ['ignore', 'ignore_ament_install']
[0.212s] [34mcolcon.colcon_core.package_identification[0m [1;30mLevel 1[0m _identify(src/demo_python_pkg) by extension 'ignore'
[0.212s] [34mcolcon.colcon_core.package_identification[0m [1;30mLevel 1[0m _identify(src/demo_python_pkg) by extension 'ignore_ament_install'
[0.212s] [34mcolcon.colcon_core.package_identification[0m [1;30mLevel 1[0m _identify(src/demo_python_pkg) by extensions ['colcon_pkg']
[0.212s] [34mcolcon.colcon_core.package_identification[0m [1;30mLevel 1[0m _identify(src/demo_python_pkg) by extension 'colcon_pkg'
[0.212s] [34mcolcon.colcon_core.package_identification[0m [1;30mLevel 1[0m _identify(src/demo_python_pkg) by extensions ['colcon_meta']
[0.212s] [34mcolcon.colcon_core.package_identification[0m [1;30mLevel 1[0m _identify(src/demo_python_pkg) by extension 'colcon_meta'
[0.212s] [34mcolcon.colcon_core.package_identification[0m [1;30mLevel 1[0m _identify(src/demo_python_pkg) by extensions ['ros']
[0.212s] [34mcolcon.colcon_core.package_identification[0m [1;30mLevel 1[0m _identify(src/demo_python_pkg) by extension 'ros'
[0.212s] [34mcolcon.colcon_core.package_identification[0m [1;30mDEBUG[0m [32mPackage 'src/demo_python_pkg' with type 'ros.ament_python' and name 'demo_python_pkg'[0m
[0.212s] [34mcolcon.colcon_core.package_discovery[0m [1;30mLevel 1[0m discover_packages(recursive) using defaults
[0.212s] [34mcolcon.colcon_core.package_discovery[0m [1;30mLevel 1[0m discover_packages(ignore) discover
[0.212s] [34mcolcon.colcon_core.package_discovery[0m [1;30mLevel 1[0m discover_packages(ignore) using defaults
[0.212s] [34mcolcon.colcon_core.package_discovery[0m [1;30mLevel 1[0m discover_packages(path) discover
[0.212s] [34mcolcon.colcon_core.package_discovery[0m [1;30mLevel 1[0m discover_packages(path) using defaults
[0.222s] [34mcolcon.colcon_core.package_selection[0m [1;30mINFO[0m Skipping not selected package 'demo_python_pkg' in 'src/demo_python_pkg'
[0.223s] [34mcolcon.colcon_core.package_discovery[0m [1;30mLevel 1[0m discover_packages(prefix_path) check parameters
[0.223s] [34mcolcon.colcon_core.package_discovery[0m [1;30mLevel 1[0m discover_packages(prefix_path) discover
[0.224s] [34mcolcon.colcon_installed_package_information.package_discovery[0m [1;30mDEBUG[0m [32mFound 2 installed packages in /home/wufy/learn_ros2/chap_node/install[0m
[0.224s] [34mcolcon.colcon_installed_package_information.package_discovery[0m [1;30mDEBUG[0m [32mFound 4 installed packages in /home/wufy/ros2_ws/install[0m
[0.225s] [34mcolcon.colcon_installed_package_information.package_discovery[0m [1;30mDEBUG[0m [32mFound 290 installed packages in /opt/ros/humble[0m
[0.226s] [34mcolcon.colcon_core.package_discovery[0m [1;30mLevel 1[0m discover_packages(prefix_path) using defaults
[0.248s] [34mcolcon.colcon_core.verb[0m [1;30mLevel 5[0m set package 'demo_cpp_pkg' build argument 'cmake_args' from command line to 'None'
[0.248s] [34mcolcon.colcon_core.verb[0m [1;30mLevel 5[0m set package 'demo_cpp_pkg' build argument 'cmake_target' from command line to 'None'
[0.248s] [34mcolcon.colcon_core.verb[0m [1;30mLevel 5[0m set package 'demo_cpp_pkg' build argument 'cmake_target_skip_unavailable' from command line to 'False'
[0.248s] [34mcolcon.colcon_core.verb[0m [1;30mLevel 5[0m set package 'demo_cpp_pkg' build argument 'cmake_clean_cache' from command line to 'False'
[0.248s] [34mcolcon.colcon_core.verb[0m [1;30mLevel 5[0m set package 'demo_cpp_pkg' build argument 'cmake_clean_first' from command line to 'False'
[0.248s] [34mcolcon.colcon_core.verb[0m [1;30mLevel 5[0m set package 'demo_cpp_pkg' build argument 'cmake_force_configure' from command line to 'False'
[0.248s] [34mcolcon.colcon_core.verb[0m [1;30mLevel 5[0m set package 'demo_cpp_pkg' build argument 'ament_cmake_args' from command line to 'None'
[0.248s] [34mcolcon.colcon_core.verb[0m [1;30mLevel 5[0m set package 'demo_cpp_pkg' build argument 'catkin_cmake_args' from command line to 'None'
[0.248s] [34mcolcon.colcon_core.verb[0m [1;30mLevel 5[0m set package 'demo_cpp_pkg' build argument 'catkin_skip_building_tests' from command line to 'False'
[0.248s] [34mcolcon.colcon_core.verb[0m [1;30mDEBUG[0m [32mBuilding package 'demo_cpp_pkg' with the following arguments: {'ament_cmake_args': None, 'build_base': '/home/wufy/learn_ros2/chap_node/build/demo_cpp_pkg', 'catkin_cmake_args': None, 'catkin_skip_building_tests': False, 'cmake_args': None, 'cmake_clean_cache': False, 'cmake_clean_first': False, 'cmake_force_configure': False, 'cmake_target': None, 'cmake_target_skip_unavailable': False, 'install_base': '/home/wufy/learn_ros2/chap_node/install/demo_cpp_pkg', 'merge_install': False, 'path': '/home/wufy/learn_ros2/chap_node/src/demo_cpp_pkg', 'symlink_install': False, 'test_result_base': None}[0m
[0.248s] [34mcolcon.colcon_core.executor[0m [1;30mINFO[0m Executing jobs using 'parallel' executor
[0.249s] [34mcolcon.colcon_parallel_executor.executor.parallel[0m [1;30mDEBUG[0m [32mrun_until_complete[0m
[0.249s] [34mcolcon.colcon_ros.task.ament_cmake.build[0m [1;30mINFO[0m Building ROS package in '/home/wufy/learn_ros2/chap_node/src/demo_cpp_pkg' with build type 'ament_cmake'
[0.249s] [34mcolcon.colcon_cmake.task.cmake.build[0m [1;30mINFO[0m Building CMake package in '/home/wufy/learn_ros2/chap_node/src/demo_cpp_pkg'
[0.251s] [34mcolcon.colcon_core.plugin_system[0m [1;30mINFO[0m Skipping extension 'colcon_core.shell.bat': Not used on non-Windows systems
[0.251s] [34mcolcon.colcon_core.shell[0m [1;30mINFO[0m Skip shell extension 'powershell' for command environment: Not usable outside of PowerShell
[0.251s] [34mcolcon.colcon_core.shell[0m [1;30mDEBUG[0m [32mSkip shell extension 'dsv' for command environment[0m
[0.261s] [34mcolcon.colcon_core.event_handler.log_command[0m [1;30mDEBUG[0m [32mInvoking command in '/home/wufy/learn_ros2/chap_node/build/demo_cpp_pkg': CMAKE_PREFIX_PATH=${CMAKE_PREFIX_PATH}:/home/wufy/learn_ros2/chap_node/install/demo_python_pkg:/opt/ros/humble /usr/bin/cmake --build /home/wufy/learn_ros2/chap_node/build/demo_cpp_pkg -- -j16 -l16[0m
[0.385s] [34mcolcon.colcon_core.event_handler.log_command[0m [1;30mDEBUG[0m [32mInvoked command in '/home/wufy/learn_ros2/chap_node/build/demo_cpp_pkg' returned '0': CMAKE_PREFIX_PATH=${CMAKE_PREFIX_PATH}:/home/wufy/learn_ros2/chap_node/install/demo_python_pkg:/opt/ros/humble /usr/bin/cmake --build /home/wufy/learn_ros2/chap_node/build/demo_cpp_pkg -- -j16 -l16[0m
[0.421s] [34mcolcon.colcon_core.event_handler.log_command[0m [1;30mDEBUG[0m [32mInvoking command in '/home/wufy/learn_ros2/chap_node/build/demo_cpp_pkg': CMAKE_PREFIX_PATH=${CMAKE_PREFIX_PATH}:/home/wufy/learn_ros2/chap_node/install/demo_python_pkg:/opt/ros/humble /usr/bin/cmake --install /home/wufy/learn_ros2/chap_node/build/demo_cpp_pkg[0m
[0.431s] [34mcolcon.colcon_core.environment[0m [1;30mLevel 1[0m create_environment_scripts_only(demo_cpp_pkg)
[0.431s] [34mcolcon.colcon_core.event_handler.log_command[0m [1;30mDEBUG[0m [32mInvoked command in '/home/wufy/learn_ros2/chap_node/build/demo_cpp_pkg' returned '0': CMAKE_PREFIX_PATH=${CMAKE_PREFIX_PATH}:/home/wufy/learn_ros2/chap_node/install/demo_python_pkg:/opt/ros/humble /usr/bin/cmake --install /home/wufy/learn_ros2/chap_node/build/demo_cpp_pkg[0m
[0.433s] [34mcolcon.colcon_core.environment[0m [1;30mLevel 1[0m checking '/home/wufy/learn_ros2/chap_node/install/demo_cpp_pkg' for CMake module files
[0.434s] [34mcolcon.colcon_core.environment[0m [1;30mLevel 1[0m checking '/home/wufy/learn_ros2/chap_node/install/demo_cpp_pkg' for CMake config files
[0.434s] [34mcolcon.colcon_core.shell[0m [1;30mLevel 1[0m create_environment_hook('demo_cpp_pkg', 'cmake_prefix_path')
[0.434s] [34mcolcon.colcon_core.shell[0m [1;30mINFO[0m Creating environment hook '/home/wufy/learn_ros2/chap_node/install/demo_cpp_pkg/share/demo_cpp_pkg/hook/cmake_prefix_path.ps1'
[0.435s] [34mcolcon.colcon_core.shell[0m [1;30mINFO[0m Creating environment descriptor '/home/wufy/learn_ros2/chap_node/install/demo_cpp_pkg/share/demo_cpp_pkg/hook/cmake_prefix_path.dsv'
[0.435s] [34mcolcon.colcon_core.shell[0m [1;30mINFO[0m Creating environment hook '/home/wufy/learn_ros2/chap_node/install/demo_cpp_pkg/share/demo_cpp_pkg/hook/cmake_prefix_path.sh'
[0.435s] [34mcolcon.colcon_core.environment[0m [1;30mLevel 1[0m checking '/home/wufy/learn_ros2/chap_node/install/demo_cpp_pkg/lib'
[0.436s] [34mcolcon.colcon_core.environment[0m [1;30mLevel 1[0m checking '/home/wufy/learn_ros2/chap_node/install/demo_cpp_pkg/bin'
[0.436s] [34mcolcon.colcon_core.environment[0m [1;30mLevel 1[0m checking '/home/wufy/learn_ros2/chap_node/install/demo_cpp_pkg/lib/pkgconfig/demo_cpp_pkg.pc'
[0.436s] [34mcolcon.colcon_core.environment[0m [1;30mLevel 1[0m checking '/home/wufy/learn_ros2/chap_node/install/demo_cpp_pkg/lib/python3.10/site-packages'
[0.436s] [34mcolcon.colcon_core.environment[0m [1;30mLevel 1[0m checking '/home/wufy/learn_ros2/chap_node/install/demo_cpp_pkg/bin'
[0.436s] [34mcolcon.colcon_core.shell[0m [1;30mINFO[0m Creating package script '/home/wufy/learn_ros2/chap_node/install/demo_cpp_pkg/share/demo_cpp_pkg/package.ps1'
[0.436s] [34mcolcon.colcon_core.shell[0m [1;30mINFO[0m Creating package descriptor '/home/wufy/learn_ros2/chap_node/install/demo_cpp_pkg/share/demo_cpp_pkg/package.dsv'
[0.437s] [34mcolcon.colcon_core.shell[0m [1;30mINFO[0m Creating package script '/home/wufy/learn_ros2/chap_node/install/demo_cpp_pkg/share/demo_cpp_pkg/package.sh'
[0.437s] [34mcolcon.colcon_core.shell[0m [1;30mINFO[0m Creating package script '/home/wufy/learn_ros2/chap_node/install/demo_cpp_pkg/share/demo_cpp_pkg/package.bash'
[0.437s] [34mcolcon.colcon_core.shell[0m [1;30mINFO[0m Creating package script '/home/wufy/learn_ros2/chap_node/install/demo_cpp_pkg/share/demo_cpp_pkg/package.zsh'
[0.438s] [34mcolcon.colcon_core.environment[0m [1;30mLevel 1[0m create_file_with_runtime_dependencies(/home/wufy/learn_ros2/chap_node/install/demo_cpp_pkg/share/colcon-core/packages/demo_cpp_pkg)
[0.438s] [34mcolcon.colcon_core.environment[0m [1;30mLevel 1[0m create_environment_scripts_only(demo_cpp_pkg)
[0.438s] [34mcolcon.colcon_core.environment[0m [1;30mLevel 1[0m checking '/home/wufy/learn_ros2/chap_node/install/demo_cpp_pkg' for CMake module files
[0.438s] [34mcolcon.colcon_core.environment[0m [1;30mLevel 1[0m checking '/home/wufy/learn_ros2/chap_node/install/demo_cpp_pkg' for CMake config files
[0.439s] [34mcolcon.colcon_core.shell[0m [1;30mLevel 1[0m create_environment_hook('demo_cpp_pkg', 'cmake_prefix_path')
[0.439s] [34mcolcon.colcon_core.shell[0m [1;30mINFO[0m Creating environment hook '/home/wufy/learn_ros2/chap_node/install/demo_cpp_pkg/share/demo_cpp_pkg/hook/cmake_prefix_path.ps1'
[0.439s] [34mcolcon.colcon_core.shell[0m [1;30mINFO[0m Creating environment descriptor '/home/wufy/learn_ros2/chap_node/install/demo_cpp_pkg/share/demo_cpp_pkg/hook/cmake_prefix_path.dsv'
[0.439s] [34mcolcon.colcon_core.shell[0m [1;30mINFO[0m Creating environment hook '/home/wufy/learn_ros2/chap_node/install/demo_cpp_pkg/share/demo_cpp_pkg/hook/cmake_prefix_path.sh'
[0.439s] [34mcolcon.colcon_core.environment[0m [1;30mLevel 1[0m checking '/home/wufy/learn_ros2/chap_node/install/demo_cpp_pkg/lib'
[0.439s] [34mcolcon.colcon_core.environment[0m [1;30mLevel 1[0m checking '/home/wufy/learn_ros2/chap_node/install/demo_cpp_pkg/bin'
[0.440s] [34mcolcon.colcon_core.environment[0m [1;30mLevel 1[0m checking '/home/wufy/learn_ros2/chap_node/install/demo_cpp_pkg/lib/pkgconfig/demo_cpp_pkg.pc'
[0.440s] [34mcolcon.colcon_core.environment[0m [1;30mLevel 1[0m checking '/home/wufy/learn_ros2/chap_node/install/demo_cpp_pkg/lib/python3.10/site-packages'
[0.440s] [34mcolcon.colcon_core.environment[0m [1;30mLevel 1[0m checking '/home/wufy/learn_ros2/chap_node/install/demo_cpp_pkg/bin'
[0.440s] [34mcolcon.colcon_core.shell[0m [1;30mINFO[0m Creating package script '/home/wufy/learn_ros2/chap_node/install/demo_cpp_pkg/share/demo_cpp_pkg/package.ps1'
[0.440s] [34mcolcon.colcon_core.shell[0m [1;30mINFO[0m Creating package descriptor '/home/wufy/learn_ros2/chap_node/install/demo_cpp_pkg/share/demo_cpp_pkg/package.dsv'
[0.440s] [34mcolcon.colcon_core.shell[0m [1;30mINFO[0m Creating package script '/home/wufy/learn_ros2/chap_node/install/demo_cpp_pkg/share/demo_cpp_pkg/package.sh'
[0.441s] [34mcolcon.colcon_core.shell[0m [1;30mINFO[0m Creating package script '/home/wufy/learn_ros2/chap_node/install/demo_cpp_pkg/share/demo_cpp_pkg/package.bash'
[0.441s] [34mcolcon.colcon_core.shell[0m [1;30mINFO[0m Creating package script '/home/wufy/learn_ros2/chap_node/install/demo_cpp_pkg/share/demo_cpp_pkg/package.zsh'
[0.441s] [34mcolcon.colcon_core.environment[0m [1;30mLevel 1[0m create_file_with_runtime_dependencies(/home/wufy/learn_ros2/chap_node/install/demo_cpp_pkg/share/colcon-core/packages/demo_cpp_pkg)
[0.441s] [34mcolcon.colcon_parallel_executor.executor.parallel[0m [1;30mDEBUG[0m [32mclosing loop[0m
[0.441s] [34mcolcon.colcon_parallel_executor.executor.parallel[0m [1;30mDEBUG[0m [32mloop closed[0m
[0.442s] [34mcolcon.colcon_parallel_executor.executor.parallel[0m [1;30mDEBUG[0m [32mrun_until_complete finished with '0'[0m
[0.442s] [34mcolcon.colcon_core.event_reactor[0m [1;30mDEBUG[0m [32mjoining thread[0m
[0.445s] [34mcolcon.colcon_core.plugin_system[0m [1;30mINFO[0m Skipping extension 'colcon_notification.desktop_notification.terminal_notifier': Not used on non-Darwin systems
[0.445s] [34mcolcon.colcon_core.plugin_system[0m [1;30mINFO[0m Skipping extension 'colcon_notification.desktop_notification.win32': Not used on non-Windows systems
[0.445s] [34mcolcon.colcon_notification.desktop_notification[0m [1;30mINFO[0m Sending desktop notification using 'notify2'
[0.457s] [34mcolcon.colcon_core.event_reactor[0m [1;30mDEBUG[0m [32mjoined thread[0m
[0.457s] [34mcolcon.colcon_core.shell[0m [1;30mINFO[0m Creating prefix script '/home/wufy/learn_ros2/chap_node/install/local_setup.ps1'
[0.461s] [34mcolcon.colcon_core.shell[0m [1;30mINFO[0m Creating prefix util module '/home/wufy/learn_ros2/chap_node/install/_local_setup_util_ps1.py'
[0.462s] [34mcolcon.colcon_core.shell[0m [1;30mINFO[0m Creating prefix chain script '/home/wufy/learn_ros2/chap_node/install/setup.ps1'
[0.464s] [34mcolcon.colcon_core.shell[0m [1;30mINFO[0m Creating prefix script '/home/wufy/learn_ros2/chap_node/install/local_setup.sh'
[0.464s] [34mcolcon.colcon_core.shell[0m [1;30mINFO[0m Creating prefix util module '/home/wufy/learn_ros2/chap_node/install/_local_setup_util_sh.py'
[0.464s] [34mcolcon.colcon_core.shell[0m [1;30mINFO[0m Creating prefix chain script '/home/wufy/learn_ros2/chap_node/install/setup.sh'
[0.466s] [34mcolcon.colcon_core.shell[0m [1;30mINFO[0m Creating prefix script '/home/wufy/learn_ros2/chap_node/install/local_setup.bash'
[0.466s] [34mcolcon.colcon_core.shell[0m [1;30mINFO[0m Creating prefix chain script '/home/wufy/learn_ros2/chap_node/install/setup.bash'
[0.467s] [34mcolcon.colcon_core.shell[0m [1;30mINFO[0m Creating prefix script '/home/wufy/learn_ros2/chap_node/install/local_setup.zsh'
[0.468s] [34mcolcon.colcon_core.shell[0m [1;30mINFO[0m Creating prefix chain script '/home/wufy/learn_ros2/chap_node/install/setup.zsh'
