[0.901s] Invoking command in '/home/wufy/learn_ros2/chap_node/src/demo_python_pkg': PYTHONPATH=/home/wufy/learn_ros2/chap_node/build/demo_python_pkg/prefix_override:/usr/lib/python3/dist-packages/colcon_core/task/python/colcon_distutils_commands:/home/wufy/learn_ros2/chap_node/install/demo_python_pkg/lib/python3.10/site-packages:${PYTHONPATH} /usr/bin/python3 -W ignore:setup.py install is deprecated -W ignore:easy_install command is deprecated setup.py egg_info --egg-base ../../build/demo_python_pkg build --build-base /home/wufy/learn_ros2/chap_node/build/demo_python_pkg/build install --record /home/wufy/learn_ros2/chap_node/build/demo_python_pkg/install.log --single-version-externally-managed install_data
[1.168s] running egg_info
[1.168s] creating ../../build/demo_python_pkg/demo_python_pkg.egg-info
[1.168s] writing ../../build/demo_python_pkg/demo_python_pkg.egg-info/PKG-INFO
[1.169s] writing dependency_links to ../../build/demo_python_pkg/demo_python_pkg.egg-info/dependency_links.txt
[1.169s] writing entry points to ../../build/demo_python_pkg/demo_python_pkg.egg-info/entry_points.txt
[1.169s] writing requirements to ../../build/demo_python_pkg/demo_python_pkg.egg-info/requires.txt
[1.169s] writing top-level names to ../../build/demo_python_pkg/demo_python_pkg.egg-info/top_level.txt
[1.169s] writing manifest file '../../build/demo_python_pkg/demo_python_pkg.egg-info/SOURCES.txt'
[1.170s] reading manifest file '../../build/demo_python_pkg/demo_python_pkg.egg-info/SOURCES.txt'
[1.170s] adding license file 'LICENSE'
[1.171s] writing manifest file '../../build/demo_python_pkg/demo_python_pkg.egg-info/SOURCES.txt'
[1.171s] running build
[1.171s] running build_py
[1.171s] creating /home/wufy/learn_ros2/chap_node/build/demo_python_pkg/build
[1.171s] creating /home/wufy/learn_ros2/chap_node/build/demo_python_pkg/build/lib
[1.171s] creating /home/wufy/learn_ros2/chap_node/build/demo_python_pkg/build/lib/demo_python_pkg
[1.171s] copying demo_python_pkg/python_node.py -> /home/wufy/learn_ros2/chap_node/build/demo_python_pkg/build/lib/demo_python_pkg
[1.171s] copying demo_python_pkg/__init__.py -> /home/wufy/learn_ros2/chap_node/build/demo_python_pkg/build/lib/demo_python_pkg
[1.171s] running install
[1.171s] running install_lib
[1.172s] creating /home/wufy/learn_ros2/chap_node/install/demo_python_pkg/lib/python3.10/site-packages/demo_python_pkg
[1.172s] copying /home/wufy/learn_ros2/chap_node/build/demo_python_pkg/build/lib/demo_python_pkg/python_node.py -> /home/wufy/learn_ros2/chap_node/install/demo_python_pkg/lib/python3.10/site-packages/demo_python_pkg
[1.172s] copying /home/wufy/learn_ros2/chap_node/build/demo_python_pkg/build/lib/demo_python_pkg/__init__.py -> /home/wufy/learn_ros2/chap_node/install/demo_python_pkg/lib/python3.10/site-packages/demo_python_pkg
[1.173s] byte-compiling /home/wufy/learn_ros2/chap_node/install/demo_python_pkg/lib/python3.10/site-packages/demo_python_pkg/python_node.py to python_node.cpython-310.pyc
[1.173s] byte-compiling /home/wufy/learn_ros2/chap_node/install/demo_python_pkg/lib/python3.10/site-packages/demo_python_pkg/__init__.py to __init__.cpython-310.pyc
[1.173s] running install_data
[1.173s] creating /home/wufy/learn_ros2/chap_node/install/demo_python_pkg/share/ament_index
[1.173s] creating /home/wufy/learn_ros2/chap_node/install/demo_python_pkg/share/ament_index/resource_index
[1.173s] creating /home/wufy/learn_ros2/chap_node/install/demo_python_pkg/share/ament_index/resource_index/packages
[1.173s] copying resource/demo_python_pkg -> /home/wufy/learn_ros2/chap_node/install/demo_python_pkg/share/ament_index/resource_index/packages
[1.173s] copying package.xml -> /home/wufy/learn_ros2/chap_node/install/demo_python_pkg/share/demo_python_pkg
[1.173s] running install_egg_info
[1.175s] Copying ../../build/demo_python_pkg/demo_python_pkg.egg-info to /home/wufy/learn_ros2/chap_node/install/demo_python_pkg/lib/python3.10/site-packages/demo_python_pkg-0.0.0-py3.10.egg-info
[1.175s] running install_scripts
[1.191s] Installing python_node script to /home/wufy/learn_ros2/chap_node/install/demo_python_pkg/lib/demo_python_pkg
[1.191s] writing list of installed files to '/home/wufy/learn_ros2/chap_node/build/demo_python_pkg/install.log'
[1.279s] Invoked command in '/home/wufy/learn_ros2/chap_node/src/demo_python_pkg' returned '0': PYTHONPATH=/home/wufy/learn_ros2/chap_node/build/demo_python_pkg/prefix_override:/usr/lib/python3/dist-packages/colcon_core/task/python/colcon_distutils_commands:/home/wufy/learn_ros2/chap_node/install/demo_python_pkg/lib/python3.10/site-packages:${PYTHONPATH} /usr/bin/python3 -W ignore:setup.py install is deprecated -W ignore:easy_install command is deprecated setup.py egg_info --egg-base ../../build/demo_python_pkg build --build-base /home/wufy/learn_ros2/chap_node/build/demo_python_pkg/build install --record /home/wufy/learn_ros2/chap_node/build/demo_python_pkg/install.log --single-version-externally-managed install_data
