[0.144s] Invoking command in '/home/wufy/learn_ros2/learn_ros2/chap_topic/build/status_interfaces': CMAKE_PREFIX_PATH=${CMAKE_PREFIX_PATH}:/home/wufy/learn_ros2/learn_ros2/chap_topic/install/status_pulisher:/home/wufy/learn_ros2/learn_ros2/chap_topic/install/demo_python_topic:/opt/ros/humble /usr/bin/cmake /home/wufy/learn_ros2/learn_ros2/chap_topic/src/status_interfaces -DCMAKE_INSTALL_PREFIX=/home/wufy/learn_ros2/learn_ros2/chap_topic/install/status_interfaces
[0.184s] -- The C compiler identification is GNU 11.4.0
[0.224s] -- The CXX compiler identification is GNU 11.4.0
[0.229s] -- Detecting C compiler ABI info
[0.288s] -- Detecting C compiler ABI info - done
[0.292s] -- Check for working C compiler: /usr/bin/cc - skipped
[0.292s] -- Detecting C compile features
[0.292s] -- Detecting C compile features - done
[0.294s] -- Detecting CXX compiler ABI info
[0.358s] -- Detecting CXX compiler ABI info - done
[0.362s] -- Check for working CXX compiler: /usr/bin/c++ - skipped
[0.362s] -- Detecting CXX compile features
[0.362s] -- Detecting CXX compile features - done
[0.364s] -- Found ament_cmake: 1.3.11 (/opt/ros/humble/share/ament_cmake/cmake)
[0.467s] -- Found Python3: /usr/bin/python3 (found version "3.10.12") found components: Interpreter 
[0.523s] -- Found builtin_interfaces: 1.2.1 (/opt/ros/humble/share/builtin_interfaces/cmake)
[0.542s] -- Found rosidl_generator_c: 3.1.6 (/opt/ros/humble/share/rosidl_generator_c/cmake)
[0.545s] -- Found rosidl_adapter: 3.1.6 (/opt/ros/humble/share/rosidl_adapter/cmake)
[0.551s] -- Found rosidl_generator_cpp: 3.1.6 (/opt/ros/humble/share/rosidl_generator_cpp/cmake)
[0.558s] -- Using all available rosidl_typesupport_c: rosidl_typesupport_fastrtps_c;rosidl_typesupport_introspection_c
[0.567s] -- Using all available rosidl_typesupport_cpp: rosidl_typesupport_fastrtps_cpp;rosidl_typesupport_introspection_cpp
[0.576s] -- Found rosidl_default_generators: 1.2.0 (/opt/ros/humble/share/rosidl_default_generators/cmake)
[0.742s] -- Found ament_cmake_ros: 0.10.0 (/opt/ros/humble/share/ament_cmake_ros/cmake)
[0.945s] -- Using all available rosidl_typesupport_c: rosidl_typesupport_fastrtps_c;rosidl_typesupport_introspection_c
[1.030s] -- Using all available rosidl_typesupport_cpp: rosidl_typesupport_fastrtps_cpp;rosidl_typesupport_introspection_cpp
[1.048s] -- Found PythonInterp: /usr/bin/python3 (found suitable version "3.10.12", minimum required is "3.6") 
[1.049s] -- Found python_cmake_module: 0.10.0 (/opt/ros/humble/share/python_cmake_module/cmake)
[1.069s] -- Found PythonLibs: /usr/lib/x86_64-linux-gnu/libpython3.10.so (found suitable version "3.10.12", minimum required is "3.5") 
[1.069s] -- Using PYTHON_EXECUTABLE: /usr/bin/python3
[1.069s] -- Using PYTHON_INCLUDE_DIRS: /usr/include/python3.10
[1.069s] -- Using PYTHON_LIBRARIES: /usr/lib/x86_64-linux-gnu/libpython3.10.so
[1.085s] -- Found PythonExtra: .so  
[1.110s] -- Found ament_lint_auto: 0.12.11 (/opt/ros/humble/share/ament_lint_auto/cmake)
[1.123s] -- Added test 'lint_cmake' to check CMake code style
[1.124s] -- Added test 'xmllint' to check XML markup files
[1.127s] -- Configuring done
[1.153s] -- Generating done
[1.161s] -- Build files have been written to: /home/wufy/learn_ros2/learn_ros2/chap_topic/build/status_interfaces
[1.168s] Invoked command in '/home/wufy/learn_ros2/learn_ros2/chap_topic/build/status_interfaces' returned '0': CMAKE_PREFIX_PATH=${CMAKE_PREFIX_PATH}:/home/wufy/learn_ros2/learn_ros2/chap_topic/install/status_pulisher:/home/wufy/learn_ros2/learn_ros2/chap_topic/install/demo_python_topic:/opt/ros/humble /usr/bin/cmake /home/wufy/learn_ros2/learn_ros2/chap_topic/src/status_interfaces -DCMAKE_INSTALL_PREFIX=/home/wufy/learn_ros2/learn_ros2/chap_topic/install/status_interfaces
[1.169s] Invoking command in '/home/wufy/learn_ros2/learn_ros2/chap_topic/build/status_interfaces': CMAKE_PREFIX_PATH=${CMAKE_PREFIX_PATH}:/home/wufy/learn_ros2/learn_ros2/chap_topic/install/status_pulisher:/home/wufy/learn_ros2/learn_ros2/chap_topic/install/demo_python_topic:/opt/ros/humble /usr/bin/cmake --build /home/wufy/learn_ros2/learn_ros2/chap_topic/build/status_interfaces -- -j16 -l16
[1.203s] [  3%] [34m[1mGenerating C code for ROS interfaces[0m
[1.210s] [  6%] [34m[1mGenerating C++ code for ROS interfaces[0m
[1.218s] [  6%] Built target ament_cmake_python_copy_status_interfaces
[1.359s] running egg_info
[1.360s] creating status_interfaces.egg-info
[1.360s] writing status_interfaces.egg-info/PKG-INFO
[1.360s] writing dependency_links to status_interfaces.egg-info/dependency_links.txt
[1.360s] writing top-level names to status_interfaces.egg-info/top_level.txt
[1.360s] writing manifest file 'status_interfaces.egg-info/SOURCES.txt'
[1.361s] reading manifest file 'status_interfaces.egg-info/SOURCES.txt'
[1.362s] writing manifest file 'status_interfaces.egg-info/SOURCES.txt'
[1.391s] [  6%] Built target ament_cmake_python_build_status_interfaces_egg
[1.410s] [  9%] [32mBuilding C object CMakeFiles/status_interfaces__rosidl_generator_c.dir/rosidl_generator_c/status_interfaces/msg/detail/system_status__functions.c.o[0m
[1.410s] [  9%] Built target status_interfaces__cpp
[1.418s] [ 16%] [34m[1mGenerating C++ introspection for ROS interfaces[0m
[1.418s] [ 19%] [34m[1mGenerating C++ type support dispatch for ROS interfaces[0m
[1.418s] [ 19%] [34m[1mGenerating C++ type support for eProsima Fast-RTPS[0m
[1.445s] [ 22%] [32m[1mLinking C shared library libstatus_interfaces__rosidl_generator_c.so[0m
[1.476s] [ 22%] Built target status_interfaces__rosidl_generator_c
[1.484s] [ 32%] [34m[1mGenerating C type support for eProsima Fast-RTPS[0m
[1.484s] [ 32%] [34m[1mGenerating C introspection for ROS interfaces[0m
[1.484s] [ 32%] [34m[1mGenerating C type support dispatch for ROS interfaces[0m
[1.605s] [ 35%] [32mBuilding CXX object CMakeFiles/status_interfaces__rosidl_typesupport_cpp.dir/rosidl_typesupport_cpp/status_interfaces/msg/system_status__type_support.cpp.o[0m
[1.631s] [ 38%] [32mBuilding CXX object CMakeFiles/status_interfaces__rosidl_typesupport_fastrtps_cpp.dir/rosidl_typesupport_fastrtps_cpp/status_interfaces/msg/detail/dds_fastrtps/system_status__type_support.cpp.o[0m
[1.640s] [ 41%] [32mBuilding CXX object CMakeFiles/status_interfaces__rosidl_typesupport_introspection_cpp.dir/rosidl_typesupport_introspection_cpp/status_interfaces/msg/detail/system_status__type_support.cpp.o[0m
[1.687s] [ 45%] [32mBuilding CXX object CMakeFiles/status_interfaces__rosidl_typesupport_c.dir/rosidl_typesupport_c/status_interfaces/msg/system_status__type_support.cpp.o[0m
[1.707s] [ 48%] [32mBuilding CXX object CMakeFiles/status_interfaces__rosidl_typesupport_fastrtps_c.dir/rosidl_typesupport_fastrtps_c/status_interfaces/msg/detail/system_status__type_support_c.cpp.o[0m
[1.710s] [ 51%] [32m[1mLinking CXX shared library libstatus_interfaces__rosidl_typesupport_c.so[0m
[1.723s] [ 54%] [32mBuilding C object CMakeFiles/status_interfaces__rosidl_typesupport_introspection_c.dir/rosidl_typesupport_introspection_c/status_interfaces/msg/detail/system_status__type_support.c.o[0m
[1.752s] [ 54%] Built target status_interfaces__rosidl_typesupport_c
[1.753s] [ 58%] [32m[1mLinking C shared library libstatus_interfaces__rosidl_typesupport_introspection_c.so[0m
[1.779s] [ 58%] Built target status_interfaces__rosidl_typesupport_introspection_c
[1.799s] [ 61%] [32m[1mLinking CXX shared library libstatus_interfaces__rosidl_typesupport_cpp.so[0m
[1.835s] [ 61%] Built target status_interfaces__rosidl_typesupport_cpp
[1.900s] [ 64%] [32m[1mLinking CXX shared library libstatus_interfaces__rosidl_typesupport_introspection_cpp.so[0m
[1.905s] [ 67%] [32m[1mLinking CXX shared library libstatus_interfaces__rosidl_typesupport_fastrtps_cpp.so[0m
[1.948s] [ 70%] [32m[1mLinking CXX shared library libstatus_interfaces__rosidl_typesupport_fastrtps_c.so[0m
[1.960s] [ 70%] Built target status_interfaces__rosidl_typesupport_introspection_cpp
[1.978s] [ 70%] Built target status_interfaces__rosidl_typesupport_fastrtps_cpp
[2.008s] [ 70%] Built target status_interfaces__rosidl_typesupport_fastrtps_c
[2.026s] [ 70%] Built target status_interfaces
[2.046s] [ 74%] [34m[1mGenerating Python code for ROS interfaces[0m
[2.309s] [ 74%] Built target status_interfaces__py
[2.327s] [ 77%] [32mBuilding C object CMakeFiles/status_interfaces__rosidl_generator_py.dir/rosidl_generator_py/status_interfaces/msg/_system_status_s.c.o[0m
[2.397s] [ 80%] [32m[1mLinking C shared library rosidl_generator_py/status_interfaces/libstatus_interfaces__rosidl_generator_py.so[0m
[2.429s] [ 80%] Built target status_interfaces__rosidl_generator_py
[2.445s] [ 90%] [32mBuilding C object CMakeFiles/status_interfaces__rosidl_typesupport_fastrtps_c__pyext.dir/rosidl_generator_py/status_interfaces/_status_interfaces_s.ep.rosidl_typesupport_fastrtps_c.c.o[0m
[2.445s] [ 90%] [32mBuilding C object CMakeFiles/status_interfaces__rosidl_typesupport_c__pyext.dir/rosidl_generator_py/status_interfaces/_status_interfaces_s.ep.rosidl_typesupport_c.c.o[0m
[2.445s] [ 90%] [32mBuilding C object CMakeFiles/status_interfaces__rosidl_typesupport_introspection_c__pyext.dir/rosidl_generator_py/status_interfaces/_status_interfaces_s.ep.rosidl_typesupport_introspection_c.c.o[0m
[2.508s] [100%] [32m[1mLinking C shared library rosidl_generator_py/status_interfaces/status_interfaces_s__rosidl_typesupport_introspection_c.cpython-310-x86_64-linux-gnu.so[0m
[2.508s] [100%] [32m[1mLinking C shared library rosidl_generator_py/status_interfaces/status_interfaces_s__rosidl_typesupport_fastrtps_c.cpython-310-x86_64-linux-gnu.so[0m
[2.508s] [100%] [32m[1mLinking C shared library rosidl_generator_py/status_interfaces/status_interfaces_s__rosidl_typesupport_c.cpython-310-x86_64-linux-gnu.so[0m
[2.534s] [100%] Built target status_interfaces__rosidl_typesupport_fastrtps_c__pyext
[2.534s] [100%] Built target status_interfaces__rosidl_typesupport_c__pyext
[2.534s] [100%] Built target status_interfaces__rosidl_typesupport_introspection_c__pyext
[2.544s] Invoked command in '/home/wufy/learn_ros2/learn_ros2/chap_topic/build/status_interfaces' returned '0': CMAKE_PREFIX_PATH=${CMAKE_PREFIX_PATH}:/home/wufy/learn_ros2/learn_ros2/chap_topic/install/status_pulisher:/home/wufy/learn_ros2/learn_ros2/chap_topic/install/demo_python_topic:/opt/ros/humble /usr/bin/cmake --build /home/wufy/learn_ros2/learn_ros2/chap_topic/build/status_interfaces -- -j16 -l16
[2.553s] Invoking command in '/home/wufy/learn_ros2/learn_ros2/chap_topic/build/status_interfaces': CMAKE_PREFIX_PATH=${CMAKE_PREFIX_PATH}:/home/wufy/learn_ros2/learn_ros2/chap_topic/install/status_pulisher:/home/wufy/learn_ros2/learn_ros2/chap_topic/install/demo_python_topic:/opt/ros/humble /usr/bin/cmake --install /home/wufy/learn_ros2/learn_ros2/chap_topic/build/status_interfaces
[2.559s] -- Install configuration: ""
[2.559s] -- Installing: /home/wufy/learn_ros2/learn_ros2/chap_topic/install/status_interfaces/share/ament_index/resource_index/rosidl_interfaces/status_interfaces
[2.559s] -- Installing: /home/wufy/learn_ros2/learn_ros2/chap_topic/install/status_interfaces/include/status_interfaces/status_interfaces
[2.559s] -- Installing: /home/wufy/learn_ros2/learn_ros2/chap_topic/install/status_interfaces/include/status_interfaces/status_interfaces/msg
[2.559s] -- Installing: /home/wufy/learn_ros2/learn_ros2/chap_topic/install/status_interfaces/include/status_interfaces/status_interfaces/msg/system_status.h
[2.560s] -- Installing: /home/wufy/learn_ros2/learn_ros2/chap_topic/install/status_interfaces/include/status_interfaces/status_interfaces/msg/detail
[2.560s] -- Installing: /home/wufy/learn_ros2/learn_ros2/chap_topic/install/status_interfaces/include/status_interfaces/status_interfaces/msg/detail/system_status__type_support.h
[2.560s] -- Installing: /home/wufy/learn_ros2/learn_ros2/chap_topic/install/status_interfaces/include/status_interfaces/status_interfaces/msg/detail/system_status__functions.c
[2.560s] -- Installing: /home/wufy/learn_ros2/learn_ros2/chap_topic/install/status_interfaces/include/status_interfaces/status_interfaces/msg/detail/system_status__struct.h
[2.560s] -- Installing: /home/wufy/learn_ros2/learn_ros2/chap_topic/install/status_interfaces/include/status_interfaces/status_interfaces/msg/detail/system_status__functions.h
[2.560s] -- Installing: /home/wufy/learn_ros2/learn_ros2/chap_topic/install/status_interfaces/include/status_interfaces/status_interfaces/msg/rosidl_generator_c__visibility_control.h
[2.560s] -- Installing: /home/wufy/learn_ros2/learn_ros2/chap_topic/install/status_interfaces/share/status_interfaces/environment/library_path.sh
[2.560s] -- Installing: /home/wufy/learn_ros2/learn_ros2/chap_topic/install/status_interfaces/share/status_interfaces/environment/library_path.dsv
[2.560s] -- Installing: /home/wufy/learn_ros2/learn_ros2/chap_topic/install/status_interfaces/lib/libstatus_interfaces__rosidl_generator_c.so
[2.560s] -- Set runtime path of "/home/wufy/learn_ros2/learn_ros2/chap_topic/install/status_interfaces/lib/libstatus_interfaces__rosidl_generator_c.so" to ""
[2.560s] -- Up-to-date: /home/wufy/learn_ros2/learn_ros2/chap_topic/install/status_interfaces/include/status_interfaces/status_interfaces
[2.560s] -- Up-to-date: /home/wufy/learn_ros2/learn_ros2/chap_topic/install/status_interfaces/include/status_interfaces/status_interfaces/msg
[2.560s] -- Up-to-date: /home/wufy/learn_ros2/learn_ros2/chap_topic/install/status_interfaces/include/status_interfaces/status_interfaces/msg/detail
[2.560s] -- Installing: /home/wufy/learn_ros2/learn_ros2/chap_topic/install/status_interfaces/include/status_interfaces/status_interfaces/msg/detail/system_status__rosidl_typesupport_fastrtps_c.h
[2.561s] -- Installing: /home/wufy/learn_ros2/learn_ros2/chap_topic/install/status_interfaces/include/status_interfaces/status_interfaces/msg/rosidl_typesupport_fastrtps_c__visibility_control.h
[2.561s] -- Installing: /home/wufy/learn_ros2/learn_ros2/chap_topic/install/status_interfaces/lib/libstatus_interfaces__rosidl_typesupport_fastrtps_c.so
[2.561s] -- Set runtime path of "/home/wufy/learn_ros2/learn_ros2/chap_topic/install/status_interfaces/lib/libstatus_interfaces__rosidl_typesupport_fastrtps_c.so" to ""
[2.561s] -- Up-to-date: /home/wufy/learn_ros2/learn_ros2/chap_topic/install/status_interfaces/include/status_interfaces/status_interfaces
[2.561s] -- Up-to-date: /home/wufy/learn_ros2/learn_ros2/chap_topic/install/status_interfaces/include/status_interfaces/status_interfaces/msg
[2.561s] -- Installing: /home/wufy/learn_ros2/learn_ros2/chap_topic/install/status_interfaces/include/status_interfaces/status_interfaces/msg/rosidl_generator_cpp__visibility_control.hpp
[2.561s] -- Up-to-date: /home/wufy/learn_ros2/learn_ros2/chap_topic/install/status_interfaces/include/status_interfaces/status_interfaces/msg/detail
[2.561s] -- Installing: /home/wufy/learn_ros2/learn_ros2/chap_topic/install/status_interfaces/include/status_interfaces/status_interfaces/msg/detail/system_status__struct.hpp
[2.561s] -- Installing: /home/wufy/learn_ros2/learn_ros2/chap_topic/install/status_interfaces/include/status_interfaces/status_interfaces/msg/detail/system_status__type_support.hpp
[2.561s] -- Installing: /home/wufy/learn_ros2/learn_ros2/chap_topic/install/status_interfaces/include/status_interfaces/status_interfaces/msg/detail/system_status__traits.hpp
[2.561s] -- Installing: /home/wufy/learn_ros2/learn_ros2/chap_topic/install/status_interfaces/include/status_interfaces/status_interfaces/msg/detail/system_status__builder.hpp
[2.561s] -- Installing: /home/wufy/learn_ros2/learn_ros2/chap_topic/install/status_interfaces/include/status_interfaces/status_interfaces/msg/system_status.hpp
[2.561s] -- Up-to-date: /home/wufy/learn_ros2/learn_ros2/chap_topic/install/status_interfaces/include/status_interfaces/status_interfaces
[2.562s] -- Up-to-date: /home/wufy/learn_ros2/learn_ros2/chap_topic/install/status_interfaces/include/status_interfaces/status_interfaces/msg
[2.562s] -- Up-to-date: /home/wufy/learn_ros2/learn_ros2/chap_topic/install/status_interfaces/include/status_interfaces/status_interfaces/msg/detail
[2.562s] -- Installing: /home/wufy/learn_ros2/learn_ros2/chap_topic/install/status_interfaces/include/status_interfaces/status_interfaces/msg/detail/system_status__rosidl_typesupport_fastrtps_cpp.hpp
[2.562s] -- Installing: /home/wufy/learn_ros2/learn_ros2/chap_topic/install/status_interfaces/include/status_interfaces/status_interfaces/msg/detail/dds_fastrtps
[2.562s] -- Installing: /home/wufy/learn_ros2/learn_ros2/chap_topic/install/status_interfaces/include/status_interfaces/status_interfaces/msg/rosidl_typesupport_fastrtps_cpp__visibility_control.h
[2.562s] -- Installing: /home/wufy/learn_ros2/learn_ros2/chap_topic/install/status_interfaces/lib/libstatus_interfaces__rosidl_typesupport_fastrtps_cpp.so
[2.562s] -- Set runtime path of "/home/wufy/learn_ros2/learn_ros2/chap_topic/install/status_interfaces/lib/libstatus_interfaces__rosidl_typesupport_fastrtps_cpp.so" to ""
[2.562s] -- Up-to-date: /home/wufy/learn_ros2/learn_ros2/chap_topic/install/status_interfaces/include/status_interfaces/status_interfaces
[2.562s] -- Up-to-date: /home/wufy/learn_ros2/learn_ros2/chap_topic/install/status_interfaces/include/status_interfaces/status_interfaces/msg
[2.562s] -- Up-to-date: /home/wufy/learn_ros2/learn_ros2/chap_topic/install/status_interfaces/include/status_interfaces/status_interfaces/msg/detail
[2.562s] -- Installing: /home/wufy/learn_ros2/learn_ros2/chap_topic/install/status_interfaces/include/status_interfaces/status_interfaces/msg/detail/system_status__rosidl_typesupport_introspection_c.h
[2.562s] -- Installing: /home/wufy/learn_ros2/learn_ros2/chap_topic/install/status_interfaces/include/status_interfaces/status_interfaces/msg/detail/system_status__type_support.c
[2.562s] -- Installing: /home/wufy/learn_ros2/learn_ros2/chap_topic/install/status_interfaces/include/status_interfaces/status_interfaces/msg/rosidl_typesupport_introspection_c__visibility_control.h
[2.562s] -- Installing: /home/wufy/learn_ros2/learn_ros2/chap_topic/install/status_interfaces/lib/libstatus_interfaces__rosidl_typesupport_introspection_c.so
[2.563s] -- Set runtime path of "/home/wufy/learn_ros2/learn_ros2/chap_topic/install/status_interfaces/lib/libstatus_interfaces__rosidl_typesupport_introspection_c.so" to ""
[2.563s] -- Installing: /home/wufy/learn_ros2/learn_ros2/chap_topic/install/status_interfaces/lib/libstatus_interfaces__rosidl_typesupport_c.so
[2.563s] -- Set runtime path of "/home/wufy/learn_ros2/learn_ros2/chap_topic/install/status_interfaces/lib/libstatus_interfaces__rosidl_typesupport_c.so" to ""
[2.563s] -- Up-to-date: /home/wufy/learn_ros2/learn_ros2/chap_topic/install/status_interfaces/include/status_interfaces/status_interfaces
[2.563s] -- Up-to-date: /home/wufy/learn_ros2/learn_ros2/chap_topic/install/status_interfaces/include/status_interfaces/status_interfaces/msg
[2.563s] -- Up-to-date: /home/wufy/learn_ros2/learn_ros2/chap_topic/install/status_interfaces/include/status_interfaces/status_interfaces/msg/detail
[2.563s] -- Installing: /home/wufy/learn_ros2/learn_ros2/chap_topic/install/status_interfaces/include/status_interfaces/status_interfaces/msg/detail/system_status__rosidl_typesupport_introspection_cpp.hpp
[2.563s] -- Installing: /home/wufy/learn_ros2/learn_ros2/chap_topic/install/status_interfaces/include/status_interfaces/status_interfaces/msg/detail/system_status__type_support.cpp
[2.564s] -- Installing: /home/wufy/learn_ros2/learn_ros2/chap_topic/install/status_interfaces/lib/libstatus_interfaces__rosidl_typesupport_introspection_cpp.so
[2.564s] -- Set runtime path of "/home/wufy/learn_ros2/learn_ros2/chap_topic/install/status_interfaces/lib/libstatus_interfaces__rosidl_typesupport_introspection_cpp.so" to ""
[2.564s] -- Installing: /home/wufy/learn_ros2/learn_ros2/chap_topic/install/status_interfaces/lib/libstatus_interfaces__rosidl_typesupport_cpp.so
[2.564s] -- Set runtime path of "/home/wufy/learn_ros2/learn_ros2/chap_topic/install/status_interfaces/lib/libstatus_interfaces__rosidl_typesupport_cpp.so" to ""
[2.564s] -- Installing: /home/wufy/learn_ros2/learn_ros2/chap_topic/install/status_interfaces/share/status_interfaces/environment/pythonpath.sh
[2.564s] -- Installing: /home/wufy/learn_ros2/learn_ros2/chap_topic/install/status_interfaces/share/status_interfaces/environment/pythonpath.dsv
[2.564s] -- Installing: /home/wufy/learn_ros2/learn_ros2/chap_topic/install/status_interfaces/local/lib/python3.10/dist-packages/status_interfaces-0.0.0-py3.10.egg-info
[2.564s] -- Installing: /home/wufy/learn_ros2/learn_ros2/chap_topic/install/status_interfaces/local/lib/python3.10/dist-packages/status_interfaces-0.0.0-py3.10.egg-info/PKG-INFO
[2.565s] -- Installing: /home/wufy/learn_ros2/learn_ros2/chap_topic/install/status_interfaces/local/lib/python3.10/dist-packages/status_interfaces-0.0.0-py3.10.egg-info/dependency_links.txt
[2.565s] -- Installing: /home/wufy/learn_ros2/learn_ros2/chap_topic/install/status_interfaces/local/lib/python3.10/dist-packages/status_interfaces-0.0.0-py3.10.egg-info/SOURCES.txt
[2.565s] -- Installing: /home/wufy/learn_ros2/learn_ros2/chap_topic/install/status_interfaces/local/lib/python3.10/dist-packages/status_interfaces-0.0.0-py3.10.egg-info/top_level.txt
[2.565s] -- Installing: /home/wufy/learn_ros2/learn_ros2/chap_topic/install/status_interfaces/local/lib/python3.10/dist-packages/status_interfaces
[2.565s] -- Installing: /home/wufy/learn_ros2/learn_ros2/chap_topic/install/status_interfaces/local/lib/python3.10/dist-packages/status_interfaces/msg
[2.565s] -- Installing: /home/wufy/learn_ros2/learn_ros2/chap_topic/install/status_interfaces/local/lib/python3.10/dist-packages/status_interfaces/msg/_system_status_s.c
[2.565s] -- Installing: /home/wufy/learn_ros2/learn_ros2/chap_topic/install/status_interfaces/local/lib/python3.10/dist-packages/status_interfaces/msg/_system_status.py
[2.565s] -- Installing: /home/wufy/learn_ros2/learn_ros2/chap_topic/install/status_interfaces/local/lib/python3.10/dist-packages/status_interfaces/msg/__init__.py
[2.565s] -- Installing: /home/wufy/learn_ros2/learn_ros2/chap_topic/install/status_interfaces/local/lib/python3.10/dist-packages/status_interfaces/_status_interfaces_s.ep.rosidl_typesupport_fastrtps_c.c
[2.565s] -- Installing: /home/wufy/learn_ros2/learn_ros2/chap_topic/install/status_interfaces/local/lib/python3.10/dist-packages/status_interfaces/_status_interfaces_s.ep.rosidl_typesupport_c.c
[2.565s] -- Installing: /home/wufy/learn_ros2/learn_ros2/chap_topic/install/status_interfaces/local/lib/python3.10/dist-packages/status_interfaces/_status_interfaces_s.ep.rosidl_typesupport_introspection_c.c
[2.566s] -- Installing: /home/wufy/learn_ros2/learn_ros2/chap_topic/install/status_interfaces/local/lib/python3.10/dist-packages/status_interfaces/status_interfaces_s__rosidl_typesupport_introspection_c.cpython-310-x86_64-linux-gnu.so
[2.566s] -- Installing: /home/wufy/learn_ros2/learn_ros2/chap_topic/install/status_interfaces/local/lib/python3.10/dist-packages/status_interfaces/status_interfaces_s__rosidl_typesupport_fastrtps_c.cpython-310-x86_64-linux-gnu.so
[2.566s] -- Installing: /home/wufy/learn_ros2/learn_ros2/chap_topic/install/status_interfaces/local/lib/python3.10/dist-packages/status_interfaces/status_interfaces_s__rosidl_typesupport_c.cpython-310-x86_64-linux-gnu.so
[2.566s] -- Installing: /home/wufy/learn_ros2/learn_ros2/chap_topic/install/status_interfaces/local/lib/python3.10/dist-packages/status_interfaces/__init__.py
[2.566s] -- Installing: /home/wufy/learn_ros2/learn_ros2/chap_topic/install/status_interfaces/local/lib/python3.10/dist-packages/status_interfaces/libstatus_interfaces__rosidl_generator_py.so
[2.590s] Listing '/home/wufy/learn_ros2/learn_ros2/chap_topic/install/status_interfaces/local/lib/python3.10/dist-packages/status_interfaces'...
[2.590s] Compiling '/home/wufy/learn_ros2/learn_ros2/chap_topic/install/status_interfaces/local/lib/python3.10/dist-packages/status_interfaces/__init__.py'...
[2.590s] Listing '/home/wufy/learn_ros2/learn_ros2/chap_topic/install/status_interfaces/local/lib/python3.10/dist-packages/status_interfaces/msg'...
[2.590s] Compiling '/home/wufy/learn_ros2/learn_ros2/chap_topic/install/status_interfaces/local/lib/python3.10/dist-packages/status_interfaces/msg/__init__.py'...
[2.591s] Compiling '/home/wufy/learn_ros2/learn_ros2/chap_topic/install/status_interfaces/local/lib/python3.10/dist-packages/status_interfaces/msg/_system_status.py'...
[2.594s] -- Installing: /home/wufy/learn_ros2/learn_ros2/chap_topic/install/status_interfaces/local/lib/python3.10/dist-packages/status_interfaces/status_interfaces_s__rosidl_typesupport_fastrtps_c.cpython-310-x86_64-linux-gnu.so
[2.594s] -- Set runtime path of "/home/wufy/learn_ros2/learn_ros2/chap_topic/install/status_interfaces/local/lib/python3.10/dist-packages/status_interfaces/status_interfaces_s__rosidl_typesupport_fastrtps_c.cpython-310-x86_64-linux-gnu.so" to ""
[2.594s] -- Installing: /home/wufy/learn_ros2/learn_ros2/chap_topic/install/status_interfaces/local/lib/python3.10/dist-packages/status_interfaces/status_interfaces_s__rosidl_typesupport_introspection_c.cpython-310-x86_64-linux-gnu.so
[2.594s] -- Set runtime path of "/home/wufy/learn_ros2/learn_ros2/chap_topic/install/status_interfaces/local/lib/python3.10/dist-packages/status_interfaces/status_interfaces_s__rosidl_typesupport_introspection_c.cpython-310-x86_64-linux-gnu.so" to ""
[2.594s] -- Installing: /home/wufy/learn_ros2/learn_ros2/chap_topic/install/status_interfaces/local/lib/python3.10/dist-packages/status_interfaces/status_interfaces_s__rosidl_typesupport_c.cpython-310-x86_64-linux-gnu.so
[2.595s] -- Set runtime path of "/home/wufy/learn_ros2/learn_ros2/chap_topic/install/status_interfaces/local/lib/python3.10/dist-packages/status_interfaces/status_interfaces_s__rosidl_typesupport_c.cpython-310-x86_64-linux-gnu.so" to ""
[2.595s] -- Installing: /home/wufy/learn_ros2/learn_ros2/chap_topic/install/status_interfaces/lib/libstatus_interfaces__rosidl_generator_py.so
[2.595s] -- Set runtime path of "/home/wufy/learn_ros2/learn_ros2/chap_topic/install/status_interfaces/lib/libstatus_interfaces__rosidl_generator_py.so" to ""
[2.595s] -- Installing: /home/wufy/learn_ros2/learn_ros2/chap_topic/install/status_interfaces/share/status_interfaces/msg/SystemStatus.idl
[2.595s] -- Installing: /home/wufy/learn_ros2/learn_ros2/chap_topic/install/status_interfaces/share/status_interfaces/msg/SystemStatus.msg
[2.595s] -- Installing: /home/wufy/learn_ros2/learn_ros2/chap_topic/install/status_interfaces/share/ament_index/resource_index/package_run_dependencies/status_interfaces
[2.595s] -- Installing: /home/wufy/learn_ros2/learn_ros2/chap_topic/install/status_interfaces/share/ament_index/resource_index/parent_prefix_path/status_interfaces
[2.595s] -- Installing: /home/wufy/learn_ros2/learn_ros2/chap_topic/install/status_interfaces/share/status_interfaces/environment/ament_prefix_path.sh
[2.595s] -- Installing: /home/wufy/learn_ros2/learn_ros2/chap_topic/install/status_interfaces/share/status_interfaces/environment/ament_prefix_path.dsv
[2.596s] -- Installing: /home/wufy/learn_ros2/learn_ros2/chap_topic/install/status_interfaces/share/status_interfaces/environment/path.sh
[2.596s] -- Installing: /home/wufy/learn_ros2/learn_ros2/chap_topic/install/status_interfaces/share/status_interfaces/environment/path.dsv
[2.596s] -- Installing: /home/wufy/learn_ros2/learn_ros2/chap_topic/install/status_interfaces/share/status_interfaces/local_setup.bash
[2.596s] -- Installing: /home/wufy/learn_ros2/learn_ros2/chap_topic/install/status_interfaces/share/status_interfaces/local_setup.sh
[2.596s] -- Installing: /home/wufy/learn_ros2/learn_ros2/chap_topic/install/status_interfaces/share/status_interfaces/local_setup.zsh
[2.596s] -- Installing: /home/wufy/learn_ros2/learn_ros2/chap_topic/install/status_interfaces/share/status_interfaces/local_setup.dsv
[2.596s] -- Installing: /home/wufy/learn_ros2/learn_ros2/chap_topic/install/status_interfaces/share/status_interfaces/package.dsv
[2.596s] -- Installing: /home/wufy/learn_ros2/learn_ros2/chap_topic/install/status_interfaces/share/ament_index/resource_index/packages/status_interfaces
[2.596s] -- Installing: /home/wufy/learn_ros2/learn_ros2/chap_topic/install/status_interfaces/share/status_interfaces/cmake/export_status_interfaces__rosidl_generator_cExport.cmake
[2.597s] -- Installing: /home/wufy/learn_ros2/learn_ros2/chap_topic/install/status_interfaces/share/status_interfaces/cmake/export_status_interfaces__rosidl_generator_cExport-noconfig.cmake
[2.597s] -- Installing: /home/wufy/learn_ros2/learn_ros2/chap_topic/install/status_interfaces/share/status_interfaces/cmake/export_status_interfaces__rosidl_typesupport_fastrtps_cExport.cmake
[2.597s] -- Installing: /home/wufy/learn_ros2/learn_ros2/chap_topic/install/status_interfaces/share/status_interfaces/cmake/export_status_interfaces__rosidl_typesupport_fastrtps_cExport-noconfig.cmake
[2.597s] -- Installing: /home/wufy/learn_ros2/learn_ros2/chap_topic/install/status_interfaces/share/status_interfaces/cmake/export_status_interfaces__rosidl_generator_cppExport.cmake
[2.597s] -- Installing: /home/wufy/learn_ros2/learn_ros2/chap_topic/install/status_interfaces/share/status_interfaces/cmake/export_status_interfaces__rosidl_typesupport_fastrtps_cppExport.cmake
[2.597s] -- Installing: /home/wufy/learn_ros2/learn_ros2/chap_topic/install/status_interfaces/share/status_interfaces/cmake/export_status_interfaces__rosidl_typesupport_fastrtps_cppExport-noconfig.cmake
[2.597s] -- Installing: /home/wufy/learn_ros2/learn_ros2/chap_topic/install/status_interfaces/share/status_interfaces/cmake/status_interfaces__rosidl_typesupport_introspection_cExport.cmake
[2.597s] -- Installing: /home/wufy/learn_ros2/learn_ros2/chap_topic/install/status_interfaces/share/status_interfaces/cmake/status_interfaces__rosidl_typesupport_introspection_cExport-noconfig.cmake
[2.597s] -- Installing: /home/wufy/learn_ros2/learn_ros2/chap_topic/install/status_interfaces/share/status_interfaces/cmake/status_interfaces__rosidl_typesupport_cExport.cmake
[2.597s] -- Installing: /home/wufy/learn_ros2/learn_ros2/chap_topic/install/status_interfaces/share/status_interfaces/cmake/status_interfaces__rosidl_typesupport_cExport-noconfig.cmake
[2.598s] -- Installing: /home/wufy/learn_ros2/learn_ros2/chap_topic/install/status_interfaces/share/status_interfaces/cmake/status_interfaces__rosidl_typesupport_introspection_cppExport.cmake
[2.598s] -- Installing: /home/wufy/learn_ros2/learn_ros2/chap_topic/install/status_interfaces/share/status_interfaces/cmake/status_interfaces__rosidl_typesupport_introspection_cppExport-noconfig.cmake
[2.598s] -- Installing: /home/wufy/learn_ros2/learn_ros2/chap_topic/install/status_interfaces/share/status_interfaces/cmake/status_interfaces__rosidl_typesupport_cppExport.cmake
[2.598s] -- Installing: /home/wufy/learn_ros2/learn_ros2/chap_topic/install/status_interfaces/share/status_interfaces/cmake/status_interfaces__rosidl_typesupport_cppExport-noconfig.cmake
[2.598s] -- Installing: /home/wufy/learn_ros2/learn_ros2/chap_topic/install/status_interfaces/share/status_interfaces/cmake/export_status_interfaces__rosidl_generator_pyExport.cmake
[2.598s] -- Installing: /home/wufy/learn_ros2/learn_ros2/chap_topic/install/status_interfaces/share/status_interfaces/cmake/export_status_interfaces__rosidl_generator_pyExport-noconfig.cmake
[2.598s] -- Installing: /home/wufy/learn_ros2/learn_ros2/chap_topic/install/status_interfaces/share/status_interfaces/cmake/rosidl_cmake-extras.cmake
[2.598s] -- Installing: /home/wufy/learn_ros2/learn_ros2/chap_topic/install/status_interfaces/share/status_interfaces/cmake/ament_cmake_export_dependencies-extras.cmake
[2.598s] -- Installing: /home/wufy/learn_ros2/learn_ros2/chap_topic/install/status_interfaces/share/status_interfaces/cmake/ament_cmake_export_include_directories-extras.cmake
[2.598s] -- Installing: /home/wufy/learn_ros2/learn_ros2/chap_topic/install/status_interfaces/share/status_interfaces/cmake/ament_cmake_export_libraries-extras.cmake
[2.598s] -- Installing: /home/wufy/learn_ros2/learn_ros2/chap_topic/install/status_interfaces/share/status_interfaces/cmake/ament_cmake_export_targets-extras.cmake
[2.599s] -- Installing: /home/wufy/learn_ros2/learn_ros2/chap_topic/install/status_interfaces/share/status_interfaces/cmake/rosidl_cmake_export_typesupport_targets-extras.cmake
[2.599s] -- Installing: /home/wufy/learn_ros2/learn_ros2/chap_topic/install/status_interfaces/share/status_interfaces/cmake/rosidl_cmake_export_typesupport_libraries-extras.cmake
[2.599s] -- Installing: /home/wufy/learn_ros2/learn_ros2/chap_topic/install/status_interfaces/share/status_interfaces/cmake/status_interfacesConfig.cmake
[2.599s] -- Installing: /home/wufy/learn_ros2/learn_ros2/chap_topic/install/status_interfaces/share/status_interfaces/cmake/status_interfacesConfig-version.cmake
[2.599s] -- Installing: /home/wufy/learn_ros2/learn_ros2/chap_topic/install/status_interfaces/share/status_interfaces/package.xml
[2.601s] Invoked command in '/home/wufy/learn_ros2/learn_ros2/chap_topic/build/status_interfaces' returned '0': CMAKE_PREFIX_PATH=${CMAKE_PREFIX_PATH}:/home/wufy/learn_ros2/learn_ros2/chap_topic/install/status_pulisher:/home/wufy/learn_ros2/learn_ros2/chap_topic/install/demo_python_topic:/opt/ros/humble /usr/bin/cmake --install /home/wufy/learn_ros2/learn_ros2/chap_topic/build/status_interfaces
