[1.914s] Invoking command in '/mnt/c/Users/wufy/Desktop/learn_ros2/learn_ros2/chap_topic/src/demo_python_topic': PYTHONPATH=/mnt/c/Users/wufy/Desktop/learn_ros2/learn_ros2/chap_topic/build/demo_python_topic/prefix_override:/usr/lib/python3/dist-packages/colcon_core/task/python/colcon_distutils_commands:/mnt/c/Users/wufy/Desktop/learn_ros2/learn_ros2/chap_topic/install/demo_python_topic/lib/python3.10/site-packages:${PYTHONPATH} /usr/bin/python3 -W ignore:setup.py install is deprecated -W ignore:easy_install command is deprecated setup.py egg_info --egg-base ../../build/demo_python_topic build --build-base /mnt/c/Users/wufy/Desktop/learn_ros2/learn_ros2/chap_topic/build/demo_python_topic/build install --record /mnt/c/Users/wufy/Desktop/learn_ros2/learn_ros2/chap_topic/build/demo_python_topic/install.log --single-version-externally-managed install_data
[2.734s] running egg_info
[2.738s] writing ../../build/demo_python_topic/demo_python_topic.egg-info/PKG-INFO
[2.750s] writing dependency_links to ../../build/demo_python_topic/demo_python_topic.egg-info/dependency_links.txt
[2.756s] writing entry points to ../../build/demo_python_topic/demo_python_topic.egg-info/entry_points.txt
[2.761s] writing requirements to ../../build/demo_python_topic/demo_python_topic.egg-info/requires.txt
[2.764s] writing top-level names to ../../build/demo_python_topic/demo_python_topic.egg-info/top_level.txt
[2.801s] reading manifest file '../../build/demo_python_topic/demo_python_topic.egg-info/SOURCES.txt'
[2.846s] adding license file 'LICENSE'
[2.870s] writing manifest file '../../build/demo_python_topic/demo_python_topic.egg-info/SOURCES.txt'
[2.873s] running build
[2.875s] running build_py
[2.915s] running install
[2.916s] running install_lib
[3.061s] running install_data
[3.091s] running install_egg_info
[3.105s] removing '/mnt/c/Users/wufy/Desktop/learn_ros2/learn_ros2/chap_topic/install/demo_python_topic/lib/python3.10/site-packages/demo_python_topic-0.0.0-py3.10.egg-info' (and everything under it)
[3.176s] Copying ../../build/demo_python_topic/demo_python_topic.egg-info to /mnt/c/Users/wufy/Desktop/learn_ros2/learn_ros2/chap_topic/install/demo_python_topic/lib/python3.10/site-packages/demo_python_topic-0.0.0-py3.10.egg-info
[3.458s] running install_scripts
[3.533s] Installing demo_python_topic script to /mnt/c/Users/wufy/Desktop/learn_ros2/learn_ros2/chap_topic/install/demo_python_topic/lib/demo_python_topic
[3.543s] Installing demo_python_topic_sub script to /mnt/c/Users/wufy/Desktop/learn_ros2/learn_ros2/chap_topic/install/demo_python_topic/lib/demo_python_topic
[3.557s] writing list of installed files to '/mnt/c/Users/wufy/Desktop/learn_ros2/learn_ros2/chap_topic/build/demo_python_topic/install.log'
[3.588s] Invoked command in '/mnt/c/Users/wufy/Desktop/learn_ros2/learn_ros2/chap_topic/src/demo_python_topic' returned '0': PYTHONPATH=/mnt/c/Users/wufy/Desktop/learn_ros2/learn_ros2/chap_topic/build/demo_python_topic/prefix_override:/usr/lib/python3/dist-packages/colcon_core/task/python/colcon_distutils_commands:/mnt/c/Users/wufy/Desktop/learn_ros2/learn_ros2/chap_topic/install/demo_python_topic/lib/python3.10/site-packages:${PYTHONPATH} /usr/bin/python3 -W ignore:setup.py install is deprecated -W ignore:easy_install command is deprecated setup.py egg_info --egg-base ../../build/demo_python_topic build --build-base /mnt/c/Users/wufy/Desktop/learn_ros2/learn_ros2/chap_topic/build/demo_python_topic/build install --record /mnt/c/Users/wufy/Desktop/learn_ros2/learn_ros2/chap_topic/build/demo_python_topic/install.log --single-version-externally-managed install_data
