[0.479s] Invoking command in '/home/wufy/learn_ros2/learn_ros2/chap_topic/src/status_pulisher': PYTHONPATH=/home/wufy/learn_ros2/learn_ros2/chap_topic/build/status_pulisher/prefix_override:/usr/lib/python3/dist-packages/colcon_core/task/python/colcon_distutils_commands:/home/wufy/learn_ros2/learn_ros2/chap_topic/install/status_pulisher/lib/python3.10/site-packages:${PYTHONPATH} /usr/bin/python3 -W ignore:setup.py install is deprecated -W ignore:easy_install command is deprecated setup.py egg_info --egg-base ../../build/status_pulisher build --build-base /home/wufy/learn_ros2/learn_ros2/chap_topic/build/status_pulisher/build install --record /home/wufy/learn_ros2/learn_ros2/chap_topic/build/status_pulisher/install.log --single-version-externally-managed install_data
[0.603s] running egg_info
[0.603s] creating ../../build/status_pulisher/status_pulisher.egg-info
[0.604s] writing ../../build/status_pulisher/status_pulisher.egg-info/PKG-INFO
[0.604s] writing dependency_links to ../../build/status_pulisher/status_pulisher.egg-info/dependency_links.txt
[0.604s] writing entry points to ../../build/status_pulisher/status_pulisher.egg-info/entry_points.txt
[0.604s] writing requirements to ../../build/status_pulisher/status_pulisher.egg-info/requires.txt
[0.604s] writing top-level names to ../../build/status_pulisher/status_pulisher.egg-info/top_level.txt
[0.604s] writing manifest file '../../build/status_pulisher/status_pulisher.egg-info/SOURCES.txt'
[0.605s] reading manifest file '../../build/status_pulisher/status_pulisher.egg-info/SOURCES.txt'
[0.605s] adding license file 'LICENSE'
[0.605s] writing manifest file '../../build/status_pulisher/status_pulisher.egg-info/SOURCES.txt'
[0.606s] running build
[0.606s] running build_py
[0.606s] creating /home/wufy/learn_ros2/learn_ros2/chap_topic/build/status_pulisher/build
[0.606s] creating /home/wufy/learn_ros2/learn_ros2/chap_topic/build/status_pulisher/build/lib
[0.606s] creating /home/wufy/learn_ros2/learn_ros2/chap_topic/build/status_pulisher/build/lib/status_pulisher
[0.606s] copying status_pulisher/sys_status.py -> /home/wufy/learn_ros2/learn_ros2/chap_topic/build/status_pulisher/build/lib/status_pulisher
[0.606s] copying status_pulisher/__init__.py -> /home/wufy/learn_ros2/learn_ros2/chap_topic/build/status_pulisher/build/lib/status_pulisher
[0.606s] running install
[0.606s] running install_lib
[0.607s] creating /home/wufy/learn_ros2/learn_ros2/chap_topic/install/status_pulisher/lib/python3.10/site-packages/status_pulisher
[0.607s] copying /home/wufy/learn_ros2/learn_ros2/chap_topic/build/status_pulisher/build/lib/status_pulisher/sys_status.py -> /home/wufy/learn_ros2/learn_ros2/chap_topic/install/status_pulisher/lib/python3.10/site-packages/status_pulisher
[0.607s] copying /home/wufy/learn_ros2/learn_ros2/chap_topic/build/status_pulisher/build/lib/status_pulisher/__init__.py -> /home/wufy/learn_ros2/learn_ros2/chap_topic/install/status_pulisher/lib/python3.10/site-packages/status_pulisher
[0.607s] byte-compiling /home/wufy/learn_ros2/learn_ros2/chap_topic/install/status_pulisher/lib/python3.10/site-packages/status_pulisher/sys_status.py to sys_status.cpython-310.pyc
[0.607s] byte-compiling /home/wufy/learn_ros2/learn_ros2/chap_topic/install/status_pulisher/lib/python3.10/site-packages/status_pulisher/__init__.py to __init__.cpython-310.pyc
[0.607s] running install_data
[0.607s] creating /home/wufy/learn_ros2/learn_ros2/chap_topic/install/status_pulisher/share/ament_index
[0.607s] creating /home/wufy/learn_ros2/learn_ros2/chap_topic/install/status_pulisher/share/ament_index/resource_index
[0.607s] creating /home/wufy/learn_ros2/learn_ros2/chap_topic/install/status_pulisher/share/ament_index/resource_index/packages
[0.607s] copying resource/status_pulisher -> /home/wufy/learn_ros2/learn_ros2/chap_topic/install/status_pulisher/share/ament_index/resource_index/packages
[0.608s] copying package.xml -> /home/wufy/learn_ros2/learn_ros2/chap_topic/install/status_pulisher/share/status_pulisher
[0.608s] running install_egg_info
[0.609s] Copying ../../build/status_pulisher/status_pulisher.egg-info to /home/wufy/learn_ros2/learn_ros2/chap_topic/install/status_pulisher/lib/python3.10/site-packages/status_pulisher-0.0.0-py3.10.egg-info
[0.609s] running install_scripts
[0.623s] Installing sys_status_publisher script to /home/wufy/learn_ros2/learn_ros2/chap_topic/install/status_pulisher/lib/status_pulisher
[0.623s] writing list of installed files to '/home/wufy/learn_ros2/learn_ros2/chap_topic/build/status_pulisher/install.log'
[0.646s] Invoked command in '/home/wufy/learn_ros2/learn_ros2/chap_topic/src/status_pulisher' returned '0': PYTHONPATH=/home/wufy/learn_ros2/learn_ros2/chap_topic/build/status_pulisher/prefix_override:/usr/lib/python3/dist-packages/colcon_core/task/python/colcon_distutils_commands:/home/wufy/learn_ros2/learn_ros2/chap_topic/install/status_pulisher/lib/python3.10/site-packages:${PYTHONPATH} /usr/bin/python3 -W ignore:setup.py install is deprecated -W ignore:easy_install command is deprecated setup.py egg_info --egg-base ../../build/status_pulisher build --build-base /home/wufy/learn_ros2/learn_ros2/chap_topic/build/status_pulisher/build install --record /home/wufy/learn_ros2/learn_ros2/chap_topic/build/status_pulisher/install.log --single-version-externally-managed install_data
