[1.740s] Invoking command in '/mnt/c/Users/wufy/Desktop/learn_ros2/learn_ros2/chap_topic/src/demo_python_topic': PYTHONPATH=/mnt/c/Users/wufy/Desktop/learn_ros2/learn_ros2/chap_topic/build/demo_python_topic/prefix_override:/usr/lib/python3/dist-packages/colcon_core/task/python/colcon_distutils_commands:/mnt/c/Users/wufy/Desktop/learn_ros2/learn_ros2/chap_topic/install/demo_python_topic/lib/python3.10/site-packages:${PYTHONPATH} /usr/bin/python3 -W ignore:setup.py install is deprecated -W ignore:easy_install command is deprecated setup.py egg_info --egg-base ../../build/demo_python_topic build --build-base /mnt/c/Users/wufy/Desktop/learn_ros2/learn_ros2/chap_topic/build/demo_python_topic/build install --record /mnt/c/Users/wufy/Desktop/learn_ros2/learn_ros2/chap_topic/build/demo_python_topic/install.log --single-version-externally-managed install_data
[2.508s] running egg_info
[2.514s] writing ../../build/demo_python_topic/demo_python_topic.egg-info/PKG-INFO
[2.522s] writing dependency_links to ../../build/demo_python_topic/demo_python_topic.egg-info/dependency_links.txt
[2.530s] writing entry points to ../../build/demo_python_topic/demo_python_topic.egg-info/entry_points.txt
[2.536s] writing requirements to ../../build/demo_python_topic/demo_python_topic.egg-info/requires.txt
[2.540s] writing top-level names to ../../build/demo_python_topic/demo_python_topic.egg-info/top_level.txt
[2.579s] reading manifest file '../../build/demo_python_topic/demo_python_topic.egg-info/SOURCES.txt'
[2.635s] adding license file 'LICENSE'
[2.657s] writing manifest file '../../build/demo_python_topic/demo_python_topic.egg-info/SOURCES.txt'
[2.660s] running build
[2.661s] running build_py
[2.689s] copying demo_python_topic/novel_sub_node.py -> /mnt/c/Users/wufy/Desktop/learn_ros2/learn_ros2/chap_topic/build/demo_python_topic/build/lib/demo_python_topic
[2.721s] running install
[2.722s] running install_lib
[2.779s] copying /mnt/c/Users/wufy/Desktop/learn_ros2/learn_ros2/chap_topic/build/demo_python_topic/build/lib/demo_python_topic/novel_sub_node.py -> /mnt/c/Users/wufy/Desktop/learn_ros2/learn_ros2/chap_topic/install/demo_python_topic/lib/python3.10/site-packages/demo_python_topic
[2.850s] byte-compiling /mnt/c/Users/wufy/Desktop/learn_ros2/learn_ros2/chap_topic/install/demo_python_topic/lib/python3.10/site-packages/demo_python_topic/novel_sub_node.py to novel_sub_node.cpython-310.pyc
[2.866s]   File "/mnt/c/Users/wufy/Desktop/learn_ros2/learn_ros2/chap_topic/install/demo_python_topic/lib/python3.10/site-packages/demo_python_topic/novel_sub_node.py", line 7
[2.868s]     impoft espeak
[2.868s]            ^^^^^^
[2.870s] SyntaxError: invalid syntax
[2.871s] 
[2.881s] running install_data
[2.911s] running install_egg_info
[2.923s] removing '/mnt/c/Users/wufy/Desktop/learn_ros2/learn_ros2/chap_topic/install/demo_python_topic/lib/python3.10/site-packages/demo_python_topic-0.0.0-py3.10.egg-info' (and everything under it)
[2.984s] Copying ../../build/demo_python_topic/demo_python_topic.egg-info to /mnt/c/Users/wufy/Desktop/learn_ros2/learn_ros2/chap_topic/install/demo_python_topic/lib/python3.10/site-packages/demo_python_topic-0.0.0-py3.10.egg-info
[3.260s] running install_scripts
[3.341s] Installing demo_python_topic script to /mnt/c/Users/wufy/Desktop/learn_ros2/learn_ros2/chap_topic/install/demo_python_topic/lib/demo_python_topic
[3.354s] Installing demo_python_topic_sub script to /mnt/c/Users/wufy/Desktop/learn_ros2/learn_ros2/chap_topic/install/demo_python_topic/lib/demo_python_topic
[3.371s] writing list of installed files to '/mnt/c/Users/wufy/Desktop/learn_ros2/learn_ros2/chap_topic/build/demo_python_topic/install.log'
[3.408s] Invoked command in '/mnt/c/Users/wufy/Desktop/learn_ros2/learn_ros2/chap_topic/src/demo_python_topic' returned '0': PYTHONPATH=/mnt/c/Users/wufy/Desktop/learn_ros2/learn_ros2/chap_topic/build/demo_python_topic/prefix_override:/usr/lib/python3/dist-packages/colcon_core/task/python/colcon_distutils_commands:/mnt/c/Users/wufy/Desktop/learn_ros2/learn_ros2/chap_topic/install/demo_python_topic/lib/python3.10/site-packages:${PYTHONPATH} /usr/bin/python3 -W ignore:setup.py install is deprecated -W ignore:easy_install command is deprecated setup.py egg_info --egg-base ../../build/demo_python_topic build --build-base /mnt/c/Users/wufy/Desktop/learn_ros2/learn_ros2/chap_topic/build/demo_python_topic/build install --record /mnt/c/Users/wufy/Desktop/learn_ros2/learn_ros2/chap_topic/build/demo_python_topic/install.log --single-version-externally-managed install_data
