[0.153s] Invoking command in '/mnt/c/Users/wufy/Desktop/learn_ros2/learn_ros2/chap_topic/build/demo_cpp_topic': CMAKE_PREFIX_PATH=/opt/ros/humble /usr/bin/cmake /mnt/c/Users/wufy/Desktop/learn_ros2/learn_ros2/chap_topic/src/demo_cpp_topic -DCMAKE_INSTALL_PREFIX=/mnt/c/Users/wufy/Desktop/learn_ros2/learn_ros2/chap_topic/install/demo_cpp_topic
[0.550s] -- The C compiler identification is GNU 11.4.0
[1.037s] -- The CXX compiler identification is GNU 11.4.0
[1.245s] -- Detecting C compiler ABI info
[2.371s] -- Detecting C compiler ABI info - done
[2.398s] -- Check for working C compiler: /usr/bin/cc - skipped
[2.399s] -- Detecting C compile features
[2.400s] -- Detecting C compile features - done
[2.459s] -- Detecting CXX compiler ABI info
[3.378s] -- Detecting CXX compiler ABI info - done
[3.402s] -- Check for working CXX compiler: /usr/bin/c++ - skipped
[3.403s] -- Detecting CXX compile features
[3.404s] -- Detecting CXX compile features - done
[3.484s] -- Found ament_cmake: 1.3.11 (/opt/ros/humble/share/ament_cmake/cmake)
[3.623s] -- Found Python3: /usr/bin/python3 (found version "3.10.12") found components: Interpreter 
[3.823s] -- Found rclcpp: 16.0.11 (/opt/ros/humble/share/rclcpp/cmake)
[3.966s] -- Found rosidl_generator_c: 3.1.6 (/opt/ros/humble/share/rosidl_generator_c/cmake)
[3.974s] -- Found rosidl_adapter: 3.1.6 (/opt/ros/humble/share/rosidl_adapter/cmake)
[3.993s] -- Found rosidl_generator_cpp: 3.1.6 (/opt/ros/humble/share/rosidl_generator_cpp/cmake)
[4.018s] -- Using all available rosidl_typesupport_c: rosidl_typesupport_fastrtps_c;rosidl_typesupport_introspection_c
[4.049s] -- Using all available rosidl_typesupport_cpp: rosidl_typesupport_fastrtps_cpp;rosidl_typesupport_introspection_cpp
[4.120s] -- Found rmw_implementation_cmake: 6.1.2 (/opt/ros/humble/share/rmw_implementation_cmake/cmake)
[4.127s] -- Found rmw_fastrtps_cpp: 6.2.7 (/opt/ros/humble/share/rmw_fastrtps_cpp/cmake)
[4.725s] -- Found OpenSSL: /usr/lib/x86_64-linux-gnu/libcrypto.so (found version "3.0.2")  
[5.333s] -- Found FastRTPS: /opt/ros/humble/include  
[6.432s] -- Using RMW implementation 'rmw_fastrtps_cpp' as default
[6.486s] -- Looking for pthread.h
[7.418s] -- Looking for pthread.h - found
[7.435s] -- Performing Test CMAKE_HAVE_LIBC_PTHREAD
[8.041s] -- Performing Test CMAKE_HAVE_LIBC_PTHREAD - Success
[8.048s] -- Found Threads: TRUE  
[8.131s] -- Found geometry_msgs: 4.2.4 (/opt/ros/humble/share/geometry_msgs/cmake)
[8.150s] -- Found ament_lint_auto: 0.12.11 (/opt/ros/humble/share/ament_lint_auto/cmake)
[8.814s] -- Added test 'cppcheck' to perform static code analysis on C / C++ code
[8.815s] -- Configured cppcheck include dirs: /mnt/c/Users/wufy/Desktop/learn_ros2/learn_ros2/chap_topic/src/demo_cpp_topic/include
[8.816s] -- Configured cppcheck exclude dirs and/or files: 
[8.924s] -- Added test 'lint_cmake' to check CMake code style
[9.257s] -- Added test 'uncrustify' to check C / C++ code style
[9.258s] -- Configured uncrustify additional arguments: 
[9.296s] -- Added test 'xmllint' to check XML markup files
[9.412s] -- Configuring done
[9.510s] [31mCMake Error at CMakeLists.txt:18 (add_executable):
[9.511s]   Cannot find source file:
[9.512s] 
[9.513s]     src/turtle_circle_node.cpp
[9.513s] 
[9.514s]   Tried extensions .c .C .c++ .cc .cpp .cxx .cu .mpp .m .M .mm .ixx .cppm .h
[9.515s]   .hh .h++ .hm .hpp .hxx .in .txx .f .F .for .f77 .f90 .f95 .f03 .hip .ispc
[9.516s] 
[9.518s] [0m
[9.518s] [31mCMake Error at CMakeLists.txt:18 (add_executable):
[9.519s]   No SOURCES given to target: turtle_circle_node
[9.520s] 
[9.521s] [0m
[9.522s] [0mCMake Generate step failed.  Build files cannot be regenerated correctly.[0m
[9.523s] Invoked command in '/mnt/c/Users/wufy/Desktop/learn_ros2/learn_ros2/chap_topic/build/demo_cpp_topic' returned '1': CMAKE_PREFIX_PATH=/opt/ros/humble /usr/bin/cmake /mnt/c/Users/wufy/Desktop/learn_ros2/learn_ros2/chap_topic/src/demo_cpp_topic -DCMAKE_INSTALL_PREFIX=/mnt/c/Users/wufy/Desktop/learn_ros2/learn_ros2/chap_topic/install/demo_cpp_topic
