[0.008s] Invoking command in '/home/wufy/learn_ros2/learn_ros2/chap_topic/build/status_display': CMAKE_PREFIX_PATH=/home/wufy/learn_ros2/learn_ros2/chap_topic/install/status_interfaces:/home/wufy/learn_ros2/learn_ros2/chap_topic/install/status_display:/home/wufy/learn_ros2/learn_ros2/chap_topic/install/demo_cpp_topic:/home/wufy/learn_ros2/learn_ros2/chap_topic/install/status_pulisher:/home/wufy/learn_ros2/learn_ros2/chap_topic/install/demo_python_topic:/opt/ros/humble /usr/bin/cmake --build /home/wufy/learn_ros2/learn_ros2/chap_topic/build/status_display -- -j16 -l16
[0.042s] [35m[1mConsolidate compiler generated dependencies of target sys_status_display[0m
[0.051s] [ 50%] Built target hello_qt
[0.057s] [ 75%] [32mBuilding CXX object CMakeFiles/sys_status_display.dir/src/sys_status_display.cpp.o[0m
[5.742s] [100%] [32m[1mLinking CXX executable sys_status_display[0m
[6.433s] [100%] Built target sys_status_display
[6.444s] Invoked command in '/home/wufy/learn_ros2/learn_ros2/chap_topic/build/status_display' returned '0': CMAKE_PREFIX_PATH=/home/wufy/learn_ros2/learn_ros2/chap_topic/install/status_interfaces:/home/wufy/learn_ros2/learn_ros2/chap_topic/install/status_display:/home/wufy/learn_ros2/learn_ros2/chap_topic/install/demo_cpp_topic:/home/wufy/learn_ros2/learn_ros2/chap_topic/install/status_pulisher:/home/wufy/learn_ros2/learn_ros2/chap_topic/install/demo_python_topic:/opt/ros/humble /usr/bin/cmake --build /home/wufy/learn_ros2/learn_ros2/chap_topic/build/status_display -- -j16 -l16
[6.445s] Invoking command in '/home/wufy/learn_ros2/learn_ros2/chap_topic/build/status_display': CMAKE_PREFIX_PATH=/home/wufy/learn_ros2/learn_ros2/chap_topic/install/status_interfaces:/home/wufy/learn_ros2/learn_ros2/chap_topic/install/status_display:/home/wufy/learn_ros2/learn_ros2/chap_topic/install/demo_cpp_topic:/home/wufy/learn_ros2/learn_ros2/chap_topic/install/status_pulisher:/home/wufy/learn_ros2/learn_ros2/chap_topic/install/demo_python_topic:/opt/ros/humble /usr/bin/cmake --install /home/wufy/learn_ros2/learn_ros2/chap_topic/build/status_display
[6.452s] -- Install configuration: ""
[6.452s] -- Up-to-date: /home/wufy/learn_ros2/learn_ros2/chap_topic/install/status_display/lib/status_display/hello_qt
[6.452s] -- Installing: /home/wufy/learn_ros2/learn_ros2/chap_topic/install/status_display/lib/status_display/sys_status_display
[6.455s] -- Set runtime path of "/home/wufy/learn_ros2/learn_ros2/chap_topic/install/status_display/lib/status_display/sys_status_display" to ""
[6.455s] -- Up-to-date: /home/wufy/learn_ros2/learn_ros2/chap_topic/install/status_display/share/ament_index/resource_index/package_run_dependencies/status_display
[6.455s] -- Installing: /home/wufy/learn_ros2/learn_ros2/chap_topic/install/status_display/share/ament_index/resource_index/parent_prefix_path/status_display
[6.455s] -- Up-to-date: /home/wufy/learn_ros2/learn_ros2/chap_topic/install/status_display/share/status_display/environment/ament_prefix_path.sh
[6.455s] -- Installing: /home/wufy/learn_ros2/learn_ros2/chap_topic/install/status_display/share/status_display/environment/ament_prefix_path.dsv
[6.455s] -- Up-to-date: /home/wufy/learn_ros2/learn_ros2/chap_topic/install/status_display/share/status_display/environment/path.sh
[6.455s] -- Installing: /home/wufy/learn_ros2/learn_ros2/chap_topic/install/status_display/share/status_display/environment/path.dsv
[6.455s] -- Up-to-date: /home/wufy/learn_ros2/learn_ros2/chap_topic/install/status_display/share/status_display/local_setup.bash
[6.455s] -- Up-to-date: /home/wufy/learn_ros2/learn_ros2/chap_topic/install/status_display/share/status_display/local_setup.sh
[6.456s] -- Up-to-date: /home/wufy/learn_ros2/learn_ros2/chap_topic/install/status_display/share/status_display/local_setup.zsh
[6.456s] -- Installing: /home/wufy/learn_ros2/learn_ros2/chap_topic/install/status_display/share/status_display/local_setup.dsv
[6.456s] -- Installing: /home/wufy/learn_ros2/learn_ros2/chap_topic/install/status_display/share/status_display/package.dsv
[6.456s] -- Up-to-date: /home/wufy/learn_ros2/learn_ros2/chap_topic/install/status_display/share/ament_index/resource_index/packages/status_display
[6.456s] -- Up-to-date: /home/wufy/learn_ros2/learn_ros2/chap_topic/install/status_display/share/status_display/cmake/status_displayConfig.cmake
[6.456s] -- Up-to-date: /home/wufy/learn_ros2/learn_ros2/chap_topic/install/status_display/share/status_display/cmake/status_displayConfig-version.cmake
[6.456s] -- Up-to-date: /home/wufy/learn_ros2/learn_ros2/chap_topic/install/status_display/share/status_display/package.xml
[6.458s] Invoked command in '/home/wufy/learn_ros2/learn_ros2/chap_topic/build/status_display' returned '0': CMAKE_PREFIX_PATH=/home/wufy/learn_ros2/learn_ros2/chap_topic/install/status_interfaces:/home/wufy/learn_ros2/learn_ros2/chap_topic/install/status_display:/home/wufy/learn_ros2/learn_ros2/chap_topic/install/demo_cpp_topic:/home/wufy/learn_ros2/learn_ros2/chap_topic/install/status_pulisher:/home/wufy/learn_ros2/learn_ros2/chap_topic/install/demo_python_topic:/opt/ros/humble /usr/bin/cmake --install /home/wufy/learn_ros2/learn_ros2/chap_topic/build/status_display
