[0.014s] Invoking command in '/home/wufy/learn_ros2/learn_ros2/chap_topic/build/demo_cpp_topic': CMAKE_PREFIX_PATH=${CMAKE_PREFIX_PATH}:/home/wufy/learn_ros2/learn_ros2/chap_topic/install/status_pulisher:/home/wufy/learn_ros2/learn_ros2/chap_topic/install/demo_python_topic:/opt/ros/humble /usr/bin/cmake /home/wufy/learn_ros2/learn_ros2/chap_topic/src/demo_cpp_topic -DCMAKE_INSTALL_PREFIX=/home/wufy/learn_ros2/learn_ros2/chap_topic/install/demo_cpp_topic
[0.150s] -- The C compiler identification is GNU 11.4.0
[0.150s] -- The CXX compiler identification is GNU 11.4.0
[0.150s] -- Detecting C compiler ABI info
[0.158s] -- Detecting C compiler ABI info - done
[0.162s] -- Check for working C compiler: /usr/bin/cc - skipped
[0.162s] -- Detecting C compile features
[0.162s] -- Detecting C compile features - done
[0.164s] -- Detecting CXX compiler ABI info
[0.225s] -- Detecting CXX compiler ABI info - done
[0.231s] -- Check for working CXX compiler: /usr/bin/c++ - skipped
[0.231s] -- Detecting CXX compile features
[0.231s] -- Detecting CXX compile features - done
[0.233s] -- Found ament_cmake: 1.3.11 (/opt/ros/humble/share/ament_cmake/cmake)
[0.332s] -- Found Python3: /usr/bin/python3 (found version "3.10.12") found components: Interpreter 
[0.389s] -- Found rclcpp: 16.0.11 (/opt/ros/humble/share/rclcpp/cmake)
[0.414s] -- Found rosidl_generator_c: 3.1.6 (/opt/ros/humble/share/rosidl_generator_c/cmake)
[0.417s] -- Found rosidl_adapter: 3.1.6 (/opt/ros/humble/share/rosidl_adapter/cmake)
[0.422s] -- Found rosidl_generator_cpp: 3.1.6 (/opt/ros/humble/share/rosidl_generator_cpp/cmake)
[0.430s] -- Using all available rosidl_typesupport_c: rosidl_typesupport_fastrtps_c;rosidl_typesupport_introspection_c
[0.439s] -- Using all available rosidl_typesupport_cpp: rosidl_typesupport_fastrtps_cpp;rosidl_typesupport_introspection_cpp
[0.470s] -- Found rmw_implementation_cmake: 6.1.2 (/opt/ros/humble/share/rmw_implementation_cmake/cmake)
[0.471s] -- Found rmw_fastrtps_cpp: 6.2.7 (/opt/ros/humble/share/rmw_fastrtps_cpp/cmake)
[0.545s] -- Found OpenSSL: /usr/lib/x86_64-linux-gnu/libcrypto.so (found version "3.0.2")  
[0.563s] -- Found FastRTPS: /opt/ros/humble/include  
[0.592s] -- Using RMW implementation 'rmw_fastrtps_cpp' as default
[0.597s] -- Looking for pthread.h
[0.653s] -- Looking for pthread.h - found
[0.654s] -- Performing Test CMAKE_HAVE_LIBC_PTHREAD
[0.712s] -- Performing Test CMAKE_HAVE_LIBC_PTHREAD - Success
[0.713s] -- Found Threads: TRUE  
[0.743s] -- Found geometry_msgs: 4.2.4 (/opt/ros/humble/share/geometry_msgs/cmake)
[0.751s] -- Found turtlesim: 1.4.2 (/opt/ros/humble/share/turtlesim/cmake)
[0.776s] -- Found ament_lint_auto: 0.12.11 (/opt/ros/humble/share/ament_lint_auto/cmake)
[0.823s] -- Added test 'cppcheck' to perform static code analysis on C / C++ code
[0.823s] -- Configured cppcheck include dirs: 
[0.823s] -- Configured cppcheck exclude dirs and/or files: 
[0.823s] -- Added test 'lint_cmake' to check CMake code style
[0.824s] -- Added test 'uncrustify' to check C / C++ code style
[0.824s] -- Configured uncrustify additional arguments: 
[0.824s] -- Added test 'xmllint' to check XML markup files
[0.825s] -- Configuring done
[0.834s] -- Generating done
[0.837s] -- Build files have been written to: /home/wufy/learn_ros2/learn_ros2/chap_topic/build/demo_cpp_topic
[0.845s] Invoked command in '/home/wufy/learn_ros2/learn_ros2/chap_topic/build/demo_cpp_topic' returned '0': CMAKE_PREFIX_PATH=${CMAKE_PREFIX_PATH}:/home/wufy/learn_ros2/learn_ros2/chap_topic/install/status_pulisher:/home/wufy/learn_ros2/learn_ros2/chap_topic/install/demo_python_topic:/opt/ros/humble /usr/bin/cmake /home/wufy/learn_ros2/learn_ros2/chap_topic/src/demo_cpp_topic -DCMAKE_INSTALL_PREFIX=/home/wufy/learn_ros2/learn_ros2/chap_topic/install/demo_cpp_topic
[0.846s] Invoking command in '/home/wufy/learn_ros2/learn_ros2/chap_topic/build/demo_cpp_topic': CMAKE_PREFIX_PATH=${CMAKE_PREFIX_PATH}:/home/wufy/learn_ros2/learn_ros2/chap_topic/install/status_pulisher:/home/wufy/learn_ros2/learn_ros2/chap_topic/install/demo_python_topic:/opt/ros/humble /usr/bin/cmake --build /home/wufy/learn_ros2/learn_ros2/chap_topic/build/demo_cpp_topic -- -j16 -l16
[0.885s] [ 50%] [32mBuilding CXX object CMakeFiles/turtle_control.dir/src/turtle_control.cpp.o[0m
[0.885s] [ 50%] [32mBuilding CXX object CMakeFiles/turtle_circle_node.dir/src/turtle_circle_node.cpp.o[0m
[3.814s] [ 75%] [32m[1mLinking CXX executable turtle_circle_node[0m
[3.945s] [ 75%] Built target turtle_circle_node
[6.257s] [100%] [32m[1mLinking CXX executable turtle_control[0m
[6.515s] [100%] Built target turtle_control
[6.525s] Invoked command in '/home/wufy/learn_ros2/learn_ros2/chap_topic/build/demo_cpp_topic' returned '0': CMAKE_PREFIX_PATH=${CMAKE_PREFIX_PATH}:/home/wufy/learn_ros2/learn_ros2/chap_topic/install/status_pulisher:/home/wufy/learn_ros2/learn_ros2/chap_topic/install/demo_python_topic:/opt/ros/humble /usr/bin/cmake --build /home/wufy/learn_ros2/learn_ros2/chap_topic/build/demo_cpp_topic -- -j16 -l16
[6.527s] Invoking command in '/home/wufy/learn_ros2/learn_ros2/chap_topic/build/demo_cpp_topic': CMAKE_PREFIX_PATH=${CMAKE_PREFIX_PATH}:/home/wufy/learn_ros2/learn_ros2/chap_topic/install/status_pulisher:/home/wufy/learn_ros2/learn_ros2/chap_topic/install/demo_python_topic:/opt/ros/humble /usr/bin/cmake --install /home/wufy/learn_ros2/learn_ros2/chap_topic/build/demo_cpp_topic
[6.532s] -- Install configuration: ""
[6.532s] -- Installing: /home/wufy/learn_ros2/learn_ros2/chap_topic/install/demo_cpp_topic/lib/demo_cpp_topic/turtle_circle_node
[6.533s] -- Set runtime path of "/home/wufy/learn_ros2/learn_ros2/chap_topic/install/demo_cpp_topic/lib/demo_cpp_topic/turtle_circle_node" to ""
[6.533s] -- Installing: /home/wufy/learn_ros2/learn_ros2/chap_topic/install/demo_cpp_topic/lib/demo_cpp_topic/turtle_control
[6.536s] -- Set runtime path of "/home/wufy/learn_ros2/learn_ros2/chap_topic/install/demo_cpp_topic/lib/demo_cpp_topic/turtle_control" to ""
[6.536s] -- Installing: /home/wufy/learn_ros2/learn_ros2/chap_topic/install/demo_cpp_topic/share/ament_index/resource_index/package_run_dependencies/demo_cpp_topic
[6.536s] -- Installing: /home/wufy/learn_ros2/learn_ros2/chap_topic/install/demo_cpp_topic/share/ament_index/resource_index/parent_prefix_path/demo_cpp_topic
[6.536s] -- Installing: /home/wufy/learn_ros2/learn_ros2/chap_topic/install/demo_cpp_topic/share/demo_cpp_topic/environment/ament_prefix_path.sh
[6.536s] -- Installing: /home/wufy/learn_ros2/learn_ros2/chap_topic/install/demo_cpp_topic/share/demo_cpp_topic/environment/ament_prefix_path.dsv
[6.536s] -- Installing: /home/wufy/learn_ros2/learn_ros2/chap_topic/install/demo_cpp_topic/share/demo_cpp_topic/environment/path.sh
[6.537s] -- Installing: /home/wufy/learn_ros2/learn_ros2/chap_topic/install/demo_cpp_topic/share/demo_cpp_topic/environment/path.dsv
[6.537s] -- Installing: /home/wufy/learn_ros2/learn_ros2/chap_topic/install/demo_cpp_topic/share/demo_cpp_topic/local_setup.bash
[6.537s] -- Installing: /home/wufy/learn_ros2/learn_ros2/chap_topic/install/demo_cpp_topic/share/demo_cpp_topic/local_setup.sh
[6.537s] -- Installing: /home/wufy/learn_ros2/learn_ros2/chap_topic/install/demo_cpp_topic/share/demo_cpp_topic/local_setup.zsh
[6.537s] -- Installing: /home/wufy/learn_ros2/learn_ros2/chap_topic/install/demo_cpp_topic/share/demo_cpp_topic/local_setup.dsv
[6.537s] -- Installing: /home/wufy/learn_ros2/learn_ros2/chap_topic/install/demo_cpp_topic/share/demo_cpp_topic/package.dsv
[6.537s] -- Installing: /home/wufy/learn_ros2/learn_ros2/chap_topic/install/demo_cpp_topic/share/ament_index/resource_index/packages/demo_cpp_topic
[6.537s] -- Installing: /home/wufy/learn_ros2/learn_ros2/chap_topic/install/demo_cpp_topic/share/demo_cpp_topic/cmake/demo_cpp_topicConfig.cmake
[6.537s] -- Installing: /home/wufy/learn_ros2/learn_ros2/chap_topic/install/demo_cpp_topic/share/demo_cpp_topic/cmake/demo_cpp_topicConfig-version.cmake
[6.537s] -- Installing: /home/wufy/learn_ros2/learn_ros2/chap_topic/install/demo_cpp_topic/share/demo_cpp_topic/package.xml
[6.539s] Invoked command in '/home/wufy/learn_ros2/learn_ros2/chap_topic/build/demo_cpp_topic' returned '0': CMAKE_PREFIX_PATH=${CMAKE_PREFIX_PATH}:/home/wufy/learn_ros2/learn_ros2/chap_topic/install/status_pulisher:/home/wufy/learn_ros2/learn_ros2/chap_topic/install/demo_python_topic:/opt/ros/humble /usr/bin/cmake --install /home/wufy/learn_ros2/learn_ros2/chap_topic/build/demo_cpp_topic
