[0.012s] Invoking command in '/home/wufy/learn_ros2/chap_node/build/demo_cpp_pkg': CMAKE_PREFIX_PATH=/opt/ros/humble /usr/bin/cmake --build /home/wufy/learn_ros2/chap_node/build/demo_cpp_pkg -- -j16 -l16
[0.043s] -- Found ament_cmake: 1.3.11 (/opt/ros/humble/share/ament_cmake/cmake)
[0.169s] -- Found rclcpp: 16.0.11 (/opt/ros/humble/share/rclcpp/cmake)
[0.203s] -- Found rosidl_generator_c: 3.1.6 (/opt/ros/humble/share/rosidl_generator_c/cmake)
[0.205s] -- Found rosidl_adapter: 3.1.6 (/opt/ros/humble/share/rosidl_adapter/cmake)
[0.212s] -- Found rosidl_generator_cpp: 3.1.6 (/opt/ros/humble/share/rosidl_generator_cpp/cmake)
[0.222s] -- Using all available rosidl_typesupport_c: rosidl_typesupport_fastrtps_c;rosidl_typesupport_introspection_c
[0.235s] -- Using all available rosidl_typesupport_cpp: rosidl_typesupport_fastrtps_cpp;rosidl_typesupport_introspection_cpp
[0.268s] -- Found rmw_implementation_cmake: 6.1.2 (/opt/ros/humble/share/rmw_implementation_cmake/cmake)
[0.269s] -- Found rmw_fastrtps_cpp: 6.2.7 (/opt/ros/humble/share/rmw_fastrtps_cpp/cmake)
[0.366s] -- Using RMW implementation 'rmw_fastrtps_cpp' as default
[0.427s] -- Found ament_lint_auto: 0.12.11 (/opt/ros/humble/share/ament_lint_auto/cmake)
[0.503s] -- Added test 'cppcheck' to perform static code analysis on C / C++ code
[0.504s] -- Configured cppcheck include dirs: 
[0.504s] -- Configured cppcheck exclude dirs and/or files: 
[0.506s] -- Added test 'lint_cmake' to check CMake code style
[0.512s] -- Added test 'uncrustify' to check C / C++ code style
[0.512s] -- Configured uncrustify additional arguments: 
[0.513s] -- Added test 'xmllint' to check XML markup files
[0.514s] -- Configuring done
[0.529s] -- Generating done
[0.533s] -- Build files have been written to: /home/wufy/learn_ros2/chap_node/build/demo_cpp_pkg
[0.563s] [35m[1mConsolidate compiler generated dependencies of target demo_cpp_node[0m
[0.574s] [ 25%] [32mBuilding CXX object CMakeFiles/person_node.dir/src/person_node.cpp.o[0m
[0.582s] [ 75%] Built target demo_cpp_node
[3.110s] [100%] [32m[1mLinking CXX executable person_node[0m
[3.229s] [100%] Built target person_node
[3.241s] Invoked command in '/home/wufy/learn_ros2/chap_node/build/demo_cpp_pkg' returned '0': CMAKE_PREFIX_PATH=/opt/ros/humble /usr/bin/cmake --build /home/wufy/learn_ros2/chap_node/build/demo_cpp_pkg -- -j16 -l16
[3.251s] Invoking command in '/home/wufy/learn_ros2/chap_node/build/demo_cpp_pkg': CMAKE_PREFIX_PATH=/opt/ros/humble /usr/bin/cmake --install /home/wufy/learn_ros2/chap_node/build/demo_cpp_pkg
[3.260s] -- Install configuration: ""
[3.260s] -- Up-to-date: /home/wufy/learn_ros2/chap_node/install/demo_cpp_pkg/lib/demo_cpp_pkg/demo_cpp_node
[3.260s] -- Up-to-date: /home/wufy/learn_ros2/chap_node/install/demo_cpp_pkg/share/ament_index/resource_index/package_run_dependencies/demo_cpp_pkg
[3.260s] -- Installing: /home/wufy/learn_ros2/chap_node/install/demo_cpp_pkg/share/ament_index/resource_index/parent_prefix_path/demo_cpp_pkg
[3.260s] -- Up-to-date: /home/wufy/learn_ros2/chap_node/install/demo_cpp_pkg/share/demo_cpp_pkg/environment/ament_prefix_path.sh
[3.260s] -- Installing: /home/wufy/learn_ros2/chap_node/install/demo_cpp_pkg/share/demo_cpp_pkg/environment/ament_prefix_path.dsv
[3.260s] -- Up-to-date: /home/wufy/learn_ros2/chap_node/install/demo_cpp_pkg/share/demo_cpp_pkg/environment/path.sh
[3.260s] -- Installing: /home/wufy/learn_ros2/chap_node/install/demo_cpp_pkg/share/demo_cpp_pkg/environment/path.dsv
[3.261s] -- Up-to-date: /home/wufy/learn_ros2/chap_node/install/demo_cpp_pkg/share/demo_cpp_pkg/local_setup.bash
[3.261s] -- Up-to-date: /home/wufy/learn_ros2/chap_node/install/demo_cpp_pkg/share/demo_cpp_pkg/local_setup.sh
[3.261s] -- Up-to-date: /home/wufy/learn_ros2/chap_node/install/demo_cpp_pkg/share/demo_cpp_pkg/local_setup.zsh
[3.261s] -- Installing: /home/wufy/learn_ros2/chap_node/install/demo_cpp_pkg/share/demo_cpp_pkg/local_setup.dsv
[3.261s] -- Installing: /home/wufy/learn_ros2/chap_node/install/demo_cpp_pkg/share/demo_cpp_pkg/package.dsv
[3.261s] -- Up-to-date: /home/wufy/learn_ros2/chap_node/install/demo_cpp_pkg/share/ament_index/resource_index/packages/demo_cpp_pkg
[3.261s] -- Up-to-date: /home/wufy/learn_ros2/chap_node/install/demo_cpp_pkg/share/demo_cpp_pkg/cmake/demo_cpp_pkgConfig.cmake
[3.261s] -- Up-to-date: /home/wufy/learn_ros2/chap_node/install/demo_cpp_pkg/share/demo_cpp_pkg/cmake/demo_cpp_pkgConfig-version.cmake
[3.261s] -- Up-to-date: /home/wufy/learn_ros2/chap_node/install/demo_cpp_pkg/share/demo_cpp_pkg/package.xml
[3.264s] Invoked command in '/home/wufy/learn_ros2/chap_node/build/demo_cpp_pkg' returned '0': CMAKE_PREFIX_PATH=/opt/ros/humble /usr/bin/cmake --install /home/wufy/learn_ros2/chap_node/build/demo_cpp_pkg
