[0.055s] DEBUG:colcon:Command line arguments: ['/usr/bin/colcon', 'build']
[0.055s] DEBUG:colcon:Parsed command line arguments: Namespace(log_base=None, log_level=None, verb_name='build', build_base='build', install_base='install', merge_install=False, symlink_install=False, test_result_base=None, continue_on_error=False, executor='parallel', parallel_workers=16, event_handlers=None, ignore_user_meta=False, metas=['./colcon.meta'], base_paths=['.'], packages_ignore=None, packages_ignore_regex=None, paths=None, packages_up_to=None, packages_up_to_regex=None, packages_above=None, packages_above_and_dependencies=None, packages_above_depth=None, packages_select_by_dep=None, packages_skip_by_dep=None, packages_skip_up_to=None, packages_select_build_failed=False, packages_skip_build_finished=False, packages_select_test_failures=False, packages_skip_test_passed=False, packages_select=None, packages_skip=None, packages_select_regex=None, packages_skip_regex=None, packages_start=None, packages_end=None, allow_overriding=[], cmake_args=None, cmake_target=None, cmake_target_skip_unavailable=False, cmake_clean_cache=False, cmake_clean_first=False, cmake_force_configure=False, ament_cmake_args=None, catkin_cmake_args=None, catkin_skip_building_tests=False, verb_parser=<colcon_defaults.argument_parser.defaults.DefaultArgumentsDecorator object at 0x7c5df3423970>, verb_extension=<colcon_core.verb.build.BuildVerb object at 0x7c5df356cd60>, main=<bound method BuildVerb.main of <colcon_core.verb.build.BuildVerb object at 0x7c5df356cd60>>)
[0.132s] Level 1:colcon.colcon_core.package_discovery:discover_packages(colcon_meta) check parameters
[0.132s] Level 1:colcon.colcon_core.package_discovery:discover_packages(recursive) check parameters
[0.132s] Level 1:colcon.colcon_core.package_discovery:discover_packages(ignore) check parameters
[0.132s] Level 1:colcon.colcon_core.package_discovery:discover_packages(path) check parameters
[0.132s] Level 1:colcon.colcon_core.package_discovery:discover_packages(colcon_meta) discover
[0.132s] Level 1:colcon.colcon_core.package_discovery:discover_packages(recursive) discover
[0.132s] INFO:colcon.colcon_core.package_discovery:Crawling recursively for packages in '/home/wufy/learn_ros2/learn_ros2/chap_topic'
[0.132s] Level 1:colcon.colcon_core.package_identification:_identify(.) by extensions ['ignore', 'ignore_ament_install']
[0.132s] Level 1:colcon.colcon_core.package_identification:_identify(.) by extension 'ignore'
[0.132s] Level 1:colcon.colcon_core.package_identification:_identify(.) by extension 'ignore_ament_install'
[0.132s] Level 1:colcon.colcon_core.package_identification:_identify(.) by extensions ['colcon_pkg']
[0.132s] Level 1:colcon.colcon_core.package_identification:_identify(.) by extension 'colcon_pkg'
[0.132s] Level 1:colcon.colcon_core.package_identification:_identify(.) by extensions ['colcon_meta']
[0.132s] Level 1:colcon.colcon_core.package_identification:_identify(.) by extension 'colcon_meta'
[0.132s] Level 1:colcon.colcon_core.package_identification:_identify(.) by extensions ['ros']
[0.132s] Level 1:colcon.colcon_core.package_identification:_identify(.) by extension 'ros'
[0.139s] Level 1:colcon.colcon_core.package_identification:_identify(.) by extensions ['cmake', 'python']
[0.139s] Level 1:colcon.colcon_core.package_identification:_identify(.) by extension 'cmake'
[0.139s] Level 1:colcon.colcon_core.package_identification:_identify(.) by extension 'python'
[0.140s] Level 1:colcon.colcon_core.package_identification:_identify(.) by extensions ['python_setup_py']
[0.140s] Level 1:colcon.colcon_core.package_identification:_identify(.) by extension 'python_setup_py'
[0.140s] Level 1:colcon.colcon_core.package_identification:_identify(build) by extensions ['ignore', 'ignore_ament_install']
[0.140s] Level 1:colcon.colcon_core.package_identification:_identify(build) by extension 'ignore'
[0.140s] Level 1:colcon.colcon_core.package_identification:_identify(build) ignored
[0.140s] Level 1:colcon.colcon_core.package_identification:_identify(install) by extensions ['ignore', 'ignore_ament_install']
[0.140s] Level 1:colcon.colcon_core.package_identification:_identify(install) by extension 'ignore'
[0.140s] Level 1:colcon.colcon_core.package_identification:_identify(install) ignored
[0.140s] Level 1:colcon.colcon_core.package_identification:_identify(log) by extensions ['ignore', 'ignore_ament_install']
[0.140s] Level 1:colcon.colcon_core.package_identification:_identify(log) by extension 'ignore'
[0.140s] Level 1:colcon.colcon_core.package_identification:_identify(log) ignored
[0.140s] Level 1:colcon.colcon_core.package_identification:_identify(src) by extensions ['ignore', 'ignore_ament_install']
[0.140s] Level 1:colcon.colcon_core.package_identification:_identify(src) by extension 'ignore'
[0.140s] Level 1:colcon.colcon_core.package_identification:_identify(src) by extension 'ignore_ament_install'
[0.140s] Level 1:colcon.colcon_core.package_identification:_identify(src) by extensions ['colcon_pkg']
[0.140s] Level 1:colcon.colcon_core.package_identification:_identify(src) by extension 'colcon_pkg'
[0.140s] Level 1:colcon.colcon_core.package_identification:_identify(src) by extensions ['colcon_meta']
[0.140s] Level 1:colcon.colcon_core.package_identification:_identify(src) by extension 'colcon_meta'
[0.140s] Level 1:colcon.colcon_core.package_identification:_identify(src) by extensions ['ros']
[0.140s] Level 1:colcon.colcon_core.package_identification:_identify(src) by extension 'ros'
[0.140s] Level 1:colcon.colcon_core.package_identification:_identify(src) by extensions ['cmake', 'python']
[0.140s] Level 1:colcon.colcon_core.package_identification:_identify(src) by extension 'cmake'
[0.140s] Level 1:colcon.colcon_core.package_identification:_identify(src) by extension 'python'
[0.140s] Level 1:colcon.colcon_core.package_identification:_identify(src) by extensions ['python_setup_py']
[0.140s] Level 1:colcon.colcon_core.package_identification:_identify(src) by extension 'python_setup_py'
[0.140s] Level 1:colcon.colcon_core.package_identification:_identify(src/demo_cpp_topic) by extensions ['ignore', 'ignore_ament_install']
[0.140s] Level 1:colcon.colcon_core.package_identification:_identify(src/demo_cpp_topic) by extension 'ignore'
[0.140s] Level 1:colcon.colcon_core.package_identification:_identify(src/demo_cpp_topic) by extension 'ignore_ament_install'
[0.140s] Level 1:colcon.colcon_core.package_identification:_identify(src/demo_cpp_topic) by extensions ['colcon_pkg']
[0.140s] Level 1:colcon.colcon_core.package_identification:_identify(src/demo_cpp_topic) by extension 'colcon_pkg'
[0.141s] Level 1:colcon.colcon_core.package_identification:_identify(src/demo_cpp_topic) by extensions ['colcon_meta']
[0.141s] Level 1:colcon.colcon_core.package_identification:_identify(src/demo_cpp_topic) by extension 'colcon_meta'
[0.141s] Level 1:colcon.colcon_core.package_identification:_identify(src/demo_cpp_topic) by extensions ['ros']
[0.141s] Level 1:colcon.colcon_core.package_identification:_identify(src/demo_cpp_topic) by extension 'ros'
[0.142s] DEBUG:colcon.colcon_core.package_identification:Package 'src/demo_cpp_topic' with type 'ros.ament_cmake' and name 'demo_cpp_topic'
[0.142s] Level 1:colcon.colcon_core.package_identification:_identify(src/demo_python_topic) by extensions ['ignore', 'ignore_ament_install']
[0.142s] Level 1:colcon.colcon_core.package_identification:_identify(src/demo_python_topic) by extension 'ignore'
[0.142s] Level 1:colcon.colcon_core.package_identification:_identify(src/demo_python_topic) by extension 'ignore_ament_install'
[0.142s] Level 1:colcon.colcon_core.package_identification:_identify(src/demo_python_topic) by extensions ['colcon_pkg']
[0.143s] Level 1:colcon.colcon_core.package_identification:_identify(src/demo_python_topic) by extension 'colcon_pkg'
[0.143s] Level 1:colcon.colcon_core.package_identification:_identify(src/demo_python_topic) by extensions ['colcon_meta']
[0.143s] Level 1:colcon.colcon_core.package_identification:_identify(src/demo_python_topic) by extension 'colcon_meta'
[0.143s] Level 1:colcon.colcon_core.package_identification:_identify(src/demo_python_topic) by extensions ['ros']
[0.143s] Level 1:colcon.colcon_core.package_identification:_identify(src/demo_python_topic) by extension 'ros'
[0.143s] DEBUG:colcon.colcon_core.package_identification:Package 'src/demo_python_topic' with type 'ros.ament_python' and name 'demo_python_topic'
[0.143s] Level 1:colcon.colcon_core.package_identification:_identify(src/status_display) by extensions ['ignore', 'ignore_ament_install']
[0.143s] Level 1:colcon.colcon_core.package_identification:_identify(src/status_display) by extension 'ignore'
[0.143s] Level 1:colcon.colcon_core.package_identification:_identify(src/status_display) by extension 'ignore_ament_install'
[0.143s] Level 1:colcon.colcon_core.package_identification:_identify(src/status_display) by extensions ['colcon_pkg']
[0.143s] Level 1:colcon.colcon_core.package_identification:_identify(src/status_display) by extension 'colcon_pkg'
[0.143s] Level 1:colcon.colcon_core.package_identification:_identify(src/status_display) by extensions ['colcon_meta']
[0.143s] Level 1:colcon.colcon_core.package_identification:_identify(src/status_display) by extension 'colcon_meta'
[0.143s] Level 1:colcon.colcon_core.package_identification:_identify(src/status_display) by extensions ['ros']
[0.143s] Level 1:colcon.colcon_core.package_identification:_identify(src/status_display) by extension 'ros'
[0.144s] DEBUG:colcon.colcon_core.package_identification:Package 'src/status_display' with type 'ros.ament_cmake' and name 'status_display'
[0.144s] Level 1:colcon.colcon_core.package_identification:_identify(src/status_interfaces) by extensions ['ignore', 'ignore_ament_install']
[0.144s] Level 1:colcon.colcon_core.package_identification:_identify(src/status_interfaces) by extension 'ignore'
[0.144s] Level 1:colcon.colcon_core.package_identification:_identify(src/status_interfaces) by extension 'ignore_ament_install'
[0.144s] Level 1:colcon.colcon_core.package_identification:_identify(src/status_interfaces) by extensions ['colcon_pkg']
[0.144s] Level 1:colcon.colcon_core.package_identification:_identify(src/status_interfaces) by extension 'colcon_pkg'
[0.144s] Level 1:colcon.colcon_core.package_identification:_identify(src/status_interfaces) by extensions ['colcon_meta']
[0.144s] Level 1:colcon.colcon_core.package_identification:_identify(src/status_interfaces) by extension 'colcon_meta'
[0.144s] Level 1:colcon.colcon_core.package_identification:_identify(src/status_interfaces) by extensions ['ros']
[0.144s] Level 1:colcon.colcon_core.package_identification:_identify(src/status_interfaces) by extension 'ros'
[0.144s] DEBUG:colcon.colcon_core.package_identification:Package 'src/status_interfaces' with type 'ros.ament_cmake' and name 'status_interfaces'
[0.144s] Level 1:colcon.colcon_core.package_identification:_identify(src/status_pulisher) by extensions ['ignore', 'ignore_ament_install']
[0.144s] Level 1:colcon.colcon_core.package_identification:_identify(src/status_pulisher) by extension 'ignore'
[0.144s] Level 1:colcon.colcon_core.package_identification:_identify(src/status_pulisher) by extension 'ignore_ament_install'
[0.144s] Level 1:colcon.colcon_core.package_identification:_identify(src/status_pulisher) by extensions ['colcon_pkg']
[0.144s] Level 1:colcon.colcon_core.package_identification:_identify(src/status_pulisher) by extension 'colcon_pkg'
[0.144s] Level 1:colcon.colcon_core.package_identification:_identify(src/status_pulisher) by extensions ['colcon_meta']
[0.144s] Level 1:colcon.colcon_core.package_identification:_identify(src/status_pulisher) by extension 'colcon_meta'
[0.144s] Level 1:colcon.colcon_core.package_identification:_identify(src/status_pulisher) by extensions ['ros']
[0.144s] Level 1:colcon.colcon_core.package_identification:_identify(src/status_pulisher) by extension 'ros'
[0.145s] DEBUG:colcon.colcon_core.package_identification:Package 'src/status_pulisher' with type 'ros.ament_python' and name 'status_pulisher'
[0.145s] Level 1:colcon.colcon_core.package_discovery:discover_packages(recursive) using defaults
[0.145s] Level 1:colcon.colcon_core.package_discovery:discover_packages(ignore) discover
[0.145s] Level 1:colcon.colcon_core.package_discovery:discover_packages(ignore) using defaults
[0.145s] Level 1:colcon.colcon_core.package_discovery:discover_packages(path) discover
[0.145s] Level 1:colcon.colcon_core.package_discovery:discover_packages(path) using defaults
[0.156s] Level 1:colcon.colcon_core.package_discovery:discover_packages(prefix_path) check parameters
[0.156s] Level 1:colcon.colcon_core.package_discovery:discover_packages(prefix_path) discover
[0.157s] DEBUG:colcon.colcon_installed_package_information.package_discovery:Found 5 installed packages in /home/wufy/learn_ros2/learn_ros2/chap_topic/install
[0.158s] DEBUG:colcon.colcon_installed_package_information.package_discovery:Found 271 installed packages in /opt/ros/humble
[0.159s] Level 1:colcon.colcon_core.package_discovery:discover_packages(prefix_path) using defaults
[0.186s] Level 5:colcon.colcon_core.verb:set package 'demo_cpp_topic' build argument 'cmake_args' from command line to 'None'
[0.186s] Level 5:colcon.colcon_core.verb:set package 'demo_cpp_topic' build argument 'cmake_target' from command line to 'None'
[0.186s] Level 5:colcon.colcon_core.verb:set package 'demo_cpp_topic' build argument 'cmake_target_skip_unavailable' from command line to 'False'
[0.186s] Level 5:colcon.colcon_core.verb:set package 'demo_cpp_topic' build argument 'cmake_clean_cache' from command line to 'False'
[0.186s] Level 5:colcon.colcon_core.verb:set package 'demo_cpp_topic' build argument 'cmake_clean_first' from command line to 'False'
[0.186s] Level 5:colcon.colcon_core.verb:set package 'demo_cpp_topic' build argument 'cmake_force_configure' from command line to 'False'
[0.186s] Level 5:colcon.colcon_core.verb:set package 'demo_cpp_topic' build argument 'ament_cmake_args' from command line to 'None'
[0.186s] Level 5:colcon.colcon_core.verb:set package 'demo_cpp_topic' build argument 'catkin_cmake_args' from command line to 'None'
[0.186s] Level 5:colcon.colcon_core.verb:set package 'demo_cpp_topic' build argument 'catkin_skip_building_tests' from command line to 'False'
[0.186s] DEBUG:colcon.colcon_core.verb:Building package 'demo_cpp_topic' with the following arguments: {'ament_cmake_args': None, 'build_base': '/home/wufy/learn_ros2/learn_ros2/chap_topic/build/demo_cpp_topic', 'catkin_cmake_args': None, 'catkin_skip_building_tests': False, 'cmake_args': None, 'cmake_clean_cache': False, 'cmake_clean_first': False, 'cmake_force_configure': False, 'cmake_target': None, 'cmake_target_skip_unavailable': False, 'install_base': '/home/wufy/learn_ros2/learn_ros2/chap_topic/install/demo_cpp_topic', 'merge_install': False, 'path': '/home/wufy/learn_ros2/learn_ros2/chap_topic/src/demo_cpp_topic', 'symlink_install': False, 'test_result_base': None}
[0.186s] Level 5:colcon.colcon_core.verb:set package 'demo_python_topic' build argument 'cmake_args' from command line to 'None'
[0.186s] Level 5:colcon.colcon_core.verb:set package 'demo_python_topic' build argument 'cmake_target' from command line to 'None'
[0.186s] Level 5:colcon.colcon_core.verb:set package 'demo_python_topic' build argument 'cmake_target_skip_unavailable' from command line to 'False'
[0.186s] Level 5:colcon.colcon_core.verb:set package 'demo_python_topic' build argument 'cmake_clean_cache' from command line to 'False'
[0.186s] Level 5:colcon.colcon_core.verb:set package 'demo_python_topic' build argument 'cmake_clean_first' from command line to 'False'
[0.186s] Level 5:colcon.colcon_core.verb:set package 'demo_python_topic' build argument 'cmake_force_configure' from command line to 'False'
[0.186s] Level 5:colcon.colcon_core.verb:set package 'demo_python_topic' build argument 'ament_cmake_args' from command line to 'None'
[0.186s] Level 5:colcon.colcon_core.verb:set package 'demo_python_topic' build argument 'catkin_cmake_args' from command line to 'None'
[0.186s] Level 5:colcon.colcon_core.verb:set package 'demo_python_topic' build argument 'catkin_skip_building_tests' from command line to 'False'
[0.186s] DEBUG:colcon.colcon_core.verb:Building package 'demo_python_topic' with the following arguments: {'ament_cmake_args': None, 'build_base': '/home/wufy/learn_ros2/learn_ros2/chap_topic/build/demo_python_topic', 'catkin_cmake_args': None, 'catkin_skip_building_tests': False, 'cmake_args': None, 'cmake_clean_cache': False, 'cmake_clean_first': False, 'cmake_force_configure': False, 'cmake_target': None, 'cmake_target_skip_unavailable': False, 'install_base': '/home/wufy/learn_ros2/learn_ros2/chap_topic/install/demo_python_topic', 'merge_install': False, 'path': '/home/wufy/learn_ros2/learn_ros2/chap_topic/src/demo_python_topic', 'symlink_install': False, 'test_result_base': None}
[0.186s] Level 5:colcon.colcon_core.verb:set package 'status_interfaces' build argument 'cmake_args' from command line to 'None'
[0.186s] Level 5:colcon.colcon_core.verb:set package 'status_interfaces' build argument 'cmake_target' from command line to 'None'
[0.186s] Level 5:colcon.colcon_core.verb:set package 'status_interfaces' build argument 'cmake_target_skip_unavailable' from command line to 'False'
[0.186s] Level 5:colcon.colcon_core.verb:set package 'status_interfaces' build argument 'cmake_clean_cache' from command line to 'False'
[0.186s] Level 5:colcon.colcon_core.verb:set package 'status_interfaces' build argument 'cmake_clean_first' from command line to 'False'
[0.186s] Level 5:colcon.colcon_core.verb:set package 'status_interfaces' build argument 'cmake_force_configure' from command line to 'False'
[0.186s] Level 5:colcon.colcon_core.verb:set package 'status_interfaces' build argument 'ament_cmake_args' from command line to 'None'
[0.186s] Level 5:colcon.colcon_core.verb:set package 'status_interfaces' build argument 'catkin_cmake_args' from command line to 'None'
[0.186s] Level 5:colcon.colcon_core.verb:set package 'status_interfaces' build argument 'catkin_skip_building_tests' from command line to 'False'
[0.186s] DEBUG:colcon.colcon_core.verb:Building package 'status_interfaces' with the following arguments: {'ament_cmake_args': None, 'build_base': '/home/wufy/learn_ros2/learn_ros2/chap_topic/build/status_interfaces', 'catkin_cmake_args': None, 'catkin_skip_building_tests': False, 'cmake_args': None, 'cmake_clean_cache': False, 'cmake_clean_first': False, 'cmake_force_configure': False, 'cmake_target': None, 'cmake_target_skip_unavailable': False, 'install_base': '/home/wufy/learn_ros2/learn_ros2/chap_topic/install/status_interfaces', 'merge_install': False, 'path': '/home/wufy/learn_ros2/learn_ros2/chap_topic/src/status_interfaces', 'symlink_install': False, 'test_result_base': None}
[0.187s] Level 5:colcon.colcon_core.verb:set package 'status_pulisher' build argument 'cmake_args' from command line to 'None'
[0.187s] Level 5:colcon.colcon_core.verb:set package 'status_pulisher' build argument 'cmake_target' from command line to 'None'
[0.187s] Level 5:colcon.colcon_core.verb:set package 'status_pulisher' build argument 'cmake_target_skip_unavailable' from command line to 'False'
[0.187s] Level 5:colcon.colcon_core.verb:set package 'status_pulisher' build argument 'cmake_clean_cache' from command line to 'False'
[0.187s] Level 5:colcon.colcon_core.verb:set package 'status_pulisher' build argument 'cmake_clean_first' from command line to 'False'
[0.187s] Level 5:colcon.colcon_core.verb:set package 'status_pulisher' build argument 'cmake_force_configure' from command line to 'False'
[0.187s] Level 5:colcon.colcon_core.verb:set package 'status_pulisher' build argument 'ament_cmake_args' from command line to 'None'
[0.187s] Level 5:colcon.colcon_core.verb:set package 'status_pulisher' build argument 'catkin_cmake_args' from command line to 'None'
[0.187s] Level 5:colcon.colcon_core.verb:set package 'status_pulisher' build argument 'catkin_skip_building_tests' from command line to 'False'
[0.187s] DEBUG:colcon.colcon_core.verb:Building package 'status_pulisher' with the following arguments: {'ament_cmake_args': None, 'build_base': '/home/wufy/learn_ros2/learn_ros2/chap_topic/build/status_pulisher', 'catkin_cmake_args': None, 'catkin_skip_building_tests': False, 'cmake_args': None, 'cmake_clean_cache': False, 'cmake_clean_first': False, 'cmake_force_configure': False, 'cmake_target': None, 'cmake_target_skip_unavailable': False, 'install_base': '/home/wufy/learn_ros2/learn_ros2/chap_topic/install/status_pulisher', 'merge_install': False, 'path': '/home/wufy/learn_ros2/learn_ros2/chap_topic/src/status_pulisher', 'symlink_install': False, 'test_result_base': None}
[0.187s] Level 5:colcon.colcon_core.verb:set package 'status_display' build argument 'cmake_args' from command line to 'None'
[0.187s] Level 5:colcon.colcon_core.verb:set package 'status_display' build argument 'cmake_target' from command line to 'None'
[0.187s] Level 5:colcon.colcon_core.verb:set package 'status_display' build argument 'cmake_target_skip_unavailable' from command line to 'False'
[0.187s] Level 5:colcon.colcon_core.verb:set package 'status_display' build argument 'cmake_clean_cache' from command line to 'False'
[0.187s] Level 5:colcon.colcon_core.verb:set package 'status_display' build argument 'cmake_clean_first' from command line to 'False'
[0.187s] Level 5:colcon.colcon_core.verb:set package 'status_display' build argument 'cmake_force_configure' from command line to 'False'
[0.187s] Level 5:colcon.colcon_core.verb:set package 'status_display' build argument 'ament_cmake_args' from command line to 'None'
[0.187s] Level 5:colcon.colcon_core.verb:set package 'status_display' build argument 'catkin_cmake_args' from command line to 'None'
[0.187s] Level 5:colcon.colcon_core.verb:set package 'status_display' build argument 'catkin_skip_building_tests' from command line to 'False'
[0.187s] DEBUG:colcon.colcon_core.verb:Building package 'status_display' with the following arguments: {'ament_cmake_args': None, 'build_base': '/home/wufy/learn_ros2/learn_ros2/chap_topic/build/status_display', 'catkin_cmake_args': None, 'catkin_skip_building_tests': False, 'cmake_args': None, 'cmake_clean_cache': False, 'cmake_clean_first': False, 'cmake_force_configure': False, 'cmake_target': None, 'cmake_target_skip_unavailable': False, 'install_base': '/home/wufy/learn_ros2/learn_ros2/chap_topic/install/status_display', 'merge_install': False, 'path': '/home/wufy/learn_ros2/learn_ros2/chap_topic/src/status_display', 'symlink_install': False, 'test_result_base': None}
[0.187s] INFO:colcon.colcon_core.executor:Executing jobs using 'parallel' executor
[0.188s] DEBUG:colcon.colcon_parallel_executor.executor.parallel:run_until_complete
[0.188s] INFO:colcon.colcon_ros.task.ament_cmake.build:Building ROS package in '/home/wufy/learn_ros2/learn_ros2/chap_topic/src/status_interfaces' with build type 'ament_cmake'
[0.188s] INFO:colcon.colcon_cmake.task.cmake.build:Building CMake package in '/home/wufy/learn_ros2/learn_ros2/chap_topic/src/status_interfaces'
[0.189s] INFO:colcon.colcon_core.plugin_system:Skipping extension 'colcon_core.shell.bat': Not used on non-Windows systems
[0.189s] INFO:colcon.colcon_core.shell:Skip shell extension 'powershell' for command environment: Not usable outside of PowerShell
[0.189s] DEBUG:colcon.colcon_core.shell:Skip shell extension 'dsv' for command environment
[0.191s] INFO:colcon.colcon_ros.task.ament_cmake.build:Building ROS package in '/home/wufy/learn_ros2/learn_ros2/chap_topic/src/demo_cpp_topic' with build type 'ament_cmake'
[0.192s] INFO:colcon.colcon_cmake.task.cmake.build:Building CMake package in '/home/wufy/learn_ros2/learn_ros2/chap_topic/src/demo_cpp_topic'
[0.192s] INFO:colcon.colcon_core.shell:Skip shell extension 'powershell' for command environment: Not usable outside of PowerShell
[0.192s] DEBUG:colcon.colcon_core.shell:Skip shell extension 'dsv' for command environment
[0.194s] INFO:colcon.colcon_ros.task.ament_python.build:Building ROS package in '/home/wufy/learn_ros2/learn_ros2/chap_topic/src/demo_python_topic' with build type 'ament_python'
[0.194s] Level 1:colcon.colcon_core.shell:create_environment_hook('demo_python_topic', 'ament_prefix_path')
[0.194s] INFO:colcon.colcon_core.shell:Creating environment hook '/home/wufy/learn_ros2/learn_ros2/chap_topic/install/demo_python_topic/share/demo_python_topic/hook/ament_prefix_path.ps1'
[0.194s] INFO:colcon.colcon_core.shell:Creating environment descriptor '/home/wufy/learn_ros2/learn_ros2/chap_topic/install/demo_python_topic/share/demo_python_topic/hook/ament_prefix_path.dsv'
[0.194s] INFO:colcon.colcon_core.shell:Creating environment hook '/home/wufy/learn_ros2/learn_ros2/chap_topic/install/demo_python_topic/share/demo_python_topic/hook/ament_prefix_path.sh'
[0.195s] INFO:colcon.colcon_core.shell:Skip shell extension 'powershell' for command environment: Not usable outside of PowerShell
[0.195s] DEBUG:colcon.colcon_core.shell:Skip shell extension 'dsv' for command environment
[0.197s] INFO:colcon.colcon_ros.task.ament_python.build:Building ROS package in '/home/wufy/learn_ros2/learn_ros2/chap_topic/src/status_pulisher' with build type 'ament_python'
[0.197s] Level 1:colcon.colcon_core.shell:create_environment_hook('status_pulisher', 'ament_prefix_path')
[0.197s] INFO:colcon.colcon_core.shell:Creating environment hook '/home/wufy/learn_ros2/learn_ros2/chap_topic/install/status_pulisher/share/status_pulisher/hook/ament_prefix_path.ps1'
[0.197s] INFO:colcon.colcon_core.shell:Creating environment descriptor '/home/wufy/learn_ros2/learn_ros2/chap_topic/install/status_pulisher/share/status_pulisher/hook/ament_prefix_path.dsv'
[0.197s] INFO:colcon.colcon_core.shell:Creating environment hook '/home/wufy/learn_ros2/learn_ros2/chap_topic/install/status_pulisher/share/status_pulisher/hook/ament_prefix_path.sh'
[0.198s] INFO:colcon.colcon_core.shell:Skip shell extension 'powershell' for command environment: Not usable outside of PowerShell
[0.198s] DEBUG:colcon.colcon_core.shell:Skip shell extension 'dsv' for command environment
[0.203s] DEBUG:colcon.colcon_core.event_handler.log_command:Invoking command in '/home/wufy/learn_ros2/learn_ros2/chap_topic/build/status_interfaces': CMAKE_PREFIX_PATH=${CMAKE_PREFIX_PATH}:/home/wufy/learn_ros2/learn_ros2/chap_topic/install/status_pulisher:/home/wufy/learn_ros2/learn_ros2/chap_topic/install/demo_python_topic:/opt/ros/humble /usr/bin/cmake --build /home/wufy/learn_ros2/learn_ros2/chap_topic/build/status_interfaces -- -j16 -l16
[0.205s] DEBUG:colcon.colcon_core.event_handler.log_command:Invoking command in '/home/wufy/learn_ros2/learn_ros2/chap_topic/build/demo_cpp_topic': CMAKE_PREFIX_PATH=${CMAKE_PREFIX_PATH}:/home/wufy/learn_ros2/learn_ros2/chap_topic/install/status_pulisher:/home/wufy/learn_ros2/learn_ros2/chap_topic/install/demo_python_topic:/opt/ros/humble /usr/bin/cmake --build /home/wufy/learn_ros2/learn_ros2/chap_topic/build/demo_cpp_topic -- -j16 -l16
[0.362s] INFO:colcon.colcon_core.task.python.build:Building Python package in '/home/wufy/learn_ros2/learn_ros2/chap_topic/src/demo_python_topic'
[0.362s] INFO:colcon.colcon_core.shell:Skip shell extension 'powershell' for command environment: Not usable outside of PowerShell
[0.362s] DEBUG:colcon.colcon_core.shell:Skip shell extension 'dsv' for command environment
[0.368s] DEBUG:colcon.colcon_core.event_handler.log_command:Invoked command in '/home/wufy/learn_ros2/learn_ros2/chap_topic/build/demo_cpp_topic' returned '0': CMAKE_PREFIX_PATH=${CMAKE_PREFIX_PATH}:/home/wufy/learn_ros2/learn_ros2/chap_topic/install/status_pulisher:/home/wufy/learn_ros2/learn_ros2/chap_topic/install/demo_python_topic:/opt/ros/humble /usr/bin/cmake --build /home/wufy/learn_ros2/learn_ros2/chap_topic/build/demo_cpp_topic -- -j16 -l16
[0.377s] DEBUG:colcon.colcon_core.event_handler.log_command:Invoking command in '/home/wufy/learn_ros2/learn_ros2/chap_topic/build/demo_cpp_topic': CMAKE_PREFIX_PATH=${CMAKE_PREFIX_PATH}:/home/wufy/learn_ros2/learn_ros2/chap_topic/install/status_pulisher:/home/wufy/learn_ros2/learn_ros2/chap_topic/install/demo_python_topic:/opt/ros/humble /usr/bin/cmake --install /home/wufy/learn_ros2/learn_ros2/chap_topic/build/demo_cpp_topic
[0.507s] INFO:colcon.colcon_core.task.python.build:Building Python package in '/home/wufy/learn_ros2/learn_ros2/chap_topic/src/status_pulisher'
[0.507s] INFO:colcon.colcon_core.shell:Skip shell extension 'powershell' for command environment: Not usable outside of PowerShell
[0.507s] DEBUG:colcon.colcon_core.shell:Skip shell extension 'dsv' for command environment
[0.513s] Level 1:colcon.colcon_core.environment:create_environment_scripts_only(demo_cpp_topic)
[0.513s] DEBUG:colcon.colcon_core.event_handler.log_command:Invoked command in '/home/wufy/learn_ros2/learn_ros2/chap_topic/build/demo_cpp_topic' returned '0': CMAKE_PREFIX_PATH=${CMAKE_PREFIX_PATH}:/home/wufy/learn_ros2/learn_ros2/chap_topic/install/status_pulisher:/home/wufy/learn_ros2/learn_ros2/chap_topic/install/demo_python_topic:/opt/ros/humble /usr/bin/cmake --install /home/wufy/learn_ros2/learn_ros2/chap_topic/build/demo_cpp_topic
[0.515s] Level 1:colcon.colcon_core.environment:checking '/home/wufy/learn_ros2/learn_ros2/chap_topic/install/demo_cpp_topic' for CMake module files
[0.515s] Level 1:colcon.colcon_core.environment:checking '/home/wufy/learn_ros2/learn_ros2/chap_topic/install/demo_cpp_topic' for CMake config files
[0.515s] Level 1:colcon.colcon_core.shell:create_environment_hook('demo_cpp_topic', 'cmake_prefix_path')
[0.516s] INFO:colcon.colcon_core.shell:Creating environment hook '/home/wufy/learn_ros2/learn_ros2/chap_topic/install/demo_cpp_topic/share/demo_cpp_topic/hook/cmake_prefix_path.ps1'
[0.516s] INFO:colcon.colcon_core.shell:Creating environment descriptor '/home/wufy/learn_ros2/learn_ros2/chap_topic/install/demo_cpp_topic/share/demo_cpp_topic/hook/cmake_prefix_path.dsv'
[0.516s] INFO:colcon.colcon_core.shell:Creating environment hook '/home/wufy/learn_ros2/learn_ros2/chap_topic/install/demo_cpp_topic/share/demo_cpp_topic/hook/cmake_prefix_path.sh'
[0.517s] Level 1:colcon.colcon_core.environment:checking '/home/wufy/learn_ros2/learn_ros2/chap_topic/install/demo_cpp_topic/lib'
[0.517s] Level 1:colcon.colcon_core.environment:checking '/home/wufy/learn_ros2/learn_ros2/chap_topic/install/demo_cpp_topic/bin'
[0.517s] Level 1:colcon.colcon_core.environment:checking '/home/wufy/learn_ros2/learn_ros2/chap_topic/install/demo_cpp_topic/lib/pkgconfig/demo_cpp_topic.pc'
[0.517s] Level 1:colcon.colcon_core.environment:checking '/home/wufy/learn_ros2/learn_ros2/chap_topic/install/demo_cpp_topic/lib/python3.10/site-packages'
[0.517s] Level 1:colcon.colcon_core.environment:checking '/home/wufy/learn_ros2/learn_ros2/chap_topic/install/demo_cpp_topic/bin'
[0.517s] INFO:colcon.colcon_core.shell:Creating package script '/home/wufy/learn_ros2/learn_ros2/chap_topic/install/demo_cpp_topic/share/demo_cpp_topic/package.ps1'
[0.518s] INFO:colcon.colcon_core.shell:Creating package descriptor '/home/wufy/learn_ros2/learn_ros2/chap_topic/install/demo_cpp_topic/share/demo_cpp_topic/package.dsv'
[0.519s] INFO:colcon.colcon_core.shell:Creating package script '/home/wufy/learn_ros2/learn_ros2/chap_topic/install/demo_cpp_topic/share/demo_cpp_topic/package.sh'
[0.520s] INFO:colcon.colcon_core.shell:Creating package script '/home/wufy/learn_ros2/learn_ros2/chap_topic/install/demo_cpp_topic/share/demo_cpp_topic/package.bash'
[0.521s] INFO:colcon.colcon_core.shell:Creating package script '/home/wufy/learn_ros2/learn_ros2/chap_topic/install/demo_cpp_topic/share/demo_cpp_topic/package.zsh'
[0.521s] Level 1:colcon.colcon_core.environment:create_file_with_runtime_dependencies(/home/wufy/learn_ros2/learn_ros2/chap_topic/install/demo_cpp_topic/share/colcon-core/packages/demo_cpp_topic)
[0.522s] Level 1:colcon.colcon_core.environment:create_environment_scripts_only(demo_cpp_topic)
[0.522s] Level 1:colcon.colcon_core.environment:checking '/home/wufy/learn_ros2/learn_ros2/chap_topic/install/demo_cpp_topic' for CMake module files
[0.522s] Level 1:colcon.colcon_core.environment:checking '/home/wufy/learn_ros2/learn_ros2/chap_topic/install/demo_cpp_topic' for CMake config files
[0.522s] Level 1:colcon.colcon_core.shell:create_environment_hook('demo_cpp_topic', 'cmake_prefix_path')
[0.522s] INFO:colcon.colcon_core.shell:Creating environment hook '/home/wufy/learn_ros2/learn_ros2/chap_topic/install/demo_cpp_topic/share/demo_cpp_topic/hook/cmake_prefix_path.ps1'
[0.523s] INFO:colcon.colcon_core.shell:Creating environment descriptor '/home/wufy/learn_ros2/learn_ros2/chap_topic/install/demo_cpp_topic/share/demo_cpp_topic/hook/cmake_prefix_path.dsv'
[0.523s] INFO:colcon.colcon_core.shell:Creating environment hook '/home/wufy/learn_ros2/learn_ros2/chap_topic/install/demo_cpp_topic/share/demo_cpp_topic/hook/cmake_prefix_path.sh'
[0.523s] Level 1:colcon.colcon_core.environment:checking '/home/wufy/learn_ros2/learn_ros2/chap_topic/install/demo_cpp_topic/lib'
[0.523s] Level 1:colcon.colcon_core.environment:checking '/home/wufy/learn_ros2/learn_ros2/chap_topic/install/demo_cpp_topic/bin'
[0.523s] Level 1:colcon.colcon_core.environment:checking '/home/wufy/learn_ros2/learn_ros2/chap_topic/install/demo_cpp_topic/lib/pkgconfig/demo_cpp_topic.pc'
[0.523s] Level 1:colcon.colcon_core.environment:checking '/home/wufy/learn_ros2/learn_ros2/chap_topic/install/demo_cpp_topic/lib/python3.10/site-packages'
[0.523s] Level 1:colcon.colcon_core.environment:checking '/home/wufy/learn_ros2/learn_ros2/chap_topic/install/demo_cpp_topic/bin'
[0.523s] INFO:colcon.colcon_core.shell:Creating package script '/home/wufy/learn_ros2/learn_ros2/chap_topic/install/demo_cpp_topic/share/demo_cpp_topic/package.ps1'
[0.524s] INFO:colcon.colcon_core.shell:Creating package descriptor '/home/wufy/learn_ros2/learn_ros2/chap_topic/install/demo_cpp_topic/share/demo_cpp_topic/package.dsv'
[0.524s] INFO:colcon.colcon_core.shell:Creating package script '/home/wufy/learn_ros2/learn_ros2/chap_topic/install/demo_cpp_topic/share/demo_cpp_topic/package.sh'
[0.524s] INFO:colcon.colcon_core.shell:Creating package script '/home/wufy/learn_ros2/learn_ros2/chap_topic/install/demo_cpp_topic/share/demo_cpp_topic/package.bash'
[0.524s] INFO:colcon.colcon_core.shell:Creating package script '/home/wufy/learn_ros2/learn_ros2/chap_topic/install/demo_cpp_topic/share/demo_cpp_topic/package.zsh'
[0.525s] Level 1:colcon.colcon_core.environment:create_file_with_runtime_dependencies(/home/wufy/learn_ros2/learn_ros2/chap_topic/install/demo_cpp_topic/share/colcon-core/packages/demo_cpp_topic)
[0.527s] DEBUG:colcon.colcon_core.event_handler.log_command:Invoked command in '/home/wufy/learn_ros2/learn_ros2/chap_topic/build/status_interfaces' returned '0': CMAKE_PREFIX_PATH=${CMAKE_PREFIX_PATH}:/home/wufy/learn_ros2/learn_ros2/chap_topic/install/status_pulisher:/home/wufy/learn_ros2/learn_ros2/chap_topic/install/demo_python_topic:/opt/ros/humble /usr/bin/cmake --build /home/wufy/learn_ros2/learn_ros2/chap_topic/build/status_interfaces -- -j16 -l16
[0.527s] DEBUG:colcon.colcon_core.event_handler.log_command:Invoking command in '/home/wufy/learn_ros2/learn_ros2/chap_topic/build/status_interfaces': CMAKE_PREFIX_PATH=${CMAKE_PREFIX_PATH}:/home/wufy/learn_ros2/learn_ros2/chap_topic/install/status_pulisher:/home/wufy/learn_ros2/learn_ros2/chap_topic/install/demo_python_topic:/opt/ros/humble /usr/bin/cmake --install /home/wufy/learn_ros2/learn_ros2/chap_topic/build/status_interfaces
[0.564s] Level 1:colcon.colcon_core.environment:create_environment_scripts_only(status_interfaces)
[0.564s] Level 1:colcon.colcon_core.environment:checking '/home/wufy/learn_ros2/learn_ros2/chap_topic/install/status_interfaces' for CMake module files
[0.565s] DEBUG:colcon.colcon_core.event_handler.log_command:Invoked command in '/home/wufy/learn_ros2/learn_ros2/chap_topic/build/status_interfaces' returned '0': CMAKE_PREFIX_PATH=${CMAKE_PREFIX_PATH}:/home/wufy/learn_ros2/learn_ros2/chap_topic/install/status_pulisher:/home/wufy/learn_ros2/learn_ros2/chap_topic/install/demo_python_topic:/opt/ros/humble /usr/bin/cmake --install /home/wufy/learn_ros2/learn_ros2/chap_topic/build/status_interfaces
[0.565s] Level 1:colcon.colcon_core.environment:checking '/home/wufy/learn_ros2/learn_ros2/chap_topic/install/status_interfaces' for CMake config files
[0.565s] Level 1:colcon.colcon_core.shell:create_environment_hook('status_interfaces', 'cmake_prefix_path')
[0.565s] INFO:colcon.colcon_core.shell:Creating environment hook '/home/wufy/learn_ros2/learn_ros2/chap_topic/install/status_interfaces/share/status_interfaces/hook/cmake_prefix_path.ps1'
[0.566s] INFO:colcon.colcon_core.shell:Creating environment descriptor '/home/wufy/learn_ros2/learn_ros2/chap_topic/install/status_interfaces/share/status_interfaces/hook/cmake_prefix_path.dsv'
[0.566s] INFO:colcon.colcon_core.shell:Creating environment hook '/home/wufy/learn_ros2/learn_ros2/chap_topic/install/status_interfaces/share/status_interfaces/hook/cmake_prefix_path.sh'
[0.566s] Level 1:colcon.colcon_core.environment:checking '/home/wufy/learn_ros2/learn_ros2/chap_topic/install/status_interfaces/lib'
[0.566s] Level 1:colcon.colcon_core.shell:create_environment_hook('status_interfaces', 'ld_library_path_lib')
[0.566s] INFO:colcon.colcon_core.shell:Creating environment hook '/home/wufy/learn_ros2/learn_ros2/chap_topic/install/status_interfaces/share/status_interfaces/hook/ld_library_path_lib.ps1'
[0.567s] INFO:colcon.colcon_core.shell:Creating environment descriptor '/home/wufy/learn_ros2/learn_ros2/chap_topic/install/status_interfaces/share/status_interfaces/hook/ld_library_path_lib.dsv'
[0.567s] INFO:colcon.colcon_core.shell:Creating environment hook '/home/wufy/learn_ros2/learn_ros2/chap_topic/install/status_interfaces/share/status_interfaces/hook/ld_library_path_lib.sh'
[0.567s] Level 1:colcon.colcon_core.environment:checking '/home/wufy/learn_ros2/learn_ros2/chap_topic/install/status_interfaces/bin'
[0.567s] Level 1:colcon.colcon_core.environment:checking '/home/wufy/learn_ros2/learn_ros2/chap_topic/install/status_interfaces/lib/pkgconfig/status_interfaces.pc'
[0.567s] Level 1:colcon.colcon_core.environment:checking '/home/wufy/learn_ros2/learn_ros2/chap_topic/install/status_interfaces/lib/python3.10/site-packages'
[0.567s] Level 1:colcon.colcon_core.environment:checking '/home/wufy/learn_ros2/learn_ros2/chap_topic/install/status_interfaces/bin'
[0.567s] INFO:colcon.colcon_core.shell:Creating package script '/home/wufy/learn_ros2/learn_ros2/chap_topic/install/status_interfaces/share/status_interfaces/package.ps1'
[0.568s] INFO:colcon.colcon_core.shell:Creating package descriptor '/home/wufy/learn_ros2/learn_ros2/chap_topic/install/status_interfaces/share/status_interfaces/package.dsv'
[0.568s] INFO:colcon.colcon_core.shell:Creating package script '/home/wufy/learn_ros2/learn_ros2/chap_topic/install/status_interfaces/share/status_interfaces/package.sh'
[0.568s] INFO:colcon.colcon_core.shell:Creating package script '/home/wufy/learn_ros2/learn_ros2/chap_topic/install/status_interfaces/share/status_interfaces/package.bash'
[0.568s] INFO:colcon.colcon_core.shell:Creating package script '/home/wufy/learn_ros2/learn_ros2/chap_topic/install/status_interfaces/share/status_interfaces/package.zsh'
[0.569s] Level 1:colcon.colcon_core.environment:create_file_with_runtime_dependencies(/home/wufy/learn_ros2/learn_ros2/chap_topic/install/status_interfaces/share/colcon-core/packages/status_interfaces)
[0.569s] Level 1:colcon.colcon_core.environment:create_environment_scripts_only(status_interfaces)
[0.569s] Level 1:colcon.colcon_core.environment:checking '/home/wufy/learn_ros2/learn_ros2/chap_topic/install/status_interfaces' for CMake module files
[0.570s] Level 1:colcon.colcon_core.environment:checking '/home/wufy/learn_ros2/learn_ros2/chap_topic/install/status_interfaces' for CMake config files
[0.570s] Level 1:colcon.colcon_core.shell:create_environment_hook('status_interfaces', 'cmake_prefix_path')
[0.570s] INFO:colcon.colcon_core.shell:Creating environment hook '/home/wufy/learn_ros2/learn_ros2/chap_topic/install/status_interfaces/share/status_interfaces/hook/cmake_prefix_path.ps1'
[0.570s] INFO:colcon.colcon_core.shell:Creating environment descriptor '/home/wufy/learn_ros2/learn_ros2/chap_topic/install/status_interfaces/share/status_interfaces/hook/cmake_prefix_path.dsv'
[0.570s] INFO:colcon.colcon_core.shell:Creating environment hook '/home/wufy/learn_ros2/learn_ros2/chap_topic/install/status_interfaces/share/status_interfaces/hook/cmake_prefix_path.sh'
[0.571s] Level 1:colcon.colcon_core.environment:checking '/home/wufy/learn_ros2/learn_ros2/chap_topic/install/status_interfaces/lib'
[0.571s] Level 1:colcon.colcon_core.shell:create_environment_hook('status_interfaces', 'ld_library_path_lib')
[0.571s] INFO:colcon.colcon_core.shell:Creating environment hook '/home/wufy/learn_ros2/learn_ros2/chap_topic/install/status_interfaces/share/status_interfaces/hook/ld_library_path_lib.ps1'
[0.571s] INFO:colcon.colcon_core.shell:Creating environment descriptor '/home/wufy/learn_ros2/learn_ros2/chap_topic/install/status_interfaces/share/status_interfaces/hook/ld_library_path_lib.dsv'
[0.571s] INFO:colcon.colcon_core.shell:Creating environment hook '/home/wufy/learn_ros2/learn_ros2/chap_topic/install/status_interfaces/share/status_interfaces/hook/ld_library_path_lib.sh'
[0.572s] Level 1:colcon.colcon_core.environment:checking '/home/wufy/learn_ros2/learn_ros2/chap_topic/install/status_interfaces/bin'
[0.572s] Level 1:colcon.colcon_core.environment:checking '/home/wufy/learn_ros2/learn_ros2/chap_topic/install/status_interfaces/lib/pkgconfig/status_interfaces.pc'
[0.572s] Level 1:colcon.colcon_core.environment:checking '/home/wufy/learn_ros2/learn_ros2/chap_topic/install/status_interfaces/lib/python3.10/site-packages'
[0.572s] Level 1:colcon.colcon_core.environment:checking '/home/wufy/learn_ros2/learn_ros2/chap_topic/install/status_interfaces/bin'
[0.572s] INFO:colcon.colcon_core.shell:Creating package script '/home/wufy/learn_ros2/learn_ros2/chap_topic/install/status_interfaces/share/status_interfaces/package.ps1'
[0.573s] INFO:colcon.colcon_core.shell:Creating package descriptor '/home/wufy/learn_ros2/learn_ros2/chap_topic/install/status_interfaces/share/status_interfaces/package.dsv'
[0.573s] INFO:colcon.colcon_core.shell:Creating package script '/home/wufy/learn_ros2/learn_ros2/chap_topic/install/status_interfaces/share/status_interfaces/package.sh'
[0.573s] INFO:colcon.colcon_core.shell:Creating package script '/home/wufy/learn_ros2/learn_ros2/chap_topic/install/status_interfaces/share/status_interfaces/package.bash'
[0.574s] INFO:colcon.colcon_core.shell:Creating package script '/home/wufy/learn_ros2/learn_ros2/chap_topic/install/status_interfaces/share/status_interfaces/package.zsh'
[0.574s] Level 1:colcon.colcon_core.environment:create_file_with_runtime_dependencies(/home/wufy/learn_ros2/learn_ros2/chap_topic/install/status_interfaces/share/colcon-core/packages/status_interfaces)
[0.574s] INFO:colcon.colcon_ros.task.ament_cmake.build:Building ROS package in '/home/wufy/learn_ros2/learn_ros2/chap_topic/src/status_display' with build type 'ament_cmake'
[0.574s] INFO:colcon.colcon_cmake.task.cmake.build:Building CMake package in '/home/wufy/learn_ros2/learn_ros2/chap_topic/src/status_display'
[0.574s] INFO:colcon.colcon_core.shell:Skip shell extension 'powershell' for command environment: Not usable outside of PowerShell
[0.574s] DEBUG:colcon.colcon_core.shell:Skip shell extension 'dsv' for command environment
[0.583s] DEBUG:colcon.colcon_core.event_handler.log_command:Invoking command in '/home/wufy/learn_ros2/learn_ros2/chap_topic/build/status_display': CMAKE_PREFIX_PATH=/home/wufy/learn_ros2/learn_ros2/chap_topic/install/status_interfaces:/home/wufy/learn_ros2/learn_ros2/chap_topic/install/status_display:/home/wufy/learn_ros2/learn_ros2/chap_topic/install/demo_cpp_topic:/home/wufy/learn_ros2/learn_ros2/chap_topic/install/status_pulisher:/home/wufy/learn_ros2/learn_ros2/chap_topic/install/demo_python_topic:/opt/ros/humble /usr/bin/cmake --build /home/wufy/learn_ros2/learn_ros2/chap_topic/build/status_display -- -j16 -l16
[0.705s] DEBUG:colcon.colcon_core.event_handler.log_command:Invoking command in '/home/wufy/learn_ros2/learn_ros2/chap_topic/src/demo_python_topic': PYTHONPATH=/home/wufy/learn_ros2/learn_ros2/chap_topic/build/demo_python_topic/prefix_override:/usr/lib/python3/dist-packages/colcon_core/task/python/colcon_distutils_commands:/home/wufy/learn_ros2/learn_ros2/chap_topic/install/demo_python_topic/lib/python3.10/site-packages:${PYTHONPATH} /usr/bin/python3 -W ignore:setup.py install is deprecated -W ignore:easy_install command is deprecated setup.py egg_info --egg-base ../../build/demo_python_topic build --build-base /home/wufy/learn_ros2/learn_ros2/chap_topic/build/demo_python_topic/build install --record /home/wufy/learn_ros2/learn_ros2/chap_topic/build/demo_python_topic/install.log --single-version-externally-managed install_data
[0.710s] DEBUG:colcon.colcon_core.event_handler.log_command:Invoking command in '/home/wufy/learn_ros2/learn_ros2/chap_topic/src/status_pulisher': PYTHONPATH=/home/wufy/learn_ros2/learn_ros2/chap_topic/build/status_pulisher/prefix_override:/usr/lib/python3/dist-packages/colcon_core/task/python/colcon_distutils_commands:/home/wufy/learn_ros2/learn_ros2/chap_topic/install/status_pulisher/lib/python3.10/site-packages:${PYTHONPATH} /usr/bin/python3 -W ignore:setup.py install is deprecated -W ignore:easy_install command is deprecated setup.py egg_info --egg-base ../../build/status_pulisher build --build-base /home/wufy/learn_ros2/learn_ros2/chap_topic/build/status_pulisher/build install --record /home/wufy/learn_ros2/learn_ros2/chap_topic/build/status_pulisher/install.log --single-version-externally-managed install_data
[0.876s] Level 1:colcon.colcon_core.environment:checking '/home/wufy/learn_ros2/learn_ros2/chap_topic/install/status_pulisher' for CMake module files
[0.877s] DEBUG:colcon.colcon_core.event_handler.log_command:Invoked command in '/home/wufy/learn_ros2/learn_ros2/chap_topic/src/status_pulisher' returned '0': PYTHONPATH=/home/wufy/learn_ros2/learn_ros2/chap_topic/build/status_pulisher/prefix_override:/usr/lib/python3/dist-packages/colcon_core/task/python/colcon_distutils_commands:/home/wufy/learn_ros2/learn_ros2/chap_topic/install/status_pulisher/lib/python3.10/site-packages:${PYTHONPATH} /usr/bin/python3 -W ignore:setup.py install is deprecated -W ignore:easy_install command is deprecated setup.py egg_info --egg-base ../../build/status_pulisher build --build-base /home/wufy/learn_ros2/learn_ros2/chap_topic/build/status_pulisher/build install --record /home/wufy/learn_ros2/learn_ros2/chap_topic/build/status_pulisher/install.log --single-version-externally-managed install_data
[0.877s] Level 1:colcon.colcon_core.environment:checking '/home/wufy/learn_ros2/learn_ros2/chap_topic/install/status_pulisher' for CMake config files
[0.877s] Level 1:colcon.colcon_core.environment:checking '/home/wufy/learn_ros2/learn_ros2/chap_topic/install/status_pulisher/lib'
[0.878s] Level 1:colcon.colcon_core.environment:checking '/home/wufy/learn_ros2/learn_ros2/chap_topic/install/status_pulisher/bin'
[0.878s] Level 1:colcon.colcon_core.environment:checking '/home/wufy/learn_ros2/learn_ros2/chap_topic/install/status_pulisher/lib/pkgconfig/status_pulisher.pc'
[0.878s] Level 1:colcon.colcon_core.environment:checking '/home/wufy/learn_ros2/learn_ros2/chap_topic/install/status_pulisher/lib/python3.10/site-packages'
[0.878s] Level 1:colcon.colcon_core.shell:create_environment_hook('status_pulisher', 'pythonpath')
[0.878s] INFO:colcon.colcon_core.shell:Creating environment hook '/home/wufy/learn_ros2/learn_ros2/chap_topic/install/status_pulisher/share/status_pulisher/hook/pythonpath.ps1'
[0.878s] INFO:colcon.colcon_core.shell:Creating environment descriptor '/home/wufy/learn_ros2/learn_ros2/chap_topic/install/status_pulisher/share/status_pulisher/hook/pythonpath.dsv'
[0.879s] INFO:colcon.colcon_core.shell:Creating environment hook '/home/wufy/learn_ros2/learn_ros2/chap_topic/install/status_pulisher/share/status_pulisher/hook/pythonpath.sh'
[0.879s] Level 1:colcon.colcon_core.environment:checking '/home/wufy/learn_ros2/learn_ros2/chap_topic/install/status_pulisher/bin'
[0.879s] Level 1:colcon.colcon_core.environment:create_environment_scripts_only(status_pulisher)
[0.879s] INFO:colcon.colcon_core.shell:Creating package script '/home/wufy/learn_ros2/learn_ros2/chap_topic/install/status_pulisher/share/status_pulisher/package.ps1'
[0.880s] INFO:colcon.colcon_core.shell:Creating package descriptor '/home/wufy/learn_ros2/learn_ros2/chap_topic/install/status_pulisher/share/status_pulisher/package.dsv'
[0.880s] INFO:colcon.colcon_core.shell:Creating package script '/home/wufy/learn_ros2/learn_ros2/chap_topic/install/status_pulisher/share/status_pulisher/package.sh'
[0.880s] INFO:colcon.colcon_core.shell:Creating package script '/home/wufy/learn_ros2/learn_ros2/chap_topic/install/status_pulisher/share/status_pulisher/package.bash'
[0.880s] INFO:colcon.colcon_core.shell:Creating package script '/home/wufy/learn_ros2/learn_ros2/chap_topic/install/status_pulisher/share/status_pulisher/package.zsh'
[0.880s] Level 1:colcon.colcon_core.environment:create_file_with_runtime_dependencies(/home/wufy/learn_ros2/learn_ros2/chap_topic/install/status_pulisher/share/colcon-core/packages/status_pulisher)
[0.882s] Level 1:colcon.colcon_core.environment:checking '/home/wufy/learn_ros2/learn_ros2/chap_topic/install/demo_python_topic' for CMake module files
[0.882s] DEBUG:colcon.colcon_core.event_handler.log_command:Invoked command in '/home/wufy/learn_ros2/learn_ros2/chap_topic/src/demo_python_topic' returned '0': PYTHONPATH=/home/wufy/learn_ros2/learn_ros2/chap_topic/build/demo_python_topic/prefix_override:/usr/lib/python3/dist-packages/colcon_core/task/python/colcon_distutils_commands:/home/wufy/learn_ros2/learn_ros2/chap_topic/install/demo_python_topic/lib/python3.10/site-packages:${PYTHONPATH} /usr/bin/python3 -W ignore:setup.py install is deprecated -W ignore:easy_install command is deprecated setup.py egg_info --egg-base ../../build/demo_python_topic build --build-base /home/wufy/learn_ros2/learn_ros2/chap_topic/build/demo_python_topic/build install --record /home/wufy/learn_ros2/learn_ros2/chap_topic/build/demo_python_topic/install.log --single-version-externally-managed install_data
[0.882s] Level 1:colcon.colcon_core.environment:checking '/home/wufy/learn_ros2/learn_ros2/chap_topic/install/demo_python_topic' for CMake config files
[0.883s] Level 1:colcon.colcon_core.environment:checking '/home/wufy/learn_ros2/learn_ros2/chap_topic/install/demo_python_topic/lib'
[0.883s] Level 1:colcon.colcon_core.environment:checking '/home/wufy/learn_ros2/learn_ros2/chap_topic/install/demo_python_topic/bin'
[0.883s] Level 1:colcon.colcon_core.environment:checking '/home/wufy/learn_ros2/learn_ros2/chap_topic/install/demo_python_topic/lib/pkgconfig/demo_python_topic.pc'
[0.883s] Level 1:colcon.colcon_core.environment:checking '/home/wufy/learn_ros2/learn_ros2/chap_topic/install/demo_python_topic/lib/python3.10/site-packages'
[0.883s] Level 1:colcon.colcon_core.shell:create_environment_hook('demo_python_topic', 'pythonpath')
[0.883s] INFO:colcon.colcon_core.shell:Creating environment hook '/home/wufy/learn_ros2/learn_ros2/chap_topic/install/demo_python_topic/share/demo_python_topic/hook/pythonpath.ps1'
[0.883s] INFO:colcon.colcon_core.shell:Creating environment descriptor '/home/wufy/learn_ros2/learn_ros2/chap_topic/install/demo_python_topic/share/demo_python_topic/hook/pythonpath.dsv'
[0.884s] INFO:colcon.colcon_core.shell:Creating environment hook '/home/wufy/learn_ros2/learn_ros2/chap_topic/install/demo_python_topic/share/demo_python_topic/hook/pythonpath.sh'
[0.884s] Level 1:colcon.colcon_core.environment:checking '/home/wufy/learn_ros2/learn_ros2/chap_topic/install/demo_python_topic/bin'
[0.884s] Level 1:colcon.colcon_core.environment:create_environment_scripts_only(demo_python_topic)
[0.884s] INFO:colcon.colcon_core.shell:Creating package script '/home/wufy/learn_ros2/learn_ros2/chap_topic/install/demo_python_topic/share/demo_python_topic/package.ps1'
[0.884s] INFO:colcon.colcon_core.shell:Creating package descriptor '/home/wufy/learn_ros2/learn_ros2/chap_topic/install/demo_python_topic/share/demo_python_topic/package.dsv'
[0.885s] INFO:colcon.colcon_core.shell:Creating package script '/home/wufy/learn_ros2/learn_ros2/chap_topic/install/demo_python_topic/share/demo_python_topic/package.sh'
[0.885s] INFO:colcon.colcon_core.shell:Creating package script '/home/wufy/learn_ros2/learn_ros2/chap_topic/install/demo_python_topic/share/demo_python_topic/package.bash'
[0.885s] INFO:colcon.colcon_core.shell:Creating package script '/home/wufy/learn_ros2/learn_ros2/chap_topic/install/demo_python_topic/share/demo_python_topic/package.zsh'
[0.885s] Level 1:colcon.colcon_core.environment:create_file_with_runtime_dependencies(/home/wufy/learn_ros2/learn_ros2/chap_topic/install/demo_python_topic/share/colcon-core/packages/demo_python_topic)
[6.877s] DEBUG:colcon.colcon_core.event_handler.log_command:Invoked command in '/home/wufy/learn_ros2/learn_ros2/chap_topic/build/status_display' returned '0': CMAKE_PREFIX_PATH=/home/wufy/learn_ros2/learn_ros2/chap_topic/install/status_interfaces:/home/wufy/learn_ros2/learn_ros2/chap_topic/install/status_display:/home/wufy/learn_ros2/learn_ros2/chap_topic/install/demo_cpp_topic:/home/wufy/learn_ros2/learn_ros2/chap_topic/install/status_pulisher:/home/wufy/learn_ros2/learn_ros2/chap_topic/install/demo_python_topic:/opt/ros/humble /usr/bin/cmake --build /home/wufy/learn_ros2/learn_ros2/chap_topic/build/status_display -- -j16 -l16
[6.879s] DEBUG:colcon.colcon_core.event_handler.log_command:Invoking command in '/home/wufy/learn_ros2/learn_ros2/chap_topic/build/status_display': CMAKE_PREFIX_PATH=/home/wufy/learn_ros2/learn_ros2/chap_topic/install/status_interfaces:/home/wufy/learn_ros2/learn_ros2/chap_topic/install/status_display:/home/wufy/learn_ros2/learn_ros2/chap_topic/install/demo_cpp_topic:/home/wufy/learn_ros2/learn_ros2/chap_topic/install/status_pulisher:/home/wufy/learn_ros2/learn_ros2/chap_topic/install/demo_python_topic:/opt/ros/humble /usr/bin/cmake --install /home/wufy/learn_ros2/learn_ros2/chap_topic/build/status_display
[6.890s] Level 1:colcon.colcon_core.environment:create_environment_scripts_only(status_display)
[6.890s] Level 1:colcon.colcon_core.environment:checking '/home/wufy/learn_ros2/learn_ros2/chap_topic/install/status_display' for CMake module files
[6.891s] DEBUG:colcon.colcon_core.event_handler.log_command:Invoked command in '/home/wufy/learn_ros2/learn_ros2/chap_topic/build/status_display' returned '0': CMAKE_PREFIX_PATH=/home/wufy/learn_ros2/learn_ros2/chap_topic/install/status_interfaces:/home/wufy/learn_ros2/learn_ros2/chap_topic/install/status_display:/home/wufy/learn_ros2/learn_ros2/chap_topic/install/demo_cpp_topic:/home/wufy/learn_ros2/learn_ros2/chap_topic/install/status_pulisher:/home/wufy/learn_ros2/learn_ros2/chap_topic/install/demo_python_topic:/opt/ros/humble /usr/bin/cmake --install /home/wufy/learn_ros2/learn_ros2/chap_topic/build/status_display
[6.891s] Level 1:colcon.colcon_core.environment:checking '/home/wufy/learn_ros2/learn_ros2/chap_topic/install/status_display' for CMake config files
[6.891s] Level 1:colcon.colcon_core.shell:create_environment_hook('status_display', 'cmake_prefix_path')
[6.891s] INFO:colcon.colcon_core.shell:Creating environment hook '/home/wufy/learn_ros2/learn_ros2/chap_topic/install/status_display/share/status_display/hook/cmake_prefix_path.ps1'
[6.892s] INFO:colcon.colcon_core.shell:Creating environment descriptor '/home/wufy/learn_ros2/learn_ros2/chap_topic/install/status_display/share/status_display/hook/cmake_prefix_path.dsv'
[6.892s] INFO:colcon.colcon_core.shell:Creating environment hook '/home/wufy/learn_ros2/learn_ros2/chap_topic/install/status_display/share/status_display/hook/cmake_prefix_path.sh'
[6.892s] Level 1:colcon.colcon_core.environment:checking '/home/wufy/learn_ros2/learn_ros2/chap_topic/install/status_display/lib'
[6.892s] Level 1:colcon.colcon_core.environment:checking '/home/wufy/learn_ros2/learn_ros2/chap_topic/install/status_display/bin'
[6.892s] Level 1:colcon.colcon_core.environment:checking '/home/wufy/learn_ros2/learn_ros2/chap_topic/install/status_display/lib/pkgconfig/status_display.pc'
[6.892s] Level 1:colcon.colcon_core.environment:checking '/home/wufy/learn_ros2/learn_ros2/chap_topic/install/status_display/lib/python3.10/site-packages'
[6.893s] Level 1:colcon.colcon_core.environment:checking '/home/wufy/learn_ros2/learn_ros2/chap_topic/install/status_display/bin'
[6.893s] INFO:colcon.colcon_core.shell:Creating package script '/home/wufy/learn_ros2/learn_ros2/chap_topic/install/status_display/share/status_display/package.ps1'
[6.893s] INFO:colcon.colcon_core.shell:Creating package descriptor '/home/wufy/learn_ros2/learn_ros2/chap_topic/install/status_display/share/status_display/package.dsv'
[6.893s] INFO:colcon.colcon_core.shell:Creating package script '/home/wufy/learn_ros2/learn_ros2/chap_topic/install/status_display/share/status_display/package.sh'
[6.893s] INFO:colcon.colcon_core.shell:Creating package script '/home/wufy/learn_ros2/learn_ros2/chap_topic/install/status_display/share/status_display/package.bash'
[6.893s] INFO:colcon.colcon_core.shell:Creating package script '/home/wufy/learn_ros2/learn_ros2/chap_topic/install/status_display/share/status_display/package.zsh'
[6.894s] Level 1:colcon.colcon_core.environment:create_file_with_runtime_dependencies(/home/wufy/learn_ros2/learn_ros2/chap_topic/install/status_display/share/colcon-core/packages/status_display)
[6.894s] Level 1:colcon.colcon_core.environment:create_environment_scripts_only(status_display)
[6.894s] Level 1:colcon.colcon_core.environment:checking '/home/wufy/learn_ros2/learn_ros2/chap_topic/install/status_display' for CMake module files
[6.894s] Level 1:colcon.colcon_core.environment:checking '/home/wufy/learn_ros2/learn_ros2/chap_topic/install/status_display' for CMake config files
[6.894s] Level 1:colcon.colcon_core.shell:create_environment_hook('status_display', 'cmake_prefix_path')
[6.894s] INFO:colcon.colcon_core.shell:Creating environment hook '/home/wufy/learn_ros2/learn_ros2/chap_topic/install/status_display/share/status_display/hook/cmake_prefix_path.ps1'
[6.895s] INFO:colcon.colcon_core.shell:Creating environment descriptor '/home/wufy/learn_ros2/learn_ros2/chap_topic/install/status_display/share/status_display/hook/cmake_prefix_path.dsv'
[6.895s] INFO:colcon.colcon_core.shell:Creating environment hook '/home/wufy/learn_ros2/learn_ros2/chap_topic/install/status_display/share/status_display/hook/cmake_prefix_path.sh'
[6.895s] Level 1:colcon.colcon_core.environment:checking '/home/wufy/learn_ros2/learn_ros2/chap_topic/install/status_display/lib'
[6.895s] Level 1:colcon.colcon_core.environment:checking '/home/wufy/learn_ros2/learn_ros2/chap_topic/install/status_display/bin'
[6.895s] Level 1:colcon.colcon_core.environment:checking '/home/wufy/learn_ros2/learn_ros2/chap_topic/install/status_display/lib/pkgconfig/status_display.pc'
[6.895s] Level 1:colcon.colcon_core.environment:checking '/home/wufy/learn_ros2/learn_ros2/chap_topic/install/status_display/lib/python3.10/site-packages'
[6.895s] Level 1:colcon.colcon_core.environment:checking '/home/wufy/learn_ros2/learn_ros2/chap_topic/install/status_display/bin'
[6.896s] INFO:colcon.colcon_core.shell:Creating package script '/home/wufy/learn_ros2/learn_ros2/chap_topic/install/status_display/share/status_display/package.ps1'
[6.896s] INFO:colcon.colcon_core.shell:Creating package descriptor '/home/wufy/learn_ros2/learn_ros2/chap_topic/install/status_display/share/status_display/package.dsv'
[6.896s] INFO:colcon.colcon_core.shell:Creating package script '/home/wufy/learn_ros2/learn_ros2/chap_topic/install/status_display/share/status_display/package.sh'
[6.896s] INFO:colcon.colcon_core.shell:Creating package script '/home/wufy/learn_ros2/learn_ros2/chap_topic/install/status_display/share/status_display/package.bash'
[6.897s] INFO:colcon.colcon_core.shell:Creating package script '/home/wufy/learn_ros2/learn_ros2/chap_topic/install/status_display/share/status_display/package.zsh'
[6.897s] Level 1:colcon.colcon_core.environment:create_file_with_runtime_dependencies(/home/wufy/learn_ros2/learn_ros2/chap_topic/install/status_display/share/colcon-core/packages/status_display)
[6.897s] DEBUG:colcon.colcon_parallel_executor.executor.parallel:closing loop
[6.897s] DEBUG:colcon.colcon_parallel_executor.executor.parallel:loop closed
[6.897s] DEBUG:colcon.colcon_parallel_executor.executor.parallel:run_until_complete finished with '0'
[6.897s] DEBUG:colcon.colcon_core.event_reactor:joining thread
[6.901s] INFO:colcon.colcon_core.plugin_system:Skipping extension 'colcon_notification.desktop_notification.terminal_notifier': Not used on non-Darwin systems
[6.901s] INFO:colcon.colcon_core.plugin_system:Skipping extension 'colcon_notification.desktop_notification.win32': Not used on non-Windows systems
[6.901s] INFO:colcon.colcon_notification.desktop_notification:Sending desktop notification using 'notify2'
[6.908s] DEBUG:colcon.colcon_core.event_reactor:joined thread
[6.908s] INFO:colcon.colcon_core.shell:Creating prefix script '/home/wufy/learn_ros2/learn_ros2/chap_topic/install/local_setup.ps1'
[6.910s] INFO:colcon.colcon_core.shell:Creating prefix util module '/home/wufy/learn_ros2/learn_ros2/chap_topic/install/_local_setup_util_ps1.py'
[6.910s] INFO:colcon.colcon_core.shell:Creating prefix chain script '/home/wufy/learn_ros2/learn_ros2/chap_topic/install/setup.ps1'
[6.911s] INFO:colcon.colcon_core.shell:Creating prefix script '/home/wufy/learn_ros2/learn_ros2/chap_topic/install/local_setup.sh'
[6.911s] INFO:colcon.colcon_core.shell:Creating prefix util module '/home/wufy/learn_ros2/learn_ros2/chap_topic/install/_local_setup_util_sh.py'
[6.912s] INFO:colcon.colcon_core.shell:Creating prefix chain script '/home/wufy/learn_ros2/learn_ros2/chap_topic/install/setup.sh'
[6.912s] INFO:colcon.colcon_core.shell:Creating prefix script '/home/wufy/learn_ros2/learn_ros2/chap_topic/install/local_setup.bash'
[6.913s] INFO:colcon.colcon_core.shell:Creating prefix chain script '/home/wufy/learn_ros2/learn_ros2/chap_topic/install/setup.bash'
[6.913s] INFO:colcon.colcon_core.shell:Creating prefix script '/home/wufy/learn_ros2/learn_ros2/chap_topic/install/local_setup.zsh'
[6.913s] INFO:colcon.colcon_core.shell:Creating prefix chain script '/home/wufy/learn_ros2/learn_ros2/chap_topic/install/setup.zsh'
