[0.504s] Invoking command in '/home/wufy/learn_ros2/learn_ros2/chap_topic/src/demo_python_topic': PYTHONPATH=/home/wufy/learn_ros2/learn_ros2/chap_topic/build/demo_python_topic/prefix_override:/usr/lib/python3/dist-packages/colcon_core/task/python/colcon_distutils_commands:/home/wufy/learn_ros2/learn_ros2/chap_topic/install/demo_python_topic/lib/python3.10/site-packages:${PYTHONPATH} /usr/bin/python3 -W ignore:setup.py install is deprecated -W ignore:easy_install command is deprecated setup.py egg_info --egg-base ../../build/demo_python_topic build --build-base /home/wufy/learn_ros2/learn_ros2/chap_topic/build/demo_python_topic/build install --record /home/wufy/learn_ros2/learn_ros2/chap_topic/build/demo_python_topic/install.log --single-version-externally-managed install_data
[0.633s] running egg_info
[0.634s] writing ../../build/demo_python_topic/demo_python_topic.egg-info/PKG-INFO
[0.634s] writing dependency_links to ../../build/demo_python_topic/demo_python_topic.egg-info/dependency_links.txt
[0.634s] writing entry points to ../../build/demo_python_topic/demo_python_topic.egg-info/entry_points.txt
[0.634s] writing requirements to ../../build/demo_python_topic/demo_python_topic.egg-info/requires.txt
[0.634s] writing top-level names to ../../build/demo_python_topic/demo_python_topic.egg-info/top_level.txt
[0.636s] reading manifest file '../../build/demo_python_topic/demo_python_topic.egg-info/SOURCES.txt'
[0.636s] adding license file 'LICENSE'
[0.636s] writing manifest file '../../build/demo_python_topic/demo_python_topic.egg-info/SOURCES.txt'
[0.636s] running build
[0.636s] running build_py
[0.636s] running install
[0.636s] running install_lib
[0.637s] running install_data
[0.637s] running install_egg_info
[0.638s] removing '/home/wufy/learn_ros2/learn_ros2/chap_topic/install/demo_python_topic/lib/python3.10/site-packages/demo_python_topic-0.0.0-py3.10.egg-info' (and everything under it)
[0.639s] Copying ../../build/demo_python_topic/demo_python_topic.egg-info to /home/wufy/learn_ros2/learn_ros2/chap_topic/install/demo_python_topic/lib/python3.10/site-packages/demo_python_topic-0.0.0-py3.10.egg-info
[0.639s] running install_scripts
[0.654s] Installing demo_python_topic script to /home/wufy/learn_ros2/learn_ros2/chap_topic/install/demo_python_topic/lib/demo_python_topic
[0.654s] Installing demo_python_topic_sub script to /home/wufy/learn_ros2/learn_ros2/chap_topic/install/demo_python_topic/lib/demo_python_topic
[0.654s] writing list of installed files to '/home/wufy/learn_ros2/learn_ros2/chap_topic/build/demo_python_topic/install.log'
[0.679s] Invoked command in '/home/wufy/learn_ros2/learn_ros2/chap_topic/src/demo_python_topic' returned '0': PYTHONPATH=/home/wufy/learn_ros2/learn_ros2/chap_topic/build/demo_python_topic/prefix_override:/usr/lib/python3/dist-packages/colcon_core/task/python/colcon_distutils_commands:/home/wufy/learn_ros2/learn_ros2/chap_topic/install/demo_python_topic/lib/python3.10/site-packages:${PYTHONPATH} /usr/bin/python3 -W ignore:setup.py install is deprecated -W ignore:easy_install command is deprecated setup.py egg_info --egg-base ../../build/demo_python_topic build --build-base /home/wufy/learn_ros2/learn_ros2/chap_topic/build/demo_python_topic/build install --record /home/wufy/learn_ros2/learn_ros2/chap_topic/build/demo_python_topic/install.log --single-version-externally-managed install_data
