[0.140s] DEBUG:colcon:Command line arguments: ['/usr/bin/colcon', 'build', '--packages-select', 'demo_cpp_topic']
[0.140s] DEBUG:colcon:Parsed command line arguments: Namespace(log_base=None, log_level=None, verb_name='build', build_base='build', install_base='install', merge_install=False, symlink_install=False, test_result_base=None, continue_on_error=False, executor='parallel', parallel_workers=16, event_handlers=None, ignore_user_meta=False, metas=['./colcon.meta'], base_paths=['.'], packages_ignore=None, packages_ignore_regex=None, paths=None, packages_up_to=None, packages_up_to_regex=None, packages_above=None, packages_above_and_dependencies=None, packages_above_depth=None, packages_select_by_dep=None, packages_skip_by_dep=None, packages_skip_up_to=None, packages_select_build_failed=False, packages_skip_build_finished=False, packages_select_test_failures=False, packages_skip_test_passed=False, packages_select=['demo_cpp_topic'], packages_skip=None, packages_select_regex=None, packages_skip_regex=None, packages_start=None, packages_end=None, allow_overriding=[], cmake_args=None, cmake_target=None, cmake_target_skip_unavailable=False, cmake_clean_cache=False, cmake_clean_first=False, cmake_force_configure=False, ament_cmake_args=None, catkin_cmake_args=None, catkin_skip_building_tests=False, verb_parser=<colcon_defaults.argument_parser.defaults.DefaultArgumentsDecorator object at 0x7fa38c2e2740>, verb_extension=<colcon_core.verb.build.BuildVerb object at 0x7fa38c2e2170>, main=<bound method BuildVerb.main of <colcon_core.verb.build.BuildVerb object at 0x7fa38c2e2170>>)
[0.247s] Level 1:colcon.colcon_core.package_discovery:discover_packages(colcon_meta) check parameters
[0.248s] Level 1:colcon.colcon_core.package_discovery:discover_packages(recursive) check parameters
[0.249s] Level 1:colcon.colcon_core.package_discovery:discover_packages(ignore) check parameters
[0.250s] Level 1:colcon.colcon_core.package_discovery:discover_packages(path) check parameters
[0.250s] Level 1:colcon.colcon_core.package_discovery:discover_packages(colcon_meta) discover
[0.250s] Level 1:colcon.colcon_core.package_discovery:discover_packages(recursive) discover
[0.250s] INFO:colcon.colcon_core.package_discovery:Crawling recursively for packages in '/mnt/c/Users/wufy/Desktop/learn_ros2/learn_ros2/chap_topic'
[0.252s] Level 1:colcon.colcon_core.package_identification:_identify(.) by extensions ['ignore', 'ignore_ament_install']
[0.252s] Level 1:colcon.colcon_core.package_identification:_identify(.) by extension 'ignore'
[0.253s] Level 1:colcon.colcon_core.package_identification:_identify(.) by extension 'ignore_ament_install'
[0.253s] Level 1:colcon.colcon_core.package_identification:_identify(.) by extensions ['colcon_pkg']
[0.254s] Level 1:colcon.colcon_core.package_identification:_identify(.) by extension 'colcon_pkg'
[0.254s] Level 1:colcon.colcon_core.package_identification:_identify(.) by extensions ['colcon_meta']
[0.254s] Level 1:colcon.colcon_core.package_identification:_identify(.) by extension 'colcon_meta'
[0.254s] Level 1:colcon.colcon_core.package_identification:_identify(.) by extensions ['ros']
[0.255s] Level 1:colcon.colcon_core.package_identification:_identify(.) by extension 'ros'
[0.270s] Level 1:colcon.colcon_core.package_identification:_identify(.) by extensions ['cmake', 'python']
[0.270s] Level 1:colcon.colcon_core.package_identification:_identify(.) by extension 'cmake'
[0.270s] Level 1:colcon.colcon_core.package_identification:_identify(.) by extension 'python'
[0.271s] Level 1:colcon.colcon_core.package_identification:_identify(.) by extensions ['python_setup_py']
[0.271s] Level 1:colcon.colcon_core.package_identification:_identify(.) by extension 'python_setup_py'
[0.274s] Level 1:colcon.colcon_core.package_identification:_identify(build) by extensions ['ignore', 'ignore_ament_install']
[0.274s] Level 1:colcon.colcon_core.package_identification:_identify(build) by extension 'ignore'
[0.276s] Level 1:colcon.colcon_core.package_identification:_identify(build) ignored
[0.280s] Level 1:colcon.colcon_core.package_identification:_identify(install) by extensions ['ignore', 'ignore_ament_install']
[0.280s] Level 1:colcon.colcon_core.package_identification:_identify(install) by extension 'ignore'
[0.282s] Level 1:colcon.colcon_core.package_identification:_identify(install) ignored
[0.287s] Level 1:colcon.colcon_core.package_identification:_identify(log) by extensions ['ignore', 'ignore_ament_install']
[0.288s] Level 1:colcon.colcon_core.package_identification:_identify(log) by extension 'ignore'
[0.289s] Level 1:colcon.colcon_core.package_identification:_identify(log) ignored
[0.292s] Level 1:colcon.colcon_core.package_identification:_identify(src) by extensions ['ignore', 'ignore_ament_install']
[0.292s] Level 1:colcon.colcon_core.package_identification:_identify(src) by extension 'ignore'
[0.294s] Level 1:colcon.colcon_core.package_identification:_identify(src) by extension 'ignore_ament_install'
[0.296s] Level 1:colcon.colcon_core.package_identification:_identify(src) by extensions ['colcon_pkg']
[0.296s] Level 1:colcon.colcon_core.package_identification:_identify(src) by extension 'colcon_pkg'
[0.297s] Level 1:colcon.colcon_core.package_identification:_identify(src) by extensions ['colcon_meta']
[0.297s] Level 1:colcon.colcon_core.package_identification:_identify(src) by extension 'colcon_meta'
[0.298s] Level 1:colcon.colcon_core.package_identification:_identify(src) by extensions ['ros']
[0.298s] Level 1:colcon.colcon_core.package_identification:_identify(src) by extension 'ros'
[0.301s] Level 1:colcon.colcon_core.package_identification:_identify(src) by extensions ['cmake', 'python']
[0.301s] Level 1:colcon.colcon_core.package_identification:_identify(src) by extension 'cmake'
[0.302s] Level 1:colcon.colcon_core.package_identification:_identify(src) by extension 'python'
[0.303s] Level 1:colcon.colcon_core.package_identification:_identify(src) by extensions ['python_setup_py']
[0.303s] Level 1:colcon.colcon_core.package_identification:_identify(src) by extension 'python_setup_py'
[0.309s] Level 1:colcon.colcon_core.package_identification:_identify(src/demo_cpp_topic) by extensions ['ignore', 'ignore_ament_install']
[0.309s] Level 1:colcon.colcon_core.package_identification:_identify(src/demo_cpp_topic) by extension 'ignore'
[0.311s] Level 1:colcon.colcon_core.package_identification:_identify(src/demo_cpp_topic) by extension 'ignore_ament_install'
[0.313s] Level 1:colcon.colcon_core.package_identification:_identify(src/demo_cpp_topic) by extensions ['colcon_pkg']
[0.313s] Level 1:colcon.colcon_core.package_identification:_identify(src/demo_cpp_topic) by extension 'colcon_pkg'
[0.314s] Level 1:colcon.colcon_core.package_identification:_identify(src/demo_cpp_topic) by extensions ['colcon_meta']
[0.314s] Level 1:colcon.colcon_core.package_identification:_identify(src/demo_cpp_topic) by extension 'colcon_meta'
[0.316s] Level 1:colcon.colcon_core.package_identification:_identify(src/demo_cpp_topic) by extensions ['ros']
[0.316s] Level 1:colcon.colcon_core.package_identification:_identify(src/demo_cpp_topic) by extension 'ros'
[0.331s] DEBUG:colcon.colcon_core.package_identification:Package 'src/demo_cpp_topic' with type 'ros.ament_cmake' and name 'demo_cpp_topic'
[0.334s] Level 1:colcon.colcon_core.package_identification:_identify(src/demo_python_topic) by extensions ['ignore', 'ignore_ament_install']
[0.334s] Level 1:colcon.colcon_core.package_identification:_identify(src/demo_python_topic) by extension 'ignore'
[0.336s] Level 1:colcon.colcon_core.package_identification:_identify(src/demo_python_topic) by extension 'ignore_ament_install'
[0.338s] Level 1:colcon.colcon_core.package_identification:_identify(src/demo_python_topic) by extensions ['colcon_pkg']
[0.338s] Level 1:colcon.colcon_core.package_identification:_identify(src/demo_python_topic) by extension 'colcon_pkg'
[0.340s] Level 1:colcon.colcon_core.package_identification:_identify(src/demo_python_topic) by extensions ['colcon_meta']
[0.340s] Level 1:colcon.colcon_core.package_identification:_identify(src/demo_python_topic) by extension 'colcon_meta'
[0.343s] Level 1:colcon.colcon_core.package_identification:_identify(src/demo_python_topic) by extensions ['ros']
[0.343s] Level 1:colcon.colcon_core.package_identification:_identify(src/demo_python_topic) by extension 'ros'
[0.354s] DEBUG:colcon.colcon_core.package_identification:Package 'src/demo_python_topic' with type 'ros.ament_python' and name 'demo_python_topic'
[0.354s] Level 1:colcon.colcon_core.package_discovery:discover_packages(recursive) using defaults
[0.354s] Level 1:colcon.colcon_core.package_discovery:discover_packages(ignore) discover
[0.355s] Level 1:colcon.colcon_core.package_discovery:discover_packages(ignore) using defaults
[0.355s] Level 1:colcon.colcon_core.package_discovery:discover_packages(path) discover
[0.355s] Level 1:colcon.colcon_core.package_discovery:discover_packages(path) using defaults
[0.380s] INFO:colcon.colcon_core.package_selection:Skipping not selected package 'demo_python_topic' in 'src/demo_python_topic'
[0.380s] Level 1:colcon.colcon_core.package_discovery:discover_packages(prefix_path) check parameters
[0.380s] Level 1:colcon.colcon_core.package_discovery:discover_packages(prefix_path) discover
[0.382s] DEBUG:colcon.colcon_installed_package_information.package_discovery:Found 271 installed packages in /opt/ros/humble
[0.385s] Level 1:colcon.colcon_core.package_discovery:discover_packages(prefix_path) using defaults
[0.418s] Level 5:colcon.colcon_core.verb:set package 'demo_cpp_topic' build argument 'cmake_args' from command line to 'None'
[0.418s] Level 5:colcon.colcon_core.verb:set package 'demo_cpp_topic' build argument 'cmake_target' from command line to 'None'
[0.418s] Level 5:colcon.colcon_core.verb:set package 'demo_cpp_topic' build argument 'cmake_target_skip_unavailable' from command line to 'False'
[0.419s] Level 5:colcon.colcon_core.verb:set package 'demo_cpp_topic' build argument 'cmake_clean_cache' from command line to 'False'
[0.419s] Level 5:colcon.colcon_core.verb:set package 'demo_cpp_topic' build argument 'cmake_clean_first' from command line to 'False'
[0.419s] Level 5:colcon.colcon_core.verb:set package 'demo_cpp_topic' build argument 'cmake_force_configure' from command line to 'False'
[0.419s] Level 5:colcon.colcon_core.verb:set package 'demo_cpp_topic' build argument 'ament_cmake_args' from command line to 'None'
[0.420s] Level 5:colcon.colcon_core.verb:set package 'demo_cpp_topic' build argument 'catkin_cmake_args' from command line to 'None'
[0.420s] Level 5:colcon.colcon_core.verb:set package 'demo_cpp_topic' build argument 'catkin_skip_building_tests' from command line to 'False'
[0.420s] DEBUG:colcon.colcon_core.verb:Building package 'demo_cpp_topic' with the following arguments: {'ament_cmake_args': None, 'build_base': '/mnt/c/Users/wufy/Desktop/learn_ros2/learn_ros2/chap_topic/build/demo_cpp_topic', 'catkin_cmake_args': None, 'catkin_skip_building_tests': False, 'cmake_args': None, 'cmake_clean_cache': False, 'cmake_clean_first': False, 'cmake_force_configure': False, 'cmake_target': None, 'cmake_target_skip_unavailable': False, 'install_base': '/mnt/c/Users/wufy/Desktop/learn_ros2/learn_ros2/chap_topic/install/demo_cpp_topic', 'merge_install': False, 'path': '/mnt/c/Users/wufy/Desktop/learn_ros2/learn_ros2/chap_topic/src/demo_cpp_topic', 'symlink_install': False, 'test_result_base': None}
[0.420s] INFO:colcon.colcon_core.executor:Executing jobs using 'parallel' executor
[0.421s] DEBUG:colcon.colcon_parallel_executor.executor.parallel:run_until_complete
[0.422s] INFO:colcon.colcon_ros.task.ament_cmake.build:Building ROS package in '/mnt/c/Users/wufy/Desktop/learn_ros2/learn_ros2/chap_topic/src/demo_cpp_topic' with build type 'ament_cmake'
[0.422s] INFO:colcon.colcon_cmake.task.cmake.build:Building CMake package in '/mnt/c/Users/wufy/Desktop/learn_ros2/learn_ros2/chap_topic/src/demo_cpp_topic'
[0.425s] INFO:colcon.colcon_core.plugin_system:Skipping extension 'colcon_core.shell.bat': Not used on non-Windows systems
[0.426s] INFO:colcon.colcon_core.shell:Skip shell extension 'powershell' for command environment: Not usable outside of PowerShell
[0.426s] DEBUG:colcon.colcon_core.shell:Skip shell extension 'dsv' for command environment
[0.488s] DEBUG:colcon.colcon_core.event_handler.log_command:Invoking command in '/mnt/c/Users/wufy/Desktop/learn_ros2/learn_ros2/chap_topic/build/demo_cpp_topic': CMAKE_PREFIX_PATH=/opt/ros/humble /usr/bin/cmake /mnt/c/Users/wufy/Desktop/learn_ros2/learn_ros2/chap_topic/src/demo_cpp_topic -DCMAKE_INSTALL_PREFIX=/mnt/c/Users/wufy/Desktop/learn_ros2/learn_ros2/chap_topic/install/demo_cpp_topic
[5.313s] DEBUG:colcon.colcon_core.event_handler.log_command:Invoked command in '/mnt/c/Users/wufy/Desktop/learn_ros2/learn_ros2/chap_topic/build/demo_cpp_topic' returned '0': CMAKE_PREFIX_PATH=/opt/ros/humble /usr/bin/cmake /mnt/c/Users/wufy/Desktop/learn_ros2/learn_ros2/chap_topic/src/demo_cpp_topic -DCMAKE_INSTALL_PREFIX=/mnt/c/Users/wufy/Desktop/learn_ros2/learn_ros2/chap_topic/install/demo_cpp_topic
[5.328s] DEBUG:colcon.colcon_core.event_handler.log_command:Invoking command in '/mnt/c/Users/wufy/Desktop/learn_ros2/learn_ros2/chap_topic/build/demo_cpp_topic': CMAKE_PREFIX_PATH=/opt/ros/humble /usr/bin/cmake --build /mnt/c/Users/wufy/Desktop/learn_ros2/learn_ros2/chap_topic/build/demo_cpp_topic -- -j16 -l16
[7.295s] DEBUG:colcon.colcon_core.event_handler.log_command:Invoked command in '/mnt/c/Users/wufy/Desktop/learn_ros2/learn_ros2/chap_topic/build/demo_cpp_topic' returned '2': CMAKE_PREFIX_PATH=/opt/ros/humble /usr/bin/cmake --build /mnt/c/Users/wufy/Desktop/learn_ros2/learn_ros2/chap_topic/build/demo_cpp_topic -- -j16 -l16
[7.317s] Level 1:colcon.colcon_core.environment:create_environment_scripts_only(demo_cpp_topic)
[7.322s] Level 1:colcon.colcon_core.environment:checking '/mnt/c/Users/wufy/Desktop/learn_ros2/learn_ros2/chap_topic/install/demo_cpp_topic' for CMake module files
[7.369s] Level 1:colcon.colcon_core.environment:checking '/mnt/c/Users/wufy/Desktop/learn_ros2/learn_ros2/chap_topic/install/demo_cpp_topic' for CMake config files
[7.400s] Level 1:colcon.colcon_core.environment:checking '/mnt/c/Users/wufy/Desktop/learn_ros2/learn_ros2/chap_topic/install/demo_cpp_topic/bin'
[7.402s] Level 1:colcon.colcon_core.environment:checking '/mnt/c/Users/wufy/Desktop/learn_ros2/learn_ros2/chap_topic/install/demo_cpp_topic/lib/pkgconfig/demo_cpp_topic.pc'
[7.403s] Level 1:colcon.colcon_core.environment:checking '/mnt/c/Users/wufy/Desktop/learn_ros2/learn_ros2/chap_topic/install/demo_cpp_topic/lib/python3.10/site-packages'
[7.405s] Level 1:colcon.colcon_core.environment:checking '/mnt/c/Users/wufy/Desktop/learn_ros2/learn_ros2/chap_topic/install/demo_cpp_topic/bin'
[7.407s] INFO:colcon.colcon_core.shell:Creating package script '/mnt/c/Users/wufy/Desktop/learn_ros2/learn_ros2/chap_topic/install/demo_cpp_topic/share/demo_cpp_topic/package.ps1'
[7.420s] INFO:colcon.colcon_core.shell:Creating package descriptor '/mnt/c/Users/wufy/Desktop/learn_ros2/learn_ros2/chap_topic/install/demo_cpp_topic/share/demo_cpp_topic/package.dsv'
[7.435s] INFO:colcon.colcon_core.shell:Creating package script '/mnt/c/Users/wufy/Desktop/learn_ros2/learn_ros2/chap_topic/install/demo_cpp_topic/share/demo_cpp_topic/package.sh'
[7.461s] INFO:colcon.colcon_core.shell:Creating package script '/mnt/c/Users/wufy/Desktop/learn_ros2/learn_ros2/chap_topic/install/demo_cpp_topic/share/demo_cpp_topic/package.bash'
[7.481s] INFO:colcon.colcon_core.shell:Creating package script '/mnt/c/Users/wufy/Desktop/learn_ros2/learn_ros2/chap_topic/install/demo_cpp_topic/share/demo_cpp_topic/package.zsh'
[7.498s] Level 1:colcon.colcon_core.environment:create_file_with_runtime_dependencies(/mnt/c/Users/wufy/Desktop/learn_ros2/learn_ros2/chap_topic/install/demo_cpp_topic/share/colcon-core/packages/demo_cpp_topic)
[7.520s] DEBUG:colcon.colcon_parallel_executor.executor.parallel:closing loop
[7.521s] DEBUG:colcon.colcon_parallel_executor.executor.parallel:loop closed
[7.522s] DEBUG:colcon.colcon_parallel_executor.executor.parallel:run_until_complete finished with '2'
[7.523s] DEBUG:colcon.colcon_core.event_reactor:joining thread
[7.578s] INFO:colcon.colcon_core.plugin_system:Skipping extension 'colcon_notification.desktop_notification.notify_send': Could not find 'notify-send'
[7.578s] INFO:colcon.colcon_core.plugin_system:Skipping extension 'colcon_notification.desktop_notification.terminal_notifier': Not used on non-Darwin systems
[7.579s] INFO:colcon.colcon_core.plugin_system:Skipping extension 'colcon_notification.desktop_notification.win32': Not used on non-Windows systems
[7.579s] INFO:colcon.colcon_notification.desktop_notification:Sending desktop notification using 'notify2'
[7.579s] DEBUG:colcon.colcon_notification.desktop_notification.notify2:Failed to initialize notify2: org.freedesktop.DBus.Error.FileNotFound: Failed to connect to socket /run/user/1000/bus: No such file or directory
[7.580s] DEBUG:colcon.colcon_core.event_reactor:joined thread
[7.580s] INFO:colcon.colcon_core.shell:Creating prefix script '/mnt/c/Users/wufy/Desktop/learn_ros2/learn_ros2/chap_topic/install/local_setup.ps1'
[7.588s] INFO:colcon.colcon_core.shell:Creating prefix util module '/mnt/c/Users/wufy/Desktop/learn_ros2/learn_ros2/chap_topic/install/_local_setup_util_ps1.py'
[7.596s] INFO:colcon.colcon_core.shell:Creating prefix chain script '/mnt/c/Users/wufy/Desktop/learn_ros2/learn_ros2/chap_topic/install/setup.ps1'
[7.603s] INFO:colcon.colcon_core.shell:Creating prefix script '/mnt/c/Users/wufy/Desktop/learn_ros2/learn_ros2/chap_topic/install/local_setup.sh'
[7.611s] INFO:colcon.colcon_core.shell:Creating prefix util module '/mnt/c/Users/wufy/Desktop/learn_ros2/learn_ros2/chap_topic/install/_local_setup_util_sh.py'
[7.618s] INFO:colcon.colcon_core.shell:Creating prefix chain script '/mnt/c/Users/wufy/Desktop/learn_ros2/learn_ros2/chap_topic/install/setup.sh'
[7.625s] INFO:colcon.colcon_core.shell:Creating prefix script '/mnt/c/Users/wufy/Desktop/learn_ros2/learn_ros2/chap_topic/install/local_setup.bash'
[7.631s] INFO:colcon.colcon_core.shell:Creating prefix chain script '/mnt/c/Users/wufy/Desktop/learn_ros2/learn_ros2/chap_topic/install/setup.bash'
[7.640s] INFO:colcon.colcon_core.shell:Creating prefix script '/mnt/c/Users/wufy/Desktop/learn_ros2/learn_ros2/chap_topic/install/local_setup.zsh'
[7.648s] INFO:colcon.colcon_core.shell:Creating prefix chain script '/mnt/c/Users/wufy/Desktop/learn_ros2/learn_ros2/chap_topic/install/setup.zsh'
