[0.459s] Invoking command in '/home/wufy/learn_ros2/chap_node/src/demo_python_pkg': PYTHONPATH=/home/wufy/learn_ros2/chap_node/build/demo_python_pkg/prefix_override:/usr/lib/python3/dist-packages/colcon_core/task/python/colcon_distutils_commands:/home/wufy/learn_ros2/chap_node/install/demo_python_pkg/lib/python3.10/site-packages:${PYTHONPATH} /usr/bin/python3 -W ignore:setup.py install is deprecated -W ignore:easy_install command is deprecated setup.py egg_info --egg-base ../../build/demo_python_pkg build --build-base /home/wufy/learn_ros2/chap_node/build/demo_python_pkg/build install --record /home/wufy/learn_ros2/chap_node/build/demo_python_pkg/install.log --single-version-externally-managed install_data
[0.607s] running egg_info
[0.608s] writing ../../build/demo_python_pkg/demo_python_pkg.egg-info/PKG-INFO
[0.608s] writing dependency_links to ../../build/demo_python_pkg/demo_python_pkg.egg-info/dependency_links.txt
[0.608s] writing entry points to ../../build/demo_python_pkg/demo_python_pkg.egg-info/entry_points.txt
[0.608s] writing requirements to ../../build/demo_python_pkg/demo_python_pkg.egg-info/requires.txt
[0.608s] writing top-level names to ../../build/demo_python_pkg/demo_python_pkg.egg-info/top_level.txt
[0.609s] reading manifest file '../../build/demo_python_pkg/demo_python_pkg.egg-info/SOURCES.txt'
[0.610s] adding license file 'LICENSE'
[0.610s] writing manifest file '../../build/demo_python_pkg/demo_python_pkg.egg-info/SOURCES.txt'
[0.610s] running build
[0.610s] running build_py
[0.610s] copying demo_python_pkg/learn_thread.py -> /home/wufy/learn_ros2/chap_node/build/demo_python_pkg/build/lib/demo_python_pkg
[0.610s] running install
[0.611s] running install_lib
[0.611s] copying /home/wufy/learn_ros2/chap_node/build/demo_python_pkg/build/lib/demo_python_pkg/learn_thread.py -> /home/wufy/learn_ros2/chap_node/install/demo_python_pkg/lib/python3.10/site-packages/demo_python_pkg
[0.612s] byte-compiling /home/wufy/learn_ros2/chap_node/install/demo_python_pkg/lib/python3.10/site-packages/demo_python_pkg/learn_thread.py to learn_thread.cpython-310.pyc
[0.612s] running install_data
[0.612s] running install_egg_info
[0.613s] removing '/home/wufy/learn_ros2/chap_node/install/demo_python_pkg/lib/python3.10/site-packages/demo_python_pkg-0.0.0-py3.10.egg-info' (and everything under it)
[0.614s] Copying ../../build/demo_python_pkg/demo_python_pkg.egg-info to /home/wufy/learn_ros2/chap_node/install/demo_python_pkg/lib/python3.10/site-packages/demo_python_pkg-0.0.0-py3.10.egg-info
[0.614s] running install_scripts
[0.628s] Installing learn_thread script to /home/wufy/learn_ros2/chap_node/install/demo_python_pkg/lib/demo_python_pkg
[0.628s] Installing person_node script to /home/wufy/learn_ros2/chap_node/install/demo_python_pkg/lib/demo_python_pkg
[0.628s] Installing python_node script to /home/wufy/learn_ros2/chap_node/install/demo_python_pkg/lib/demo_python_pkg
[0.628s] Installing writer_node script to /home/wufy/learn_ros2/chap_node/install/demo_python_pkg/lib/demo_python_pkg
[0.629s] writing list of installed files to '/home/wufy/learn_ros2/chap_node/build/demo_python_pkg/install.log'
[0.649s] Invoked command in '/home/wufy/learn_ros2/chap_node/src/demo_python_pkg' returned '0': PYTHONPATH=/home/wufy/learn_ros2/chap_node/build/demo_python_pkg/prefix_override:/usr/lib/python3/dist-packages/colcon_core/task/python/colcon_distutils_commands:/home/wufy/learn_ros2/chap_node/install/demo_python_pkg/lib/python3.10/site-packages:${PYTHONPATH} /usr/bin/python3 -W ignore:setup.py install is deprecated -W ignore:easy_install command is deprecated setup.py egg_info --egg-base ../../build/demo_python_pkg build --build-base /home/wufy/learn_ros2/chap_node/build/demo_python_pkg/build install --record /home/wufy/learn_ros2/chap_node/build/demo_python_pkg/install.log --single-version-externally-managed install_data
