[0.317s] DEBUG:colcon:Command line arguments: ['/usr/bin/colcon', 'build']
[0.318s] DEBUG:colcon:Parsed command line arguments: Namespace(log_base=None, log_level=None, verb_name='build', build_base='build', install_base='install', merge_install=False, symlink_install=False, test_result_base=None, continue_on_error=False, executor='parallel', parallel_workers=16, event_handlers=None, ignore_user_meta=False, metas=['./colcon.meta'], base_paths=['.'], packages_ignore=None, packages_ignore_regex=None, paths=None, packages_up_to=None, packages_up_to_regex=None, packages_above=None, packages_above_and_dependencies=None, packages_above_depth=None, packages_select_by_dep=None, packages_skip_by_dep=None, packages_skip_up_to=None, packages_select_build_failed=False, packages_skip_build_finished=False, packages_select_test_failures=False, packages_skip_test_passed=False, packages_select=None, packages_skip=None, packages_select_regex=None, packages_skip_regex=None, packages_start=None, packages_end=None, allow_overriding=[], cmake_args=None, cmake_target=None, cmake_target_skip_unavailable=False, cmake_clean_cache=False, cmake_clean_first=False, cmake_force_configure=False, ament_cmake_args=None, catkin_cmake_args=None, catkin_skip_building_tests=False, verb_parser=<colcon_defaults.argument_parser.defaults.DefaultArgumentsDecorator object at 0x7f6671cd2710>, verb_extension=<colcon_core.verb.build.BuildVerb object at 0x7f6671cd2140>, main=<bound method BuildVerb.main of <colcon_core.verb.build.BuildVerb object at 0x7f6671cd2140>>)
[0.692s] Level 1:colcon.colcon_core.package_discovery:discover_packages(colcon_meta) check parameters
[0.693s] Level 1:colcon.colcon_core.package_discovery:discover_packages(recursive) check parameters
[0.693s] Level 1:colcon.colcon_core.package_discovery:discover_packages(ignore) check parameters
[0.694s] Level 1:colcon.colcon_core.package_discovery:discover_packages(path) check parameters
[0.694s] Level 1:colcon.colcon_core.package_discovery:discover_packages(colcon_meta) discover
[0.694s] Level 1:colcon.colcon_core.package_discovery:discover_packages(recursive) discover
[0.695s] INFO:colcon.colcon_core.package_discovery:Crawling recursively for packages in '/mnt/c/Users/wufy/Desktop/learn_ros2/learn_ros2/chap_topic'
[0.696s] Level 1:colcon.colcon_core.package_identification:_identify(.) by extensions ['ignore', 'ignore_ament_install']
[0.697s] Level 1:colcon.colcon_core.package_identification:_identify(.) by extension 'ignore'
[0.698s] Level 1:colcon.colcon_core.package_identification:_identify(.) by extension 'ignore_ament_install'
[0.699s] Level 1:colcon.colcon_core.package_identification:_identify(.) by extensions ['colcon_pkg']
[0.700s] Level 1:colcon.colcon_core.package_identification:_identify(.) by extension 'colcon_pkg'
[0.700s] Level 1:colcon.colcon_core.package_identification:_identify(.) by extensions ['colcon_meta']
[0.700s] Level 1:colcon.colcon_core.package_identification:_identify(.) by extension 'colcon_meta'
[0.700s] Level 1:colcon.colcon_core.package_identification:_identify(.) by extensions ['ros']
[0.701s] Level 1:colcon.colcon_core.package_identification:_identify(.) by extension 'ros'
[0.717s] Level 1:colcon.colcon_core.package_identification:_identify(.) by extensions ['cmake', 'python']
[0.717s] Level 1:colcon.colcon_core.package_identification:_identify(.) by extension 'cmake'
[0.717s] Level 1:colcon.colcon_core.package_identification:_identify(.) by extension 'python'
[0.718s] Level 1:colcon.colcon_core.package_identification:_identify(.) by extensions ['python_setup_py']
[0.718s] Level 1:colcon.colcon_core.package_identification:_identify(.) by extension 'python_setup_py'
[0.720s] Level 1:colcon.colcon_core.package_identification:_identify(build) by extensions ['ignore', 'ignore_ament_install']
[0.721s] Level 1:colcon.colcon_core.package_identification:_identify(build) by extension 'ignore'
[0.722s] Level 1:colcon.colcon_core.package_identification:_identify(build) ignored
[0.725s] Level 1:colcon.colcon_core.package_identification:_identify(install) by extensions ['ignore', 'ignore_ament_install']
[0.725s] Level 1:colcon.colcon_core.package_identification:_identify(install) by extension 'ignore'
[0.727s] Level 1:colcon.colcon_core.package_identification:_identify(install) ignored
[0.734s] Level 1:colcon.colcon_core.package_identification:_identify(log) by extensions ['ignore', 'ignore_ament_install']
[0.734s] Level 1:colcon.colcon_core.package_identification:_identify(log) by extension 'ignore'
[0.735s] Level 1:colcon.colcon_core.package_identification:_identify(log) ignored
[0.739s] Level 1:colcon.colcon_core.package_identification:_identify(src) by extensions ['ignore', 'ignore_ament_install']
[0.739s] Level 1:colcon.colcon_core.package_identification:_identify(src) by extension 'ignore'
[0.740s] Level 1:colcon.colcon_core.package_identification:_identify(src) by extension 'ignore_ament_install'
[0.742s] Level 1:colcon.colcon_core.package_identification:_identify(src) by extensions ['colcon_pkg']
[0.742s] Level 1:colcon.colcon_core.package_identification:_identify(src) by extension 'colcon_pkg'
[0.743s] Level 1:colcon.colcon_core.package_identification:_identify(src) by extensions ['colcon_meta']
[0.743s] Level 1:colcon.colcon_core.package_identification:_identify(src) by extension 'colcon_meta'
[0.744s] Level 1:colcon.colcon_core.package_identification:_identify(src) by extensions ['ros']
[0.744s] Level 1:colcon.colcon_core.package_identification:_identify(src) by extension 'ros'
[0.749s] Level 1:colcon.colcon_core.package_identification:_identify(src) by extensions ['cmake', 'python']
[0.750s] Level 1:colcon.colcon_core.package_identification:_identify(src) by extension 'cmake'
[0.751s] Level 1:colcon.colcon_core.package_identification:_identify(src) by extension 'python'
[0.752s] Level 1:colcon.colcon_core.package_identification:_identify(src) by extensions ['python_setup_py']
[0.752s] Level 1:colcon.colcon_core.package_identification:_identify(src) by extension 'python_setup_py'
[0.757s] Level 1:colcon.colcon_core.package_identification:_identify(src/demo_cpp_topic) by extensions ['ignore', 'ignore_ament_install']
[0.757s] Level 1:colcon.colcon_core.package_identification:_identify(src/demo_cpp_topic) by extension 'ignore'
[0.759s] Level 1:colcon.colcon_core.package_identification:_identify(src/demo_cpp_topic) by extension 'ignore_ament_install'
[0.762s] Level 1:colcon.colcon_core.package_identification:_identify(src/demo_cpp_topic) by extensions ['colcon_pkg']
[0.762s] Level 1:colcon.colcon_core.package_identification:_identify(src/demo_cpp_topic) by extension 'colcon_pkg'
[0.764s] Level 1:colcon.colcon_core.package_identification:_identify(src/demo_cpp_topic) by extensions ['colcon_meta']
[0.765s] Level 1:colcon.colcon_core.package_identification:_identify(src/demo_cpp_topic) by extension 'colcon_meta'
[0.768s] Level 1:colcon.colcon_core.package_identification:_identify(src/demo_cpp_topic) by extensions ['ros']
[0.768s] Level 1:colcon.colcon_core.package_identification:_identify(src/demo_cpp_topic) by extension 'ros'
[0.785s] DEBUG:colcon.colcon_core.package_identification:Package 'src/demo_cpp_topic' with type 'ros.ament_cmake' and name 'demo_cpp_topic'
[0.790s] Level 1:colcon.colcon_core.package_identification:_identify(src/demo_python_topic) by extensions ['ignore', 'ignore_ament_install']
[0.790s] Level 1:colcon.colcon_core.package_identification:_identify(src/demo_python_topic) by extension 'ignore'
[0.791s] Level 1:colcon.colcon_core.package_identification:_identify(src/demo_python_topic) by extension 'ignore_ament_install'
[0.794s] Level 1:colcon.colcon_core.package_identification:_identify(src/demo_python_topic) by extensions ['colcon_pkg']
[0.794s] Level 1:colcon.colcon_core.package_identification:_identify(src/demo_python_topic) by extension 'colcon_pkg'
[0.796s] Level 1:colcon.colcon_core.package_identification:_identify(src/demo_python_topic) by extensions ['colcon_meta']
[0.796s] Level 1:colcon.colcon_core.package_identification:_identify(src/demo_python_topic) by extension 'colcon_meta'
[0.800s] Level 1:colcon.colcon_core.package_identification:_identify(src/demo_python_topic) by extensions ['ros']
[0.800s] Level 1:colcon.colcon_core.package_identification:_identify(src/demo_python_topic) by extension 'ros'
[0.817s] DEBUG:colcon.colcon_core.package_identification:Package 'src/demo_python_topic' with type 'ros.ament_python' and name 'demo_python_topic'
[0.817s] Level 1:colcon.colcon_core.package_discovery:discover_packages(recursive) using defaults
[0.818s] Level 1:colcon.colcon_core.package_discovery:discover_packages(ignore) discover
[0.818s] Level 1:colcon.colcon_core.package_discovery:discover_packages(ignore) using defaults
[0.818s] Level 1:colcon.colcon_core.package_discovery:discover_packages(path) discover
[0.818s] Level 1:colcon.colcon_core.package_discovery:discover_packages(path) using defaults
[0.872s] Level 1:colcon.colcon_core.package_discovery:discover_packages(prefix_path) check parameters
[0.873s] Level 1:colcon.colcon_core.package_discovery:discover_packages(prefix_path) discover
[0.879s] DEBUG:colcon.colcon_installed_package_information.package_discovery:Found 271 installed packages in /opt/ros/humble
[0.882s] Level 1:colcon.colcon_core.package_discovery:discover_packages(prefix_path) using defaults
[1.019s] Level 5:colcon.colcon_core.verb:set package 'demo_cpp_topic' build argument 'cmake_args' from command line to 'None'
[1.019s] Level 5:colcon.colcon_core.verb:set package 'demo_cpp_topic' build argument 'cmake_target' from command line to 'None'
[1.019s] Level 5:colcon.colcon_core.verb:set package 'demo_cpp_topic' build argument 'cmake_target_skip_unavailable' from command line to 'False'
[1.020s] Level 5:colcon.colcon_core.verb:set package 'demo_cpp_topic' build argument 'cmake_clean_cache' from command line to 'False'
[1.020s] Level 5:colcon.colcon_core.verb:set package 'demo_cpp_topic' build argument 'cmake_clean_first' from command line to 'False'
[1.020s] Level 5:colcon.colcon_core.verb:set package 'demo_cpp_topic' build argument 'cmake_force_configure' from command line to 'False'
[1.020s] Level 5:colcon.colcon_core.verb:set package 'demo_cpp_topic' build argument 'ament_cmake_args' from command line to 'None'
[1.020s] Level 5:colcon.colcon_core.verb:set package 'demo_cpp_topic' build argument 'catkin_cmake_args' from command line to 'None'
[1.021s] Level 5:colcon.colcon_core.verb:set package 'demo_cpp_topic' build argument 'catkin_skip_building_tests' from command line to 'False'
[1.021s] DEBUG:colcon.colcon_core.verb:Building package 'demo_cpp_topic' with the following arguments: {'ament_cmake_args': None, 'build_base': '/mnt/c/Users/wufy/Desktop/learn_ros2/learn_ros2/chap_topic/build/demo_cpp_topic', 'catkin_cmake_args': None, 'catkin_skip_building_tests': False, 'cmake_args': None, 'cmake_clean_cache': False, 'cmake_clean_first': False, 'cmake_force_configure': False, 'cmake_target': None, 'cmake_target_skip_unavailable': False, 'install_base': '/mnt/c/Users/wufy/Desktop/learn_ros2/learn_ros2/chap_topic/install/demo_cpp_topic', 'merge_install': False, 'path': '/mnt/c/Users/wufy/Desktop/learn_ros2/learn_ros2/chap_topic/src/demo_cpp_topic', 'symlink_install': False, 'test_result_base': None}
[1.022s] Level 5:colcon.colcon_core.verb:set package 'demo_python_topic' build argument 'cmake_args' from command line to 'None'
[1.022s] Level 5:colcon.colcon_core.verb:set package 'demo_python_topic' build argument 'cmake_target' from command line to 'None'
[1.023s] Level 5:colcon.colcon_core.verb:set package 'demo_python_topic' build argument 'cmake_target_skip_unavailable' from command line to 'False'
[1.023s] Level 5:colcon.colcon_core.verb:set package 'demo_python_topic' build argument 'cmake_clean_cache' from command line to 'False'
[1.023s] Level 5:colcon.colcon_core.verb:set package 'demo_python_topic' build argument 'cmake_clean_first' from command line to 'False'
[1.024s] Level 5:colcon.colcon_core.verb:set package 'demo_python_topic' build argument 'cmake_force_configure' from command line to 'False'
[1.024s] Level 5:colcon.colcon_core.verb:set package 'demo_python_topic' build argument 'ament_cmake_args' from command line to 'None'
[1.024s] Level 5:colcon.colcon_core.verb:set package 'demo_python_topic' build argument 'catkin_cmake_args' from command line to 'None'
[1.024s] Level 5:colcon.colcon_core.verb:set package 'demo_python_topic' build argument 'catkin_skip_building_tests' from command line to 'False'
[1.024s] DEBUG:colcon.colcon_core.verb:Building package 'demo_python_topic' with the following arguments: {'ament_cmake_args': None, 'build_base': '/mnt/c/Users/wufy/Desktop/learn_ros2/learn_ros2/chap_topic/build/demo_python_topic', 'catkin_cmake_args': None, 'catkin_skip_building_tests': False, 'cmake_args': None, 'cmake_clean_cache': False, 'cmake_clean_first': False, 'cmake_force_configure': False, 'cmake_target': None, 'cmake_target_skip_unavailable': False, 'install_base': '/mnt/c/Users/wufy/Desktop/learn_ros2/learn_ros2/chap_topic/install/demo_python_topic', 'merge_install': False, 'path': '/mnt/c/Users/wufy/Desktop/learn_ros2/learn_ros2/chap_topic/src/demo_python_topic', 'symlink_install': False, 'test_result_base': None}
[1.025s] INFO:colcon.colcon_core.executor:Executing jobs using 'parallel' executor
[1.026s] DEBUG:colcon.colcon_parallel_executor.executor.parallel:run_until_complete
[1.027s] INFO:colcon.colcon_ros.task.ament_cmake.build:Building ROS package in '/mnt/c/Users/wufy/Desktop/learn_ros2/learn_ros2/chap_topic/src/demo_cpp_topic' with build type 'ament_cmake'
[1.028s] INFO:colcon.colcon_cmake.task.cmake.build:Building CMake package in '/mnt/c/Users/wufy/Desktop/learn_ros2/learn_ros2/chap_topic/src/demo_cpp_topic'
[1.037s] INFO:colcon.colcon_core.plugin_system:Skipping extension 'colcon_core.shell.bat': Not used on non-Windows systems
[1.038s] INFO:colcon.colcon_core.shell:Skip shell extension 'powershell' for command environment: Not usable outside of PowerShell
[1.038s] DEBUG:colcon.colcon_core.shell:Skip shell extension 'dsv' for command environment
[1.052s] INFO:colcon.colcon_ros.task.ament_python.build:Building ROS package in '/mnt/c/Users/wufy/Desktop/learn_ros2/learn_ros2/chap_topic/src/demo_python_topic' with build type 'ament_python'
[1.052s] Level 1:colcon.colcon_core.shell:create_environment_hook('demo_python_topic', 'ament_prefix_path')
[1.053s] INFO:colcon.colcon_core.shell:Creating environment hook '/mnt/c/Users/wufy/Desktop/learn_ros2/learn_ros2/chap_topic/install/demo_python_topic/share/demo_python_topic/hook/ament_prefix_path.ps1'
[1.072s] INFO:colcon.colcon_core.shell:Creating environment descriptor '/mnt/c/Users/wufy/Desktop/learn_ros2/learn_ros2/chap_topic/install/demo_python_topic/share/demo_python_topic/hook/ament_prefix_path.dsv'
[1.089s] INFO:colcon.colcon_core.shell:Creating environment hook '/mnt/c/Users/wufy/Desktop/learn_ros2/learn_ros2/chap_topic/install/demo_python_topic/share/demo_python_topic/hook/ament_prefix_path.sh'
[1.106s] INFO:colcon.colcon_core.shell:Skip shell extension 'powershell' for command environment: Not usable outside of PowerShell
[1.107s] DEBUG:colcon.colcon_core.shell:Skip shell extension 'dsv' for command environment
[1.184s] DEBUG:colcon.colcon_core.event_handler.log_command:Invoking command in '/mnt/c/Users/wufy/Desktop/learn_ros2/learn_ros2/chap_topic/build/demo_cpp_topic': CMAKE_PREFIX_PATH=/opt/ros/humble /usr/bin/cmake /mnt/c/Users/wufy/Desktop/learn_ros2/learn_ros2/chap_topic/src/demo_cpp_topic -DCMAKE_INSTALL_PREFIX=/mnt/c/Users/wufy/Desktop/learn_ros2/learn_ros2/chap_topic/install/demo_cpp_topic
[1.487s] INFO:colcon.colcon_core.task.python.build:Building Python package in '/mnt/c/Users/wufy/Desktop/learn_ros2/learn_ros2/chap_topic/src/demo_python_topic'
[1.488s] INFO:colcon.colcon_core.shell:Skip shell extension 'powershell' for command environment: Not usable outside of PowerShell
[1.488s] DEBUG:colcon.colcon_core.shell:Skip shell extension 'dsv' for command environment
[2.967s] DEBUG:colcon.colcon_core.event_handler.log_command:Invoking command in '/mnt/c/Users/wufy/Desktop/learn_ros2/learn_ros2/chap_topic/src/demo_python_topic': PYTHONPATH=/mnt/c/Users/wufy/Desktop/learn_ros2/learn_ros2/chap_topic/build/demo_python_topic/prefix_override:/usr/lib/python3/dist-packages/colcon_core/task/python/colcon_distutils_commands:/mnt/c/Users/wufy/Desktop/learn_ros2/learn_ros2/chap_topic/install/demo_python_topic/lib/python3.10/site-packages:${PYTHONPATH} /usr/bin/python3 -W ignore:setup.py install is deprecated -W ignore:easy_install command is deprecated setup.py egg_info --egg-base ../../build/demo_python_topic build --build-base /mnt/c/Users/wufy/Desktop/learn_ros2/learn_ros2/chap_topic/build/demo_python_topic/build install --record /mnt/c/Users/wufy/Desktop/learn_ros2/learn_ros2/chap_topic/build/demo_python_topic/install.log --single-version-externally-managed install_data
[4.640s] DEBUG:colcon.colcon_core.event_handler.log_command:Invoked command in '/mnt/c/Users/wufy/Desktop/learn_ros2/learn_ros2/chap_topic/src/demo_python_topic' returned '0': PYTHONPATH=/mnt/c/Users/wufy/Desktop/learn_ros2/learn_ros2/chap_topic/build/demo_python_topic/prefix_override:/usr/lib/python3/dist-packages/colcon_core/task/python/colcon_distutils_commands:/mnt/c/Users/wufy/Desktop/learn_ros2/learn_ros2/chap_topic/install/demo_python_topic/lib/python3.10/site-packages:${PYTHONPATH} /usr/bin/python3 -W ignore:setup.py install is deprecated -W ignore:easy_install command is deprecated setup.py egg_info --egg-base ../../build/demo_python_topic build --build-base /mnt/c/Users/wufy/Desktop/learn_ros2/learn_ros2/chap_topic/build/demo_python_topic/build install --record /mnt/c/Users/wufy/Desktop/learn_ros2/learn_ros2/chap_topic/build/demo_python_topic/install.log --single-version-externally-managed install_data
[4.650s] Level 1:colcon.colcon_core.environment:checking '/mnt/c/Users/wufy/Desktop/learn_ros2/learn_ros2/chap_topic/install/demo_python_topic' for CMake module files
[4.706s] Level 1:colcon.colcon_core.environment:checking '/mnt/c/Users/wufy/Desktop/learn_ros2/learn_ros2/chap_topic/install/demo_python_topic' for CMake config files
[4.802s] Level 1:colcon.colcon_core.environment:checking '/mnt/c/Users/wufy/Desktop/learn_ros2/learn_ros2/chap_topic/install/demo_python_topic/lib'
[4.806s] Level 1:colcon.colcon_core.environment:checking '/mnt/c/Users/wufy/Desktop/learn_ros2/learn_ros2/chap_topic/install/demo_python_topic/bin'
[4.807s] Level 1:colcon.colcon_core.environment:checking '/mnt/c/Users/wufy/Desktop/learn_ros2/learn_ros2/chap_topic/install/demo_python_topic/lib/pkgconfig/demo_python_topic.pc'
[4.809s] Level 1:colcon.colcon_core.environment:checking '/mnt/c/Users/wufy/Desktop/learn_ros2/learn_ros2/chap_topic/install/demo_python_topic/lib/python3.10/site-packages'
[4.812s] Level 1:colcon.colcon_core.shell:create_environment_hook('demo_python_topic', 'pythonpath')
[4.812s] INFO:colcon.colcon_core.shell:Creating environment hook '/mnt/c/Users/wufy/Desktop/learn_ros2/learn_ros2/chap_topic/install/demo_python_topic/share/demo_python_topic/hook/pythonpath.ps1'
[4.827s] INFO:colcon.colcon_core.shell:Creating environment descriptor '/mnt/c/Users/wufy/Desktop/learn_ros2/learn_ros2/chap_topic/install/demo_python_topic/share/demo_python_topic/hook/pythonpath.dsv'
[4.843s] INFO:colcon.colcon_core.shell:Creating environment hook '/mnt/c/Users/wufy/Desktop/learn_ros2/learn_ros2/chap_topic/install/demo_python_topic/share/demo_python_topic/hook/pythonpath.sh'
[4.857s] Level 1:colcon.colcon_core.environment:checking '/mnt/c/Users/wufy/Desktop/learn_ros2/learn_ros2/chap_topic/install/demo_python_topic/bin'
[4.858s] Level 1:colcon.colcon_core.environment:create_environment_scripts_only(demo_python_topic)
[4.859s] INFO:colcon.colcon_core.shell:Creating package script '/mnt/c/Users/wufy/Desktop/learn_ros2/learn_ros2/chap_topic/install/demo_python_topic/share/demo_python_topic/package.ps1'
[4.872s] INFO:colcon.colcon_core.shell:Creating package descriptor '/mnt/c/Users/wufy/Desktop/learn_ros2/learn_ros2/chap_topic/install/demo_python_topic/share/demo_python_topic/package.dsv'
[4.885s] INFO:colcon.colcon_core.shell:Creating package script '/mnt/c/Users/wufy/Desktop/learn_ros2/learn_ros2/chap_topic/install/demo_python_topic/share/demo_python_topic/package.sh'
[4.898s] INFO:colcon.colcon_core.shell:Creating package script '/mnt/c/Users/wufy/Desktop/learn_ros2/learn_ros2/chap_topic/install/demo_python_topic/share/demo_python_topic/package.bash'
[4.911s] INFO:colcon.colcon_core.shell:Creating package script '/mnt/c/Users/wufy/Desktop/learn_ros2/learn_ros2/chap_topic/install/demo_python_topic/share/demo_python_topic/package.zsh'
[4.926s] Level 1:colcon.colcon_core.environment:create_file_with_runtime_dependencies(/mnt/c/Users/wufy/Desktop/learn_ros2/learn_ros2/chap_topic/install/demo_python_topic/share/colcon-core/packages/demo_python_topic)
[10.553s] DEBUG:colcon.colcon_core.event_handler.log_command:Invoked command in '/mnt/c/Users/wufy/Desktop/learn_ros2/learn_ros2/chap_topic/build/demo_cpp_topic' returned '1': CMAKE_PREFIX_PATH=/opt/ros/humble /usr/bin/cmake /mnt/c/Users/wufy/Desktop/learn_ros2/learn_ros2/chap_topic/src/demo_cpp_topic -DCMAKE_INSTALL_PREFIX=/mnt/c/Users/wufy/Desktop/learn_ros2/learn_ros2/chap_topic/install/demo_cpp_topic
[10.583s] Level 1:colcon.colcon_core.environment:create_environment_scripts_only(demo_cpp_topic)
[10.584s] Level 1:colcon.colcon_core.environment:checking '/mnt/c/Users/wufy/Desktop/learn_ros2/learn_ros2/chap_topic/install/demo_cpp_topic' for CMake module files
[10.599s] Level 1:colcon.colcon_core.environment:checking '/mnt/c/Users/wufy/Desktop/learn_ros2/learn_ros2/chap_topic/install/demo_cpp_topic' for CMake config files
[10.600s] Level 1:colcon.colcon_core.environment:checking '/mnt/c/Users/wufy/Desktop/learn_ros2/learn_ros2/chap_topic/install/demo_cpp_topic/bin'
[10.602s] Level 1:colcon.colcon_core.environment:checking '/mnt/c/Users/wufy/Desktop/learn_ros2/learn_ros2/chap_topic/install/demo_cpp_topic/lib/pkgconfig/demo_cpp_topic.pc'
[10.603s] Level 1:colcon.colcon_core.environment:checking '/mnt/c/Users/wufy/Desktop/learn_ros2/learn_ros2/chap_topic/install/demo_cpp_topic/lib/python3.10/site-packages'
[10.605s] Level 1:colcon.colcon_core.environment:checking '/mnt/c/Users/wufy/Desktop/learn_ros2/learn_ros2/chap_topic/install/demo_cpp_topic/bin'
[10.607s] INFO:colcon.colcon_core.shell:Creating package script '/mnt/c/Users/wufy/Desktop/learn_ros2/learn_ros2/chap_topic/install/demo_cpp_topic/share/demo_cpp_topic/package.ps1'
[10.622s] INFO:colcon.colcon_core.shell:Creating package descriptor '/mnt/c/Users/wufy/Desktop/learn_ros2/learn_ros2/chap_topic/install/demo_cpp_topic/share/demo_cpp_topic/package.dsv'
[10.633s] INFO:colcon.colcon_core.shell:Creating package script '/mnt/c/Users/wufy/Desktop/learn_ros2/learn_ros2/chap_topic/install/demo_cpp_topic/share/demo_cpp_topic/package.sh'
[10.648s] INFO:colcon.colcon_core.shell:Creating package script '/mnt/c/Users/wufy/Desktop/learn_ros2/learn_ros2/chap_topic/install/demo_cpp_topic/share/demo_cpp_topic/package.bash'
[10.661s] INFO:colcon.colcon_core.shell:Creating package script '/mnt/c/Users/wufy/Desktop/learn_ros2/learn_ros2/chap_topic/install/demo_cpp_topic/share/demo_cpp_topic/package.zsh'
[10.674s] Level 1:colcon.colcon_core.environment:create_file_with_runtime_dependencies(/mnt/c/Users/wufy/Desktop/learn_ros2/learn_ros2/chap_topic/install/demo_cpp_topic/share/colcon-core/packages/demo_cpp_topic)
[10.695s] DEBUG:colcon.colcon_parallel_executor.executor.parallel:closing loop
[10.696s] DEBUG:colcon.colcon_parallel_executor.executor.parallel:loop closed
[10.697s] DEBUG:colcon.colcon_parallel_executor.executor.parallel:run_until_complete finished with '1'
[10.697s] DEBUG:colcon.colcon_core.event_reactor:joining thread
[10.733s] INFO:colcon.colcon_core.plugin_system:Skipping extension 'colcon_notification.desktop_notification.notify_send': Could not find 'notify-send'
[10.733s] INFO:colcon.colcon_core.plugin_system:Skipping extension 'colcon_notification.desktop_notification.terminal_notifier': Not used on non-Darwin systems
[10.734s] INFO:colcon.colcon_core.plugin_system:Skipping extension 'colcon_notification.desktop_notification.win32': Not used on non-Windows systems
[10.734s] INFO:colcon.colcon_notification.desktop_notification:Sending desktop notification using 'notify2'
[10.734s] DEBUG:colcon.colcon_notification.desktop_notification.notify2:Failed to initialize notify2: org.freedesktop.DBus.Error.FileNotFound: Failed to connect to socket /run/user/1000/bus: No such file or directory
[10.735s] DEBUG:colcon.colcon_core.event_reactor:joined thread
[10.736s] INFO:colcon.colcon_core.shell:Creating prefix script '/mnt/c/Users/wufy/Desktop/learn_ros2/learn_ros2/chap_topic/install/local_setup.ps1'
[10.742s] INFO:colcon.colcon_core.shell:Creating prefix util module '/mnt/c/Users/wufy/Desktop/learn_ros2/learn_ros2/chap_topic/install/_local_setup_util_ps1.py'
[10.749s] INFO:colcon.colcon_core.shell:Creating prefix chain script '/mnt/c/Users/wufy/Desktop/learn_ros2/learn_ros2/chap_topic/install/setup.ps1'
[10.757s] INFO:colcon.colcon_core.shell:Creating prefix script '/mnt/c/Users/wufy/Desktop/learn_ros2/learn_ros2/chap_topic/install/local_setup.sh'
[10.764s] INFO:colcon.colcon_core.shell:Creating prefix util module '/mnt/c/Users/wufy/Desktop/learn_ros2/learn_ros2/chap_topic/install/_local_setup_util_sh.py'
[10.772s] INFO:colcon.colcon_core.shell:Creating prefix chain script '/mnt/c/Users/wufy/Desktop/learn_ros2/learn_ros2/chap_topic/install/setup.sh'
[10.778s] INFO:colcon.colcon_core.shell:Creating prefix script '/mnt/c/Users/wufy/Desktop/learn_ros2/learn_ros2/chap_topic/install/local_setup.bash'
[10.786s] INFO:colcon.colcon_core.shell:Creating prefix chain script '/mnt/c/Users/wufy/Desktop/learn_ros2/learn_ros2/chap_topic/install/setup.bash'
[10.792s] INFO:colcon.colcon_core.shell:Creating prefix script '/mnt/c/Users/wufy/Desktop/learn_ros2/learn_ros2/chap_topic/install/local_setup.zsh'
[10.798s] INFO:colcon.colcon_core.shell:Creating prefix chain script '/mnt/c/Users/wufy/Desktop/learn_ros2/learn_ros2/chap_topic/install/setup.zsh'
