[0.013s] Invoking command in '/home/wufy/learn_ros2/chap_node/build/demo_cpp_pkg': CMAKE_PREFIX_PATH=/opt/ros/humble /usr/bin/cmake --build /home/wufy/learn_ros2/chap_node/build/demo_cpp_pkg -- -j16 -l16
[0.056s] [ 33%] Built target learn_lambda
[0.057s] [ 66%] Built target demo_cpp_node
[0.057s] [100%] Built target person_node
[0.184s] Invoked command in '/home/wufy/learn_ros2/chap_node/build/demo_cpp_pkg' returned '0': CMAKE_PREFIX_PATH=/opt/ros/humble /usr/bin/cmake --build /home/wufy/learn_ros2/chap_node/build/demo_cpp_pkg -- -j16 -l16
[0.193s] Invoking command in '/home/wufy/learn_ros2/chap_node/build/demo_cpp_pkg': CMAKE_PREFIX_PATH=/opt/ros/humble /usr/bin/cmake --install /home/wufy/learn_ros2/chap_node/build/demo_cpp_pkg
[0.198s] -- Install configuration: ""
[0.198s] -- Up-to-date: /home/wufy/learn_ros2/chap_node/install/demo_cpp_pkg/lib/demo_cpp_pkg/demo_cpp_node
[0.198s] -- Up-to-date: /home/wufy/learn_ros2/chap_node/install/demo_cpp_pkg/lib/demo_cpp_pkg/person_node
[0.199s] -- Up-to-date: /home/wufy/learn_ros2/chap_node/install/demo_cpp_pkg/lib/demo_cpp_pkg/learn_lambda
[0.199s] -- Up-to-date: /home/wufy/learn_ros2/chap_node/install/demo_cpp_pkg/share/ament_index/resource_index/package_run_dependencies/demo_cpp_pkg
[0.199s] -- Up-to-date: /home/wufy/learn_ros2/chap_node/install/demo_cpp_pkg/share/ament_index/resource_index/parent_prefix_path/demo_cpp_pkg
[0.199s] -- Up-to-date: /home/wufy/learn_ros2/chap_node/install/demo_cpp_pkg/share/demo_cpp_pkg/environment/ament_prefix_path.sh
[0.199s] -- Up-to-date: /home/wufy/learn_ros2/chap_node/install/demo_cpp_pkg/share/demo_cpp_pkg/environment/ament_prefix_path.dsv
[0.199s] -- Up-to-date: /home/wufy/learn_ros2/chap_node/install/demo_cpp_pkg/share/demo_cpp_pkg/environment/path.sh
[0.199s] -- Up-to-date: /home/wufy/learn_ros2/chap_node/install/demo_cpp_pkg/share/demo_cpp_pkg/environment/path.dsv
[0.199s] -- Up-to-date: /home/wufy/learn_ros2/chap_node/install/demo_cpp_pkg/share/demo_cpp_pkg/local_setup.bash
[0.199s] -- Up-to-date: /home/wufy/learn_ros2/chap_node/install/demo_cpp_pkg/share/demo_cpp_pkg/local_setup.sh
[0.199s] -- Up-to-date: /home/wufy/learn_ros2/chap_node/install/demo_cpp_pkg/share/demo_cpp_pkg/local_setup.zsh
[0.199s] -- Up-to-date: /home/wufy/learn_ros2/chap_node/install/demo_cpp_pkg/share/demo_cpp_pkg/local_setup.dsv
[0.199s] -- Installing: /home/wufy/learn_ros2/chap_node/install/demo_cpp_pkg/share/demo_cpp_pkg/package.dsv
[0.199s] -- Up-to-date: /home/wufy/learn_ros2/chap_node/install/demo_cpp_pkg/share/ament_index/resource_index/packages/demo_cpp_pkg
[0.199s] -- Up-to-date: /home/wufy/learn_ros2/chap_node/install/demo_cpp_pkg/share/demo_cpp_pkg/cmake/demo_cpp_pkgConfig.cmake
[0.199s] -- Up-to-date: /home/wufy/learn_ros2/chap_node/install/demo_cpp_pkg/share/demo_cpp_pkg/cmake/demo_cpp_pkgConfig-version.cmake
[0.199s] -- Up-to-date: /home/wufy/learn_ros2/chap_node/install/demo_cpp_pkg/share/demo_cpp_pkg/package.xml
[0.201s] Invoked command in '/home/wufy/learn_ros2/chap_node/build/demo_cpp_pkg' returned '0': CMAKE_PREFIX_PATH=/opt/ros/humble /usr/bin/cmake --install /home/wufy/learn_ros2/chap_node/build/demo_cpp_pkg
