[0.013s] Invoking command in '/home/wufy/learn_ros2/chap_node/build/demo_cpp_pkg': CMAKE_PREFIX_PATH=/opt/ros/humble /usr/bin/cmake --build /home/wufy/learn_ros2/chap_node/build/demo_cpp_pkg -- -j16 -l16
[0.065s] [35m[1mConsolidate compiler generated dependencies of target learn_lambda[0m
[0.065s] [35m[1mConsolidate compiler generated dependencies of target learn_thread[0m
[0.065s] [35m[1mConsolidate compiler generated dependencies of target person_node[0m
[0.068s] [35m[1mConsolidate compiler generated dependencies of target demo_cpp_node[0m
[0.077s] [ 37%] [32mBuilding CXX object CMakeFiles/learn_thread.dir/src/learn_thread.cpp.o[0m
[0.077s] [ 37%] Built target learn_lambda
[0.080s] [ 62%] Built target person_node
[0.084s] [ 87%] Built target demo_cpp_node
[3.458s] [100%] [32m[1mLinking CXX executable learn_thread[0m
[3.600s] [100%] Built target learn_thread
[3.612s] Invoked command in '/home/wufy/learn_ros2/chap_node/build/demo_cpp_pkg' returned '0': CMAKE_PREFIX_PATH=/opt/ros/humble /usr/bin/cmake --build /home/wufy/learn_ros2/chap_node/build/demo_cpp_pkg -- -j16 -l16
[3.621s] Invoking command in '/home/wufy/learn_ros2/chap_node/build/demo_cpp_pkg': CMAKE_PREFIX_PATH=/opt/ros/humble /usr/bin/cmake --install /home/wufy/learn_ros2/chap_node/build/demo_cpp_pkg
[3.629s] -- Install configuration: ""
[3.630s] -- Installing: /home/wufy/learn_ros2/chap_node/install/demo_cpp_pkg/lib/demo_cpp_pkg/demo_cpp_node
[3.630s] -- Set runtime path of "/home/wufy/learn_ros2/chap_node/install/demo_cpp_pkg/lib/demo_cpp_pkg/demo_cpp_node" to ""
[3.630s] -- Installing: /home/wufy/learn_ros2/chap_node/install/demo_cpp_pkg/lib/demo_cpp_pkg/person_node
[3.630s] -- Set runtime path of "/home/wufy/learn_ros2/chap_node/install/demo_cpp_pkg/lib/demo_cpp_pkg/person_node" to ""
[3.631s] -- Installing: /home/wufy/learn_ros2/chap_node/install/demo_cpp_pkg/lib/demo_cpp_pkg/learn_lambda
[3.631s] -- Set runtime path of "/home/wufy/learn_ros2/chap_node/install/demo_cpp_pkg/lib/demo_cpp_pkg/learn_lambda" to ""
[3.631s] -- Installing: /home/wufy/learn_ros2/chap_node/install/demo_cpp_pkg/lib/demo_cpp_pkg/learn_thread
[3.633s] -- Up-to-date: /home/wufy/learn_ros2/chap_node/install/demo_cpp_pkg/share/ament_index/resource_index/package_run_dependencies/demo_cpp_pkg
[3.633s] -- Installing: /home/wufy/learn_ros2/chap_node/install/demo_cpp_pkg/share/ament_index/resource_index/parent_prefix_path/demo_cpp_pkg
[3.633s] -- Up-to-date: /home/wufy/learn_ros2/chap_node/install/demo_cpp_pkg/share/demo_cpp_pkg/environment/ament_prefix_path.sh
[3.633s] -- Installing: /home/wufy/learn_ros2/chap_node/install/demo_cpp_pkg/share/demo_cpp_pkg/environment/ament_prefix_path.dsv
[3.633s] -- Up-to-date: /home/wufy/learn_ros2/chap_node/install/demo_cpp_pkg/share/demo_cpp_pkg/environment/path.sh
[3.633s] -- Installing: /home/wufy/learn_ros2/chap_node/install/demo_cpp_pkg/share/demo_cpp_pkg/environment/path.dsv
[3.633s] -- Up-to-date: /home/wufy/learn_ros2/chap_node/install/demo_cpp_pkg/share/demo_cpp_pkg/local_setup.bash
[3.633s] -- Up-to-date: /home/wufy/learn_ros2/chap_node/install/demo_cpp_pkg/share/demo_cpp_pkg/local_setup.sh
[3.633s] -- Up-to-date: /home/wufy/learn_ros2/chap_node/install/demo_cpp_pkg/share/demo_cpp_pkg/local_setup.zsh
[3.633s] -- Installing: /home/wufy/learn_ros2/chap_node/install/demo_cpp_pkg/share/demo_cpp_pkg/local_setup.dsv
[3.634s] -- Installing: /home/wufy/learn_ros2/chap_node/install/demo_cpp_pkg/share/demo_cpp_pkg/package.dsv
[3.634s] -- Up-to-date: /home/wufy/learn_ros2/chap_node/install/demo_cpp_pkg/share/ament_index/resource_index/packages/demo_cpp_pkg
[3.634s] -- Up-to-date: /home/wufy/learn_ros2/chap_node/install/demo_cpp_pkg/share/demo_cpp_pkg/cmake/demo_cpp_pkgConfig.cmake
[3.634s] -- Up-to-date: /home/wufy/learn_ros2/chap_node/install/demo_cpp_pkg/share/demo_cpp_pkg/cmake/demo_cpp_pkgConfig-version.cmake
[3.634s] -- Up-to-date: /home/wufy/learn_ros2/chap_node/install/demo_cpp_pkg/share/demo_cpp_pkg/package.xml
[3.636s] Invoked command in '/home/wufy/learn_ros2/chap_node/build/demo_cpp_pkg' returned '0': CMAKE_PREFIX_PATH=/opt/ros/humble /usr/bin/cmake --install /home/wufy/learn_ros2/chap_node/build/demo_cpp_pkg
