[1.449s] Invoking command in '/mnt/c/Users/wufy/Desktop/learn_ros2/learn_ros2/chap_topic/src/demo_python_topic': PYTHONPATH=/mnt/c/Users/wufy/Desktop/learn_ros2/learn_ros2/chap_topic/build/demo_python_topic/prefix_override:/usr/lib/python3/dist-packages/colcon_core/task/python/colcon_distutils_commands:/mnt/c/Users/wufy/Desktop/learn_ros2/learn_ros2/chap_topic/install/demo_python_topic/lib/python3.10/site-packages:${PYTHONPATH} /usr/bin/python3 -W ignore:setup.py install is deprecated -W ignore:easy_install command is deprecated setup.py egg_info --egg-base ../../build/demo_python_topic build --build-base /mnt/c/Users/wufy/Desktop/learn_ros2/learn_ros2/chap_topic/build/demo_python_topic/build install --record /mnt/c/Users/wufy/Desktop/learn_ros2/learn_ros2/chap_topic/build/demo_python_topic/install.log --single-version-externally-managed install_data
[2.220s] running egg_info
[2.228s] writing ../../build/demo_python_topic/demo_python_topic.egg-info/PKG-INFO
[2.235s] writing dependency_links to ../../build/demo_python_topic/demo_python_topic.egg-info/dependency_links.txt
[2.242s] writing entry points to ../../build/demo_python_topic/demo_python_topic.egg-info/entry_points.txt
[2.247s] writing requirements to ../../build/demo_python_topic/demo_python_topic.egg-info/requires.txt
[2.250s] writing top-level names to ../../build/demo_python_topic/demo_python_topic.egg-info/top_level.txt
[2.285s] reading manifest file '../../build/demo_python_topic/demo_python_topic.egg-info/SOURCES.txt'
[2.339s] adding license file 'LICENSE'
[2.360s] writing manifest file '../../build/demo_python_topic/demo_python_topic.egg-info/SOURCES.txt'
[2.363s] running build
[2.365s] running build_py
[2.379s] copying demo_python_topic/novel_pub_node.py -> /mnt/c/Users/wufy/Desktop/learn_ros2/learn_ros2/chap_topic/build/demo_python_topic/build/lib/demo_python_topic
[2.411s] running install
[2.412s] running install_lib
[2.453s] copying /mnt/c/Users/wufy/Desktop/learn_ros2/learn_ros2/chap_topic/build/demo_python_topic/build/lib/demo_python_topic/novel_pub_node.py -> /mnt/c/Users/wufy/Desktop/learn_ros2/learn_ros2/chap_topic/install/demo_python_topic/lib/python3.10/site-packages/demo_python_topic
[2.519s] byte-compiling /mnt/c/Users/wufy/Desktop/learn_ros2/learn_ros2/chap_topic/install/demo_python_topic/lib/python3.10/site-packages/demo_python_topic/novel_pub_node.py to novel_pub_node.cpython-310.pyc
[2.593s] running install_data
[2.621s] running install_egg_info
[2.633s] removing '/mnt/c/Users/wufy/Desktop/learn_ros2/learn_ros2/chap_topic/install/demo_python_topic/lib/python3.10/site-packages/demo_python_topic-0.0.0-py3.10.egg-info' (and everything under it)
[2.696s] Copying ../../build/demo_python_topic/demo_python_topic.egg-info to /mnt/c/Users/wufy/Desktop/learn_ros2/learn_ros2/chap_topic/install/demo_python_topic/lib/python3.10/site-packages/demo_python_topic-0.0.0-py3.10.egg-info
[2.958s] running install_scripts
[3.035s] Installing demo_python_topic script to /mnt/c/Users/wufy/Desktop/learn_ros2/learn_ros2/chap_topic/install/demo_python_topic/lib/demo_python_topic
[3.049s] writing list of installed files to '/mnt/c/Users/wufy/Desktop/learn_ros2/learn_ros2/chap_topic/build/demo_python_topic/install.log'
[3.082s] Invoked command in '/mnt/c/Users/wufy/Desktop/learn_ros2/learn_ros2/chap_topic/src/demo_python_topic' returned '0': PYTHONPATH=/mnt/c/Users/wufy/Desktop/learn_ros2/learn_ros2/chap_topic/build/demo_python_topic/prefix_override:/usr/lib/python3/dist-packages/colcon_core/task/python/colcon_distutils_commands:/mnt/c/Users/wufy/Desktop/learn_ros2/learn_ros2/chap_topic/install/demo_python_topic/lib/python3.10/site-packages:${PYTHONPATH} /usr/bin/python3 -W ignore:setup.py install is deprecated -W ignore:easy_install command is deprecated setup.py egg_info --egg-base ../../build/demo_python_topic build --build-base /mnt/c/Users/wufy/Desktop/learn_ros2/learn_ros2/chap_topic/build/demo_python_topic/build install --record /mnt/c/Users/wufy/Desktop/learn_ros2/learn_ros2/chap_topic/build/demo_python_topic/install.log --single-version-externally-managed install_data
