running egg_info
writing ../../build/status_pulisher/status_pulisher.egg-info/PKG-INFO
writing dependency_links to ../../build/status_pulisher/status_pulisher.egg-info/dependency_links.txt
writing entry points to ../../build/status_pulisher/status_pulisher.egg-info/entry_points.txt
writing requirements to ../../build/status_pulisher/status_pulisher.egg-info/requires.txt
writing top-level names to ../../build/status_pulisher/status_pulisher.egg-info/top_level.txt
reading manifest file '../../build/status_pulisher/status_pulisher.egg-info/SOURCES.txt'
adding license file 'LICENSE'
writing manifest file '../../build/status_pulisher/status_pulisher.egg-info/SOURCES.txt'
running build
running build_py
running install
running install_lib
running install_data
running install_egg_info
removing '/home/wufy/learn_ros2/learn_ros2/chap_topic/install/status_pulisher/lib/python3.10/site-packages/status_pulisher-0.0.0-py3.10.egg-info' (and everything under it)
Copying ../../build/status_pulisher/status_pulisher.egg-info to /home/wufy/learn_ros2/learn_ros2/chap_topic/install/status_pulisher/lib/python3.10/site-packages/status_pulisher-0.0.0-py3.10.egg-info
running install_scripts
Installing sys_status_publisher script to /home/wufy/learn_ros2/learn_ros2/chap_topic/install/status_pulisher/lib/status_pulisher
writing list of installed files to '/home/wufy/learn_ros2/learn_ros2/chap_topic/build/status_pulisher/install.log'
