[0.009s] Invoking command in '/home/wufy/learn_ros2/learn_ros2/chap_topic/build/demo_cpp_topic': CMAKE_PREFIX_PATH=/opt/ros/humble /usr/bin/cmake /home/wufy/learn_ros2/learn_ros2/chap_topic/src/demo_cpp_topic -DCMAKE_INSTALL_PREFIX=/home/wufy/learn_ros2/learn_ros2/chap_topic/install/demo_cpp_topic
[0.051s] -- The C compiler identification is GNU 11.4.0
[0.091s] -- The CXX compiler identification is GNU 11.4.0
[0.097s] -- Detecting C compiler ABI info
[0.156s] -- Detecting C compiler ABI info - done
[0.159s] -- Check for working C compiler: /usr/bin/cc - skipped
[0.159s] -- Detecting C compile features
[0.160s] -- Detecting C compile features - done
[0.162s] -- Detecting CXX compiler ABI info
[0.226s] -- Detecting CXX compiler ABI info - done
[0.230s] -- Check for working CXX compiler: /usr/bin/c++ - skipped
[0.231s] -- Detecting CXX compile features
[0.231s] -- Detecting CXX compile features - done
[0.234s] -- Found ament_cmake: 1.3.11 (/opt/ros/humble/share/ament_cmake/cmake)
[0.341s] -- Found Python3: /usr/bin/python3 (found version "3.10.12") found components: Interpreter 
[0.405s] -- Found rclcpp: 16.0.11 (/opt/ros/humble/share/rclcpp/cmake)
[0.437s] -- Found rosidl_generator_c: 3.1.6 (/opt/ros/humble/share/rosidl_generator_c/cmake)
[0.440s] -- Found rosidl_adapter: 3.1.6 (/opt/ros/humble/share/rosidl_adapter/cmake)
[0.446s] -- Found rosidl_generator_cpp: 3.1.6 (/opt/ros/humble/share/rosidl_generator_cpp/cmake)
[0.456s] -- Using all available rosidl_typesupport_c: rosidl_typesupport_fastrtps_c;rosidl_typesupport_introspection_c
[0.468s] -- Using all available rosidl_typesupport_cpp: rosidl_typesupport_fastrtps_cpp;rosidl_typesupport_introspection_cpp
[0.500s] -- Found rmw_implementation_cmake: 6.1.2 (/opt/ros/humble/share/rmw_implementation_cmake/cmake)
[0.502s] -- Found rmw_fastrtps_cpp: 6.2.7 (/opt/ros/humble/share/rmw_fastrtps_cpp/cmake)
[0.573s] -- Found OpenSSL: /usr/lib/x86_64-linux-gnu/libcrypto.so (found version "3.0.2")  
[0.590s] -- Found FastRTPS: /opt/ros/humble/include  
[0.618s] -- Using RMW implementation 'rmw_fastrtps_cpp' as default
[0.624s] -- Looking for pthread.h
[0.685s] -- Looking for pthread.h - found
[0.685s] -- Performing Test CMAKE_HAVE_LIBC_PTHREAD
[0.742s] -- Performing Test CMAKE_HAVE_LIBC_PTHREAD - Success
[0.743s] -- Found Threads: TRUE  
[0.790s] -- Found geometry_msgs: 4.2.4 (/opt/ros/humble/share/geometry_msgs/cmake)
[0.799s] -- Found turtlesim: 1.4.2 (/opt/ros/humble/share/turtlesim/cmake)
[0.829s] -- Found ament_lint_auto: 0.12.11 (/opt/ros/humble/share/ament_lint_auto/cmake)
[0.876s] -- Added test 'cppcheck' to perform static code analysis on C / C++ code
[0.876s] -- Configured cppcheck include dirs: 
[0.876s] -- Configured cppcheck exclude dirs and/or files: 
[0.877s] -- Added test 'lint_cmake' to check CMake code style
[0.877s] -- Added test 'uncrustify' to check C / C++ code style
[0.878s] -- Configured uncrustify additional arguments: 
[0.878s] -- Added test 'xmllint' to check XML markup files
[0.879s] -- Configuring done
[0.889s] -- Generating done
[0.893s] -- Build files have been written to: /home/wufy/learn_ros2/learn_ros2/chap_topic/build/demo_cpp_topic
[0.901s] Invoked command in '/home/wufy/learn_ros2/learn_ros2/chap_topic/build/demo_cpp_topic' returned '0': CMAKE_PREFIX_PATH=/opt/ros/humble /usr/bin/cmake /home/wufy/learn_ros2/learn_ros2/chap_topic/src/demo_cpp_topic -DCMAKE_INSTALL_PREFIX=/home/wufy/learn_ros2/learn_ros2/chap_topic/install/demo_cpp_topic
[0.903s] Invoking command in '/home/wufy/learn_ros2/learn_ros2/chap_topic/build/demo_cpp_topic': CMAKE_PREFIX_PATH=/opt/ros/humble /usr/bin/cmake --build /home/wufy/learn_ros2/learn_ros2/chap_topic/build/demo_cpp_topic -- -j16 -l16
[0.943s] [ 25%] [32mBuilding CXX object CMakeFiles/turtle_circle_node.dir/src/turtle_circle_node.cpp.o[0m
[0.945s] [ 50%] [32mBuilding CXX object CMakeFiles/turtle_control.dir/src/turtle_control.cpp.o[0m
[3.604s] [ 75%] [32m[1mLinking CXX executable turtle_circle_node[0m
[3.766s] [ 75%] Built target turtle_circle_node
[6.270s] [100%] [32m[1mLinking CXX executable turtle_control[0m
[6.526s] [100%] Built target turtle_control
[6.534s] Invoked command in '/home/wufy/learn_ros2/learn_ros2/chap_topic/build/demo_cpp_topic' returned '0': CMAKE_PREFIX_PATH=/opt/ros/humble /usr/bin/cmake --build /home/wufy/learn_ros2/learn_ros2/chap_topic/build/demo_cpp_topic -- -j16 -l16
[6.541s] Invoking command in '/home/wufy/learn_ros2/learn_ros2/chap_topic/build/demo_cpp_topic': CMAKE_PREFIX_PATH=/opt/ros/humble /usr/bin/cmake --install /home/wufy/learn_ros2/learn_ros2/chap_topic/build/demo_cpp_topic
[6.546s] -- Install configuration: ""
[6.546s] -- Installing: /home/wufy/learn_ros2/learn_ros2/chap_topic/install/demo_cpp_topic/lib/demo_cpp_topic/turtle_circle_node
[6.548s] -- Set runtime path of "/home/wufy/learn_ros2/learn_ros2/chap_topic/install/demo_cpp_topic/lib/demo_cpp_topic/turtle_circle_node" to ""
[6.548s] -- Installing: /home/wufy/learn_ros2/learn_ros2/chap_topic/install/demo_cpp_topic/lib/demo_cpp_topic/turtle_control
[6.552s] -- Set runtime path of "/home/wufy/learn_ros2/learn_ros2/chap_topic/install/demo_cpp_topic/lib/demo_cpp_topic/turtle_control" to ""
[6.552s] -- Installing: /home/wufy/learn_ros2/learn_ros2/chap_topic/install/demo_cpp_topic/share/ament_index/resource_index/package_run_dependencies/demo_cpp_topic
[6.552s] -- Installing: /home/wufy/learn_ros2/learn_ros2/chap_topic/install/demo_cpp_topic/share/ament_index/resource_index/parent_prefix_path/demo_cpp_topic
[6.552s] -- Installing: /home/wufy/learn_ros2/learn_ros2/chap_topic/install/demo_cpp_topic/share/demo_cpp_topic/environment/ament_prefix_path.sh
[6.553s] -- Installing: /home/wufy/learn_ros2/learn_ros2/chap_topic/install/demo_cpp_topic/share/demo_cpp_topic/environment/ament_prefix_path.dsv
[6.553s] -- Installing: /home/wufy/learn_ros2/learn_ros2/chap_topic/install/demo_cpp_topic/share/demo_cpp_topic/environment/path.sh
[6.553s] -- Installing: /home/wufy/learn_ros2/learn_ros2/chap_topic/install/demo_cpp_topic/share/demo_cpp_topic/environment/path.dsv
[6.553s] -- Installing: /home/wufy/learn_ros2/learn_ros2/chap_topic/install/demo_cpp_topic/share/demo_cpp_topic/local_setup.bash
[6.553s] -- Installing: /home/wufy/learn_ros2/learn_ros2/chap_topic/install/demo_cpp_topic/share/demo_cpp_topic/local_setup.sh
[6.553s] -- Installing: /home/wufy/learn_ros2/learn_ros2/chap_topic/install/demo_cpp_topic/share/demo_cpp_topic/local_setup.zsh
[6.553s] -- Installing: /home/wufy/learn_ros2/learn_ros2/chap_topic/install/demo_cpp_topic/share/demo_cpp_topic/local_setup.dsv
[6.553s] -- Installing: /home/wufy/learn_ros2/learn_ros2/chap_topic/install/demo_cpp_topic/share/demo_cpp_topic/package.dsv
[6.554s] -- Installing: /home/wufy/learn_ros2/learn_ros2/chap_topic/install/demo_cpp_topic/share/ament_index/resource_index/packages/demo_cpp_topic
[6.554s] -- Installing: /home/wufy/learn_ros2/learn_ros2/chap_topic/install/demo_cpp_topic/share/demo_cpp_topic/cmake/demo_cpp_topicConfig.cmake
[6.554s] -- Installing: /home/wufy/learn_ros2/learn_ros2/chap_topic/install/demo_cpp_topic/share/demo_cpp_topic/cmake/demo_cpp_topicConfig-version.cmake
[6.554s] -- Up-to-date: /home/wufy/learn_ros2/learn_ros2/chap_topic/install/demo_cpp_topic/share/demo_cpp_topic/package.xml
[6.556s] Invoked command in '/home/wufy/learn_ros2/learn_ros2/chap_topic/build/demo_cpp_topic' returned '0': CMAKE_PREFIX_PATH=/opt/ros/humble /usr/bin/cmake --install /home/wufy/learn_ros2/learn_ros2/chap_topic/build/demo_cpp_topic
