[0.515s] Invoking command in '/home/wufy/learn_ros2/learn_ros2/chap_topic/src/status_pulisher': PYTHONPATH=/home/wufy/learn_ros2/learn_ros2/chap_topic/build/status_pulisher/prefix_override:/usr/lib/python3/dist-packages/colcon_core/task/python/colcon_distutils_commands:/home/wufy/learn_ros2/learn_ros2/chap_topic/install/status_pulisher/lib/python3.10/site-packages:${PYTHONPATH} /usr/bin/python3 -W ignore:setup.py install is deprecated -W ignore:easy_install command is deprecated setup.py egg_info --egg-base ../../build/status_pulisher build --build-base /home/wufy/learn_ros2/learn_ros2/chap_topic/build/status_pulisher/build install --record /home/wufy/learn_ros2/learn_ros2/chap_topic/build/status_pulisher/install.log --single-version-externally-managed install_data
[0.644s] running egg_info
[0.645s] writing ../../build/status_pulisher/status_pulisher.egg-info/PKG-INFO
[0.645s] writing dependency_links to ../../build/status_pulisher/status_pulisher.egg-info/dependency_links.txt
[0.645s] writing entry points to ../../build/status_pulisher/status_pulisher.egg-info/entry_points.txt
[0.645s] writing requirements to ../../build/status_pulisher/status_pulisher.egg-info/requires.txt
[0.645s] writing top-level names to ../../build/status_pulisher/status_pulisher.egg-info/top_level.txt
[0.646s] reading manifest file '../../build/status_pulisher/status_pulisher.egg-info/SOURCES.txt'
[0.646s] adding license file 'LICENSE'
[0.647s] writing manifest file '../../build/status_pulisher/status_pulisher.egg-info/SOURCES.txt'
[0.647s] running build
[0.647s] running build_py
[0.647s] running install
[0.647s] running install_lib
[0.648s] running install_data
[0.648s] running install_egg_info
[0.649s] removing '/home/wufy/learn_ros2/learn_ros2/chap_topic/install/status_pulisher/lib/python3.10/site-packages/status_pulisher-0.0.0-py3.10.egg-info' (and everything under it)
[0.649s] Copying ../../build/status_pulisher/status_pulisher.egg-info to /home/wufy/learn_ros2/learn_ros2/chap_topic/install/status_pulisher/lib/python3.10/site-packages/status_pulisher-0.0.0-py3.10.egg-info
[0.650s] running install_scripts
[0.665s] Installing sys_status_publisher script to /home/wufy/learn_ros2/learn_ros2/chap_topic/install/status_pulisher/lib/status_pulisher
[0.666s] writing list of installed files to '/home/wufy/learn_ros2/learn_ros2/chap_topic/build/status_pulisher/install.log'
[0.692s] Invoked command in '/home/wufy/learn_ros2/learn_ros2/chap_topic/src/status_pulisher' returned '0': PYTHONPATH=/home/wufy/learn_ros2/learn_ros2/chap_topic/build/status_pulisher/prefix_override:/usr/lib/python3/dist-packages/colcon_core/task/python/colcon_distutils_commands:/home/wufy/learn_ros2/learn_ros2/chap_topic/install/status_pulisher/lib/python3.10/site-packages:${PYTHONPATH} /usr/bin/python3 -W ignore:setup.py install is deprecated -W ignore:easy_install command is deprecated setup.py egg_info --egg-base ../../build/status_pulisher build --build-base /home/wufy/learn_ros2/learn_ros2/chap_topic/build/status_pulisher/build install --record /home/wufy/learn_ros2/learn_ros2/chap_topic/build/status_pulisher/install.log --single-version-externally-managed install_data
