[0.008s] Invoking command in '/home/wufy/learn_ros2/learn_ros2/chap_topic/build/status_display': CMAKE_PREFIX_PATH=${CMAKE_PREFIX_PATH}:/home/wufy/learn_ros2/learn_ros2/chap_topic/install/status_pulisher:/home/wufy/learn_ros2/learn_ros2/chap_topic/install/demo_python_topic:/opt/ros/humble /usr/bin/cmake --build /home/wufy/learn_ros2/learn_ros2/chap_topic/build/status_display -- -j16 -l16
[0.048s] [ 50%] [32mBuilding CXX object CMakeFiles/hello_qt.dir/src/hello_qt.cpp.o[0m
[0.703s] [100%] [32m[1mLinking CXX executable hello_qt[0m
[0.933s] [100%] Built target hello_qt
[0.942s] Invoked command in '/home/wufy/learn_ros2/learn_ros2/chap_topic/build/status_display' returned '0': CMAKE_PREFIX_PATH=${CMAKE_PREFIX_PATH}:/home/wufy/learn_ros2/learn_ros2/chap_topic/install/status_pulisher:/home/wufy/learn_ros2/learn_ros2/chap_topic/install/demo_python_topic:/opt/ros/humble /usr/bin/cmake --build /home/wufy/learn_ros2/learn_ros2/chap_topic/build/status_display -- -j16 -l16
[0.944s] Invoking command in '/home/wufy/learn_ros2/learn_ros2/chap_topic/build/status_display': CMAKE_PREFIX_PATH=${CMAKE_PREFIX_PATH}:/home/wufy/learn_ros2/learn_ros2/chap_topic/install/status_pulisher:/home/wufy/learn_ros2/learn_ros2/chap_topic/install/demo_python_topic:/opt/ros/humble /usr/bin/cmake --install /home/wufy/learn_ros2/learn_ros2/chap_topic/build/status_display
[0.951s] -- Install configuration: ""
[0.951s] -- Installing: /home/wufy/learn_ros2/learn_ros2/chap_topic/install/status_display/lib/status_display/hello_qt
[0.951s] -- Installing: /home/wufy/learn_ros2/learn_ros2/chap_topic/install/status_display/share/ament_index/resource_index/package_run_dependencies/status_display
[0.951s] -- Installing: /home/wufy/learn_ros2/learn_ros2/chap_topic/install/status_display/share/ament_index/resource_index/parent_prefix_path/status_display
[0.951s] -- Installing: /home/wufy/learn_ros2/learn_ros2/chap_topic/install/status_display/share/status_display/environment/ament_prefix_path.sh
[0.952s] -- Installing: /home/wufy/learn_ros2/learn_ros2/chap_topic/install/status_display/share/status_display/environment/ament_prefix_path.dsv
[0.952s] -- Installing: /home/wufy/learn_ros2/learn_ros2/chap_topic/install/status_display/share/status_display/environment/path.sh
[0.952s] -- Installing: /home/wufy/learn_ros2/learn_ros2/chap_topic/install/status_display/share/status_display/environment/path.dsv
[0.952s] -- Installing: /home/wufy/learn_ros2/learn_ros2/chap_topic/install/status_display/share/status_display/local_setup.bash
[0.952s] -- Installing: /home/wufy/learn_ros2/learn_ros2/chap_topic/install/status_display/share/status_display/local_setup.sh
[0.952s] -- Installing: /home/wufy/learn_ros2/learn_ros2/chap_topic/install/status_display/share/status_display/local_setup.zsh
[0.952s] -- Installing: /home/wufy/learn_ros2/learn_ros2/chap_topic/install/status_display/share/status_display/local_setup.dsv
[0.952s] -- Up-to-date: /home/wufy/learn_ros2/learn_ros2/chap_topic/install/status_display/share/status_display/package.dsv
[0.952s] -- Installing: /home/wufy/learn_ros2/learn_ros2/chap_topic/install/status_display/share/ament_index/resource_index/packages/status_display
[0.952s] -- Installing: /home/wufy/learn_ros2/learn_ros2/chap_topic/install/status_display/share/status_display/cmake/status_displayConfig.cmake
[0.952s] -- Installing: /home/wufy/learn_ros2/learn_ros2/chap_topic/install/status_display/share/status_display/cmake/status_displayConfig-version.cmake
[0.952s] -- Installing: /home/wufy/learn_ros2/learn_ros2/chap_topic/install/status_display/share/status_display/package.xml
[0.954s] Invoked command in '/home/wufy/learn_ros2/learn_ros2/chap_topic/build/status_display' returned '0': CMAKE_PREFIX_PATH=${CMAKE_PREFIX_PATH}:/home/wufy/learn_ros2/learn_ros2/chap_topic/install/status_pulisher:/home/wufy/learn_ros2/learn_ros2/chap_topic/install/demo_python_topic:/opt/ros/humble /usr/bin/cmake --install /home/wufy/learn_ros2/learn_ros2/chap_topic/build/status_display
