[0.011s] Invoking command in '/home/wufy/learn_ros2/chap_node/build/demo_cpp_pkg': CMAKE_PREFIX_PATH=${CMAKE_PREFIX_PATH}:/home/wufy/learn_ros2/chap_node/install/demo_python_pkg:/opt/ros/humble /usr/bin/cmake --build /home/wufy/learn_ros2/chap_node/build/demo_cpp_pkg -- -j16 -l16
[0.047s] [35m[1mConsolidate compiler generated dependencies of target learn_lambda[0m
[0.057s] [ 50%] Built target person_node
[0.057s] [ 50%] [32mBuilding CXX object CMakeFiles/learn_lambda.dir/src/learn_lambda.cpp.o[0m
[0.057s] [ 83%] Built target demo_cpp_node
[0.353s] [100%] [32m[1mLinking CXX executable learn_lambda[0m
[0.430s] [100%] Built target learn_lambda
[0.441s] Invoked command in '/home/wufy/learn_ros2/chap_node/build/demo_cpp_pkg' returned '0': CMAKE_PREFIX_PATH=${CMAKE_PREFIX_PATH}:/home/wufy/learn_ros2/chap_node/install/demo_python_pkg:/opt/ros/humble /usr/bin/cmake --build /home/wufy/learn_ros2/chap_node/build/demo_cpp_pkg -- -j16 -l16
[0.451s] Invoking command in '/home/wufy/learn_ros2/chap_node/build/demo_cpp_pkg': CMAKE_PREFIX_PATH=${CMAKE_PREFIX_PATH}:/home/wufy/learn_ros2/chap_node/install/demo_python_pkg:/opt/ros/humble /usr/bin/cmake --install /home/wufy/learn_ros2/chap_node/build/demo_cpp_pkg
[0.458s] -- Install configuration: ""
[0.458s] -- Up-to-date: /home/wufy/learn_ros2/chap_node/install/demo_cpp_pkg/lib/demo_cpp_pkg/demo_cpp_node
[0.458s] -- Up-to-date: /home/wufy/learn_ros2/chap_node/install/demo_cpp_pkg/lib/demo_cpp_pkg/person_node
[0.458s] -- Installing: /home/wufy/learn_ros2/chap_node/install/demo_cpp_pkg/lib/demo_cpp_pkg/learn_lambda
[0.459s] -- Set runtime path of "/home/wufy/learn_ros2/chap_node/install/demo_cpp_pkg/lib/demo_cpp_pkg/learn_lambda" to ""
[0.459s] -- Up-to-date: /home/wufy/learn_ros2/chap_node/install/demo_cpp_pkg/share/ament_index/resource_index/package_run_dependencies/demo_cpp_pkg
[0.459s] -- Up-to-date: /home/wufy/learn_ros2/chap_node/install/demo_cpp_pkg/share/ament_index/resource_index/parent_prefix_path/demo_cpp_pkg
[0.459s] -- Up-to-date: /home/wufy/learn_ros2/chap_node/install/demo_cpp_pkg/share/demo_cpp_pkg/environment/ament_prefix_path.sh
[0.459s] -- Up-to-date: /home/wufy/learn_ros2/chap_node/install/demo_cpp_pkg/share/demo_cpp_pkg/environment/ament_prefix_path.dsv
[0.459s] -- Up-to-date: /home/wufy/learn_ros2/chap_node/install/demo_cpp_pkg/share/demo_cpp_pkg/environment/path.sh
[0.459s] -- Up-to-date: /home/wufy/learn_ros2/chap_node/install/demo_cpp_pkg/share/demo_cpp_pkg/environment/path.dsv
[0.459s] -- Up-to-date: /home/wufy/learn_ros2/chap_node/install/demo_cpp_pkg/share/demo_cpp_pkg/local_setup.bash
[0.459s] -- Up-to-date: /home/wufy/learn_ros2/chap_node/install/demo_cpp_pkg/share/demo_cpp_pkg/local_setup.sh
[0.459s] -- Up-to-date: /home/wufy/learn_ros2/chap_node/install/demo_cpp_pkg/share/demo_cpp_pkg/local_setup.zsh
[0.459s] -- Up-to-date: /home/wufy/learn_ros2/chap_node/install/demo_cpp_pkg/share/demo_cpp_pkg/local_setup.dsv
[0.459s] -- Installing: /home/wufy/learn_ros2/chap_node/install/demo_cpp_pkg/share/demo_cpp_pkg/package.dsv
[0.459s] -- Up-to-date: /home/wufy/learn_ros2/chap_node/install/demo_cpp_pkg/share/ament_index/resource_index/packages/demo_cpp_pkg
[0.459s] -- Up-to-date: /home/wufy/learn_ros2/chap_node/install/demo_cpp_pkg/share/demo_cpp_pkg/cmake/demo_cpp_pkgConfig.cmake
[0.459s] -- Up-to-date: /home/wufy/learn_ros2/chap_node/install/demo_cpp_pkg/share/demo_cpp_pkg/cmake/demo_cpp_pkgConfig-version.cmake
[0.459s] -- Up-to-date: /home/wufy/learn_ros2/chap_node/install/demo_cpp_pkg/share/demo_cpp_pkg/package.xml
[0.462s] Invoked command in '/home/wufy/learn_ros2/chap_node/build/demo_cpp_pkg' returned '0': CMAKE_PREFIX_PATH=${CMAKE_PREFIX_PATH}:/home/wufy/learn_ros2/chap_node/install/demo_python_pkg:/opt/ros/humble /usr/bin/cmake --install /home/wufy/learn_ros2/chap_node/build/demo_cpp_pkg
